{"/Users/capt.jacksparrow/Documents/Academics/DLSU/AY2324/Term1/SWENG/CSSWENG-S11-G1/app.js": {"path":"/Users/capt.jacksparrow/Documents/Academics/DLSU/AY2324/Term1/SWENG/CSSWENG-S11-G1/app.js","statementMap":{"0":{"start":{"line":1,"column":13},"end":{"line":1,"column":28}},"1":{"start":{"line":2,"column":0},"end":{"line":2,"column":70}},"2":{"start":{"line":4,"column":16},"end":{"line":4,"column":34}},"3":{"start":{"line":5,"column":17},"end":{"line":5,"column":36}},"4":{"start":{"line":6,"column":19},"end":{"line":6,"column":41}},"5":{"start":{"line":7,"column":15},"end":{"line":7,"column":44}},"6":{"start":{"line":8,"column":12},"end":{"line":8,"column":33}},"7":{"start":{"line":10,"column":12},"end":{"line":10,"column":21}},"8":{"start":{"line":13,"column":0},"end":{"line":13,"column":34}},"9":{"start":{"line":14,"column":0},"end":{"line":14,"column":24}},"10":{"start":{"line":15,"column":0},"end":{"line":15,"column":36}},"11":{"start":{"line":16,"column":0},"end":{"line":48,"column":4}},"12":{"start":{"line":19,"column":12},"end":{"line":19,"column":39}},"13":{"start":{"line":22,"column":12},"end":{"line":22,"column":66}},"14":{"start":{"line":25,"column":12},"end":{"line":25,"column":50}},"15":{"start":{"line":28,"column":12},"end":{"line":28,"column":43}},"16":{"start":{"line":31,"column":28},"end":{"line":31,"column":59}},"17":{"start":{"line":32,"column":27},"end":{"line":32,"column":39}},"18":{"start":{"line":33,"column":22},"end":{"line":33,"column":27}},"19":{"start":{"line":34,"column":12},"end":{"line":39,"column":13}},"20":{"start":{"line":34,"column":24},"end":{"line":34,"column":25}},"21":{"start":{"line":35,"column":16},"end":{"line":38,"column":17}},"22":{"start":{"line":36,"column":20},"end":{"line":36,"column":31}},"23":{"start":{"line":37,"column":20},"end":{"line":37,"column":26}},"24":{"start":{"line":40,"column":12},"end":{"line":45,"column":13}},"25":{"start":{"line":41,"column":16},"end":{"line":41,"column":40}},"26":{"start":{"line":44,"column":16},"end":{"line":44,"column":45}},"27":{"start":{"line":49,"column":0},"end":{"line":49,"column":30}},"28":{"start":{"line":50,"column":0},"end":{"line":50,"column":35}},"29":{"start":{"line":52,"column":0},"end":{"line":52,"column":49}},"30":{"start":{"line":54,"column":0},"end":{"line":54,"column":21}}},"fnMap":{"0":{"name":"(anonymous_0)","decl":{"start":{"line":18,"column":13},"end":{"line":18,"column":14}},"loc":{"start":{"line":18,"column":30},"end":{"line":20,"column":9}},"line":18},"1":{"name":"(anonymous_1)","decl":{"start":{"line":21,"column":13},"end":{"line":21,"column":14}},"loc":{"start":{"line":21,"column":30},"end":{"line":23,"column":9}},"line":21},"2":{"name":"(anonymous_2)","decl":{"start":{"line":24,"column":16},"end":{"line":24,"column":17}},"loc":{"start":{"line":24,"column":33},"end":{"line":26,"column":9}},"line":24},"3":{"name":"(anonymous_3)","decl":{"start":{"line":27,"column":14},"end":{"line":27,"column":15}},"loc":{"start":{"line":27,"column":31},"end":{"line":29,"column":9}},"line":27},"4":{"name":"(anonymous_4)","decl":{"start":{"line":30,"column":18},"end":{"line":30,"column":19}},"loc":{"start":{"line":30,"column":30},"end":{"line":46,"column":9}},"line":30}},"branchMap":{"0":{"loc":{"start":{"line":35,"column":16},"end":{"line":38,"column":17}},"type":"if","locations":[{"start":{"line":35,"column":16},"end":{"line":38,"column":17}},{"start":{},"end":{}}],"line":35},"1":{"loc":{"start":{"line":40,"column":12},"end":{"line":45,"column":13}},"type":"if","locations":[{"start":{"line":40,"column":12},"end":{"line":45,"column":13}},{"start":{"line":43,"column":17},"end":{"line":45,"column":13}}],"line":40}},"s":{"0":1,"1":1,"2":1,"3":1,"4":1,"5":1,"6":1,"7":1,"8":1,"9":1,"10":1,"11":1,"12":0,"13":0,"14":0,"15":0,"16":0,"17":0,"18":0,"19":0,"20":0,"21":0,"22":0,"23":0,"24":0,"25":0,"26":0,"27":1,"28":1,"29":1,"30":1},"f":{"0":0,"1":0,"2":0,"3":0,"4":0},"b":{"0":[0,0],"1":[0,0]},"_coverageSchema":"1a1c01bbd47fc00a2c39e90264f33305004495a9","hash":"1a86c8eaccb24cf3eca139738ca669ebbfd975b3"}
,"/Users/capt.jacksparrow/Documents/Academics/DLSU/AY2324/Term1/SWENG/CSSWENG-S11-G1/server/config/db.js": {"path":"/Users/capt.jacksparrow/Documents/Academics/DLSU/AY2324/Term1/SWENG/CSSWENG-S11-G1/server/config/db.js","statementMap":{"0":{"start":{"line":1,"column":17},"end":{"line":1,"column":36}},"1":{"start":{"line":5,"column":16},"end":{"line":8,"column":1}},"2":{"start":{"line":10,"column":17},"end":{"line":132,"column":1}},"3":{"start":{"line":17,"column":8},"end":{"line":17,"column":59}},"4":{"start":{"line":18,"column":8},"end":{"line":18,"column":35}},"5":{"start":{"line":19,"column":8},"end":{"line":19,"column":69}},"6":{"start":{"line":20,"column":8},"end":{"line":20,"column":25}},"7":{"start":{"line":23,"column":8},"end":{"line":23,"column":64}},"8":{"start":{"line":24,"column":8},"end":{"line":24,"column":35}},"9":{"start":{"line":25,"column":8},"end":{"line":25,"column":74}},"10":{"start":{"line":26,"column":8},"end":{"line":26,"column":25}},"11":{"start":{"line":32,"column":28},"end":{"line":32,"column":62}},"12":{"start":{"line":33,"column":8},"end":{"line":49,"column":9}},"13":{"start":{"line":34,"column":29},"end":{"line":34,"column":66}},"14":{"start":{"line":35,"column":10},"end":{"line":48,"column":11}},"15":{"start":{"line":36,"column":12},"end":{"line":36,"column":36}},"16":{"start":{"line":40,"column":12},"end":{"line":40,"column":57}},"17":{"start":{"line":40,"column":50},"end":{"line":40,"column":57}},"18":{"start":{"line":44,"column":12},"end":{"line":45,"column":21}},"19":{"start":{"line":45,"column":14},"end":{"line":45,"column":21}},"20":{"start":{"line":47,"column":12},"end":{"line":47,"column":39}},"21":{"start":{"line":53,"column":28},"end":{"line":53,"column":62}},"22":{"start":{"line":54,"column":8},"end":{"line":57,"column":9}},"23":{"start":{"line":55,"column":29},"end":{"line":55,"column":66}},"24":{"start":{"line":56,"column":10},"end":{"line":56,"column":40}},"25":{"start":{"line":64,"column":8},"end":{"line":64,"column":39}},"26":{"start":{"line":71,"column":8},"end":{"line":71,"column":44}},"27":{"start":{"line":81,"column":8},"end":{"line":81,"column":54}},"28":{"start":{"line":91,"column":8},"end":{"line":91,"column":51}},"29":{"start":{"line":100,"column":8},"end":{"line":100,"column":53}},"30":{"start":{"line":109,"column":8},"end":{"line":109,"column":54}},"31":{"start":{"line":117,"column":8},"end":{"line":117,"column":49}},"32":{"start":{"line":125,"column":8},"end":{"line":125,"column":50}},"33":{"start":{"line":129,"column":8},"end":{"line":129,"column":62}},"34":{"start":{"line":138,"column":0},"end":{"line":138,"column":26}}},"fnMap":{"0":{"name":"(anonymous_0)","decl":{"start":{"line":16,"column":13},"end":{"line":16,"column":14}},"loc":{"start":{"line":16,"column":25},"end":{"line":21,"column":5}},"line":16},"1":{"name":"(anonymous_1)","decl":{"start":{"line":22,"column":17},"end":{"line":22,"column":18}},"loc":{"start":{"line":22,"column":29},"end":{"line":27,"column":5}},"line":22},"2":{"name":"(anonymous_2)","decl":{"start":{"line":29,"column":24},"end":{"line":29,"column":25}},"loc":{"start":{"line":29,"column":41},"end":{"line":50,"column":5}},"line":29},"3":{"name":"(anonymous_3)","decl":{"start":{"line":51,"column":26},"end":{"line":51,"column":27}},"loc":{"start":{"line":51,"column":44},"end":{"line":59,"column":5}},"line":51},"4":{"name":"(anonymous_4)","decl":{"start":{"line":63,"column":15},"end":{"line":63,"column":16}},"loc":{"start":{"line":63,"column":43},"end":{"line":65,"column":5}},"line":63},"5":{"name":"(anonymous_5)","decl":{"start":{"line":70,"column":16},"end":{"line":70,"column":17}},"loc":{"start":{"line":70,"column":45},"end":{"line":72,"column":5}},"line":70},"6":{"name":"(anonymous_6)","decl":{"start":{"line":80,"column":13},"end":{"line":80,"column":14}},"loc":{"start":{"line":80,"column":55},"end":{"line":82,"column":5}},"line":80},"7":{"name":"(anonymous_7)","decl":{"start":{"line":90,"column":14},"end":{"line":90,"column":15}},"loc":{"start":{"line":90,"column":56},"end":{"line":92,"column":5}},"line":90},"8":{"name":"(anonymous_8)","decl":{"start":{"line":99,"column":15},"end":{"line":99,"column":16}},"loc":{"start":{"line":99,"column":54},"end":{"line":101,"column":5}},"line":99},"9":{"name":"(anonymous_9)","decl":{"start":{"line":108,"column":16},"end":{"line":108,"column":17}},"loc":{"start":{"line":108,"column":55},"end":{"line":110,"column":5}},"line":108},"10":{"name":"(anonymous_10)","decl":{"start":{"line":116,"column":15},"end":{"line":116,"column":16}},"loc":{"start":{"line":116,"column":50},"end":{"line":118,"column":5}},"line":116},"11":{"name":"(anonymous_11)","decl":{"start":{"line":124,"column":16},"end":{"line":124,"column":17}},"loc":{"start":{"line":124,"column":51},"end":{"line":126,"column":5}},"line":124},"12":{"name":"(anonymous_12)","decl":{"start":{"line":128,"column":10},"end":{"line":128,"column":11}},"loc":{"start":{"line":128,"column":58},"end":{"line":130,"column":5}},"line":128}},"branchMap":{"0":{"loc":{"start":{"line":40,"column":12},"end":{"line":40,"column":57}},"type":"if","locations":[{"start":{"line":40,"column":12},"end":{"line":40,"column":57}},{"start":{},"end":{}}],"line":40},"1":{"loc":{"start":{"line":44,"column":12},"end":{"line":45,"column":21}},"type":"if","locations":[{"start":{"line":44,"column":12},"end":{"line":45,"column":21}},{"start":{},"end":{}}],"line":44}},"s":{"0":1,"1":1,"2":1,"3":0,"4":0,"5":0,"6":0,"7":1,"8":1,"9":1,"10":1,"11":1,"12":1,"13":6,"14":6,"15":6,"16":0,"17":0,"18":0,"19":0,"20":0,"21":18,"22":18,"23":108,"24":108,"25":0,"26":0,"27":16,"28":1,"29":0,"30":0,"31":0,"32":0,"33":0,"34":1},"f":{"0":0,"1":1,"2":1,"3":18,"4":0,"5":0,"6":16,"7":1,"8":0,"9":0,"10":0,"11":0,"12":0},"b":{"0":[0,0],"1":[0,0]},"_coverageSchema":"1a1c01bbd47fc00a2c39e90264f33305004495a9","hash":"bd8ca7e3755c4d6247c4d5815ca5130574a78304"}
,"/Users/capt.jacksparrow/Documents/Academics/DLSU/AY2324/Term1/SWENG/CSSWENG-S11-G1/server/config/gfs.js": {"path":"/Users/capt.jacksparrow/Documents/Academics/DLSU/AY2324/Term1/SWENG/CSSWENG-S11-G1/server/config/gfs.js","statementMap":{"0":{"start":{"line":1,"column":11},"end":{"line":1,"column":35}},"1":{"start":{"line":2,"column":17},"end":{"line":2,"column":36}},"2":{"start":{"line":4,"column":13},"end":{"line":48,"column":1}},"3":{"start":{"line":8,"column":8},"end":{"line":18,"column":11}},"4":{"start":{"line":11,"column":12},"end":{"line":13,"column":15}},"5":{"start":{"line":15,"column":12},"end":{"line":15,"column":51}},"6":{"start":{"line":16,"column":12},"end":{"line":16,"column":39}},"7":{"start":{"line":17,"column":12},"end":{"line":17,"column":55}},"8":{"start":{"line":26,"column":8},"end":{"line":26,"column":46}},"9":{"start":{"line":30,"column":8},"end":{"line":30,"column":47}},"10":{"start":{"line":33,"column":24},"end":{"line":33,"column":44}},"11":{"start":{"line":34,"column":20},"end":{"line":34,"column":22}},"12":{"start":{"line":35,"column":8},"end":{"line":38,"column":9}},"13":{"start":{"line":36,"column":12},"end":{"line":36,"column":37}},"14":{"start":{"line":37,"column":12},"end":{"line":37,"column":39}},"15":{"start":{"line":42,"column":8},"end":{"line":42,"column":40}},"16":{"start":{"line":46,"column":8},"end":{"line":46,"column":59}},"17":{"start":{"line":50,"column":0},"end":{"line":50,"column":22}}},"fnMap":{"0":{"name":"(anonymous_0)","decl":{"start":{"line":5,"column":13},"end":{"line":5,"column":14}},"loc":{"start":{"line":5,"column":35},"end":{"line":19,"column":5}},"line":5},"1":{"name":"(anonymous_1)","decl":{"start":{"line":8,"column":32},"end":{"line":8,"column":33}},"loc":{"start":{"line":8,"column":38},"end":{"line":18,"column":9}},"line":8},"2":{"name":"(anonymous_2)","decl":{"start":{"line":25,"column":13},"end":{"line":25,"column":14}},"loc":{"start":{"line":25,"column":36},"end":{"line":27,"column":5}},"line":25},"3":{"name":"(anonymous_3)","decl":{"start":{"line":29,"column":12},"end":{"line":29,"column":13}},"loc":{"start":{"line":29,"column":35},"end":{"line":31,"column":5}},"line":29},"4":{"name":"(anonymous_4)","decl":{"start":{"line":32,"column":17},"end":{"line":32,"column":18}},"loc":{"start":{"line":32,"column":40},"end":{"line":40,"column":5}},"line":32},"5":{"name":"(anonymous_5)","decl":{"start":{"line":41,"column":16},"end":{"line":41,"column":17}},"loc":{"start":{"line":41,"column":34},"end":{"line":43,"column":5}},"line":41},"6":{"name":"(anonymous_6)","decl":{"start":{"line":45,"column":22},"end":{"line":45,"column":23}},"loc":{"start":{"line":45,"column":45},"end":{"line":47,"column":5}},"line":45}},"branchMap":{},"s":{"0":1,"1":1,"2":1,"3":1,"4":1,"5":1,"6":1,"7":1,"8":11,"9":0,"10":18,"11":18,"12":18,"13":0,"14":0,"15":1,"16":0,"17":1},"f":{"0":1,"1":1,"2":11,"3":0,"4":18,"5":1,"6":0},"b":{},"_coverageSchema":"1a1c01bbd47fc00a2c39e90264f33305004495a9","hash":"91dde1529d0e12adb7e804f8fe7f8103c273c76c"}
,"/Users/capt.jacksparrow/Documents/Academics/DLSU/AY2324/Term1/SWENG/CSSWENG-S11-G1/server/controller/child_controller.js": {"path":"/Users/capt.jacksparrow/Documents/Academics/DLSU/AY2324/Term1/SWENG/CSSWENG-S11-G1/server/controller/child_controller.js","statementMap":{"0":{"start":{"line":1,"column":14},"end":{"line":1,"column":43}},"1":{"start":{"line":2,"column":15},"end":{"line":2,"column":32}},"2":{"start":{"line":3,"column":17},"end":{"line":3,"column":36}},"3":{"start":{"line":7,"column":12},"end":{"line":142,"column":1}},"4":{"start":{"line":9,"column":8},"end":{"line":24,"column":9}},"5":{"start":{"line":10,"column":25},"end":{"line":10,"column":82}},"6":{"start":{"line":11,"column":12},"end":{"line":20,"column":13}},"7":{"start":{"line":12,"column":16},"end":{"line":12,"column":32}},"8":{"start":{"line":13,"column":16},"end":{"line":13,"column":26}},"9":{"start":{"line":16,"column":16},"end":{"line":16,"column":60}},"10":{"start":{"line":17,"column":16},"end":{"line":17,"column":70}},"11":{"start":{"line":18,"column":16},"end":{"line":18,"column":32}},"12":{"start":{"line":19,"column":16},"end":{"line":19,"column":33}},"13":{"start":{"line":22,"column":12},"end":{"line":22,"column":28}},"14":{"start":{"line":23,"column":12},"end":{"line":23,"column":22}},"15":{"start":{"line":27,"column":8},"end":{"line":38,"column":9}},"16":{"start":{"line":28,"column":25},"end":{"line":28,"column":72}},"17":{"start":{"line":29,"column":12},"end":{"line":35,"column":13}},"18":{"start":{"line":30,"column":16},"end":{"line":30,"column":28}},"19":{"start":{"line":32,"column":16},"end":{"line":32,"column":60}},"20":{"start":{"line":33,"column":16},"end":{"line":33,"column":70}},"21":{"start":{"line":34,"column":16},"end":{"line":34,"column":30}},"22":{"start":{"line":37,"column":12},"end":{"line":37,"column":24}},"23":{"start":{"line":41,"column":23},"end":{"line":41,"column":126}},"24":{"start":{"line":42,"column":8},"end":{"line":44,"column":11}},"25":{"start":{"line":43,"column":12},"end":{"line":43,"column":67}},"26":{"start":{"line":45,"column":8},"end":{"line":45,"column":22}},"27":{"start":{"line":48,"column":23},"end":{"line":48,"column":71}},"28":{"start":{"line":49,"column":8},"end":{"line":51,"column":11}},"29":{"start":{"line":50,"column":12},"end":{"line":50,"column":67}},"30":{"start":{"line":52,"column":8},"end":{"line":52,"column":22}},"31":{"start":{"line":55,"column":20},"end":{"line":55,"column":49}},"32":{"start":{"line":57,"column":23},"end":{"line":57,"column":201}},"33":{"start":{"line":59,"column":8},"end":{"line":65,"column":9}},"34":{"start":{"line":60,"column":12},"end":{"line":60,"column":28}},"35":{"start":{"line":61,"column":12},"end":{"line":61,"column":22}},"36":{"start":{"line":63,"column":12},"end":{"line":63,"column":28}},"37":{"start":{"line":64,"column":12},"end":{"line":64,"column":28}},"38":{"start":{"line":69,"column":8},"end":{"line":99,"column":9}},"39":{"start":{"line":70,"column":31},"end":{"line":70,"column":72}},"40":{"start":{"line":71,"column":12},"end":{"line":95,"column":13}},"41":{"start":{"line":72,"column":16},"end":{"line":72,"column":32}},"42":{"start":{"line":73,"column":16},"end":{"line":73,"column":26}},"43":{"start":{"line":75,"column":16},"end":{"line":75,"column":55}},"44":{"start":{"line":78,"column":16},"end":{"line":81,"column":230}},"45":{"start":{"line":79,"column":20},"end":{"line":79,"column":200}},"46":{"start":{"line":81,"column":20},"end":{"line":81,"column":230}},"47":{"start":{"line":83,"column":16},"end":{"line":83,"column":35}},"48":{"start":{"line":84,"column":16},"end":{"line":94,"column":17}},"49":{"start":{"line":85,"column":20},"end":{"line":85,"column":36}},"50":{"start":{"line":86,"column":20},"end":{"line":86,"column":30}},"51":{"start":{"line":88,"column":20},"end":{"line":93,"column":46}},"52":{"start":{"line":89,"column":24},"end":{"line":89,"column":52}},"53":{"start":{"line":90,"column":24},"end":{"line":90,"column":31}},"54":{"start":{"line":93,"column":24},"end":{"line":93,"column":46}},"55":{"start":{"line":97,"column":12},"end":{"line":97,"column":28}},"56":{"start":{"line":98,"column":12},"end":{"line":98,"column":22}},"57":{"start":{"line":103,"column":8},"end":{"line":115,"column":9}},"58":{"start":{"line":104,"column":26},"end":{"line":104,"column":95}},"59":{"start":{"line":105,"column":12},"end":{"line":105,"column":87}},"60":{"start":{"line":106,"column":12},"end":{"line":111,"column":13}},"61":{"start":{"line":107,"column":16},"end":{"line":107,"column":32}},"62":{"start":{"line":108,"column":16},"end":{"line":108,"column":26}},"63":{"start":{"line":110,"column":16},"end":{"line":110,"column":43}},"64":{"start":{"line":113,"column":12},"end":{"line":113,"column":28}},"65":{"start":{"line":114,"column":12},"end":{"line":114,"column":22}},"66":{"start":{"line":120,"column":8},"end":{"line":140,"column":9}},"67":{"start":{"line":121,"column":31},"end":{"line":121,"column":72}},"68":{"start":{"line":122,"column":12},"end":{"line":136,"column":13}},"69":{"start":{"line":123,"column":16},"end":{"line":123,"column":32}},"70":{"start":{"line":124,"column":16},"end":{"line":124,"column":26}},"71":{"start":{"line":127,"column":16},"end":{"line":127,"column":55}},"72":{"start":{"line":128,"column":31},"end":{"line":128,"column":74}},"73":{"start":{"line":129,"column":16},"end":{"line":135,"column":17}},"74":{"start":{"line":130,"column":20},"end":{"line":130,"column":36}},"75":{"start":{"line":131,"column":20},"end":{"line":131,"column":30}},"76":{"start":{"line":134,"column":20},"end":{"line":134,"column":27}},"77":{"start":{"line":138,"column":12},"end":{"line":138,"column":28}},"78":{"start":{"line":139,"column":12},"end":{"line":139,"column":22}},"79":{"start":{"line":144,"column":0},"end":{"line":144,"column":21}}},"fnMap":{"0":{"name":"(anonymous_0)","decl":{"start":{"line":8,"column":14},"end":{"line":8,"column":15}},"loc":{"start":{"line":8,"column":40},"end":{"line":25,"column":5}},"line":8},"1":{"name":"(anonymous_1)","decl":{"start":{"line":26,"column":18},"end":{"line":26,"column":19}},"loc":{"start":{"line":26,"column":38},"end":{"line":39,"column":5}},"line":26},"2":{"name":"(anonymous_2)","decl":{"start":{"line":40,"column":23},"end":{"line":40,"column":24}},"loc":{"start":{"line":40,"column":52},"end":{"line":46,"column":5}},"line":40},"3":{"name":"(anonymous_3)","decl":{"start":{"line":42,"column":23},"end":{"line":42,"column":24}},"loc":{"start":{"line":42,"column":34},"end":{"line":44,"column":9}},"line":42},"4":{"name":"(anonymous_4)","decl":{"start":{"line":47,"column":20},"end":{"line":47,"column":21}},"loc":{"start":{"line":47,"column":38},"end":{"line":53,"column":5}},"line":47},"5":{"name":"(anonymous_5)","decl":{"start":{"line":49,"column":23},"end":{"line":49,"column":24}},"loc":{"start":{"line":49,"column":34},"end":{"line":51,"column":9}},"line":49},"6":{"name":"(anonymous_6)","decl":{"start":{"line":54,"column":14},"end":{"line":54,"column":15}},"loc":{"start":{"line":54,"column":40},"end":{"line":66,"column":5}},"line":54},"7":{"name":"(anonymous_7)","decl":{"start":{"line":68,"column":17},"end":{"line":68,"column":18}},"loc":{"start":{"line":68,"column":49},"end":{"line":100,"column":5}},"line":68},"8":{"name":"(anonymous_8)","decl":{"start":{"line":102,"column":19},"end":{"line":102,"column":20}},"loc":{"start":{"line":102,"column":45},"end":{"line":117,"column":5}},"line":102},"9":{"name":"(anonymous_9)","decl":{"start":{"line":119,"column":17},"end":{"line":119,"column":18}},"loc":{"start":{"line":119,"column":49},"end":{"line":141,"column":5}},"line":119}},"branchMap":{"0":{"loc":{"start":{"line":9,"column":8},"end":{"line":24,"column":9}},"type":"if","locations":[{"start":{"line":9,"column":8},"end":{"line":24,"column":9}},{"start":{"line":21,"column":15},"end":{"line":24,"column":9}}],"line":9},"1":{"loc":{"start":{"line":11,"column":12},"end":{"line":20,"column":13}},"type":"if","locations":[{"start":{"line":11,"column":12},"end":{"line":20,"column":13}},{"start":{"line":15,"column":17},"end":{"line":20,"column":13}}],"line":11},"2":{"loc":{"start":{"line":27,"column":8},"end":{"line":38,"column":9}},"type":"if","locations":[{"start":{"line":27,"column":8},"end":{"line":38,"column":9}},{"start":{"line":36,"column":15},"end":{"line":38,"column":9}}],"line":27},"3":{"loc":{"start":{"line":29,"column":12},"end":{"line":35,"column":13}},"type":"if","locations":[{"start":{"line":29,"column":12},"end":{"line":35,"column":13}},{"start":{"line":31,"column":17},"end":{"line":35,"column":13}}],"line":29},"4":{"loc":{"start":{"line":59,"column":8},"end":{"line":65,"column":9}},"type":"if","locations":[{"start":{"line":59,"column":8},"end":{"line":65,"column":9}},{"start":{"line":62,"column":15},"end":{"line":65,"column":9}}],"line":59},"5":{"loc":{"start":{"line":69,"column":8},"end":{"line":99,"column":9}},"type":"if","locations":[{"start":{"line":69,"column":8},"end":{"line":99,"column":9}},{"start":{"line":96,"column":15},"end":{"line":99,"column":9}}],"line":69},"6":{"loc":{"start":{"line":71,"column":12},"end":{"line":95,"column":13}},"type":"if","locations":[{"start":{"line":71,"column":12},"end":{"line":95,"column":13}},{"start":{"line":74,"column":19},"end":{"line":95,"column":13}}],"line":71},"7":{"loc":{"start":{"line":78,"column":16},"end":{"line":81,"column":230}},"type":"if","locations":[{"start":{"line":78,"column":16},"end":{"line":81,"column":230}},{"start":{"line":81,"column":20},"end":{"line":81,"column":230}}],"line":78},"8":{"loc":{"start":{"line":84,"column":16},"end":{"line":94,"column":17}},"type":"if","locations":[{"start":{"line":84,"column":16},"end":{"line":94,"column":17}},{"start":{"line":87,"column":23},"end":{"line":94,"column":17}}],"line":84},"9":{"loc":{"start":{"line":88,"column":20},"end":{"line":93,"column":46}},"type":"if","locations":[{"start":{"line":88,"column":20},"end":{"line":93,"column":46}},{"start":{"line":93,"column":24},"end":{"line":93,"column":46}}],"line":88},"10":{"loc":{"start":{"line":103,"column":8},"end":{"line":115,"column":9}},"type":"if","locations":[{"start":{"line":103,"column":8},"end":{"line":115,"column":9}},{"start":{"line":112,"column":15},"end":{"line":115,"column":9}}],"line":103},"11":{"loc":{"start":{"line":106,"column":12},"end":{"line":111,"column":13}},"type":"if","locations":[{"start":{"line":106,"column":12},"end":{"line":111,"column":13}},{"start":{"line":109,"column":19},"end":{"line":111,"column":13}}],"line":106},"12":{"loc":{"start":{"line":120,"column":8},"end":{"line":140,"column":9}},"type":"if","locations":[{"start":{"line":120,"column":8},"end":{"line":140,"column":9}},{"start":{"line":137,"column":15},"end":{"line":140,"column":9}}],"line":120},"13":{"loc":{"start":{"line":122,"column":12},"end":{"line":136,"column":13}},"type":"if","locations":[{"start":{"line":122,"column":12},"end":{"line":136,"column":13}},{"start":{"line":126,"column":17},"end":{"line":136,"column":13}}],"line":122},"14":{"loc":{"start":{"line":129,"column":16},"end":{"line":135,"column":17}},"type":"if","locations":[{"start":{"line":129,"column":16},"end":{"line":135,"column":17}},{"start":{"line":133,"column":21},"end":{"line":135,"column":17}}],"line":129}},"s":{"0":1,"1":1,"2":1,"3":1,"4":0,"5":0,"6":0,"7":0,"8":0,"9":0,"10":0,"11":0,"12":0,"13":0,"14":0,"15":0,"16":0,"17":0,"18":0,"19":0,"20":0,"21":0,"22":0,"23":0,"24":0,"25":0,"26":0,"27":0,"28":0,"29":0,"30":0,"31":3,"32":3,"33":3,"34":0,"35":0,"36":3,"37":3,"38":1,"39":1,"40":1,"41":0,"42":0,"43":1,"44":1,"45":0,"46":1,"47":1,"48":1,"49":0,"50":0,"51":1,"52":1,"53":1,"54":0,"55":0,"56":0,"57":0,"58":0,"59":0,"60":0,"61":0,"62":0,"63":0,"64":0,"65":0,"66":1,"67":1,"68":1,"69":0,"70":0,"71":1,"72":1,"73":1,"74":0,"75":0,"76":1,"77":0,"78":0,"79":1},"f":{"0":0,"1":0,"2":0,"3":0,"4":0,"5":0,"6":3,"7":1,"8":0,"9":1},"b":{"0":[0,0],"1":[0,0],"2":[0,0],"3":[0,0],"4":[0,3],"5":[1,0],"6":[0,1],"7":[0,1],"8":[0,1],"9":[1,0],"10":[0,0],"11":[0,0],"12":[1,0],"13":[0,1],"14":[0,1]},"_coverageSchema":"1a1c01bbd47fc00a2c39e90264f33305004495a9","hash":"43634268a430e11da5b50e2ec3a349ddfe6d543c"}
,"/Users/capt.jacksparrow/Documents/Academics/DLSU/AY2324/Term1/SWENG/CSSWENG-S11-G1/server/controller/donation_controller.js": {"path":"/Users/capt.jacksparrow/Documents/Academics/DLSU/AY2324/Term1/SWENG/CSSWENG-S11-G1/server/controller/donation_controller.js","statementMap":{"0":{"start":{"line":1,"column":17},"end":{"line":1,"column":49}},"1":{"start":{"line":2,"column":26},"end":{"line":2,"column":72}},"2":{"start":{"line":3,"column":24},"end":{"line":3,"column":68}},"3":{"start":{"line":4,"column":28},"end":{"line":4,"column":76}},"4":{"start":{"line":5,"column":15},"end":{"line":5,"column":32}},"5":{"start":{"line":7,"column":12},"end":{"line":181,"column":1}},"6":{"start":{"line":10,"column":8},"end":{"line":10,"column":37}},"7":{"start":{"line":14,"column":8},"end":{"line":14,"column":82}},"8":{"start":{"line":18,"column":27},"end":{"line":18,"column":29}},"9":{"start":{"line":19,"column":19},"end":{"line":19,"column":43}},"10":{"start":{"line":20,"column":8},"end":{"line":22,"column":9}},"11":{"start":{"line":21,"column":12},"end":{"line":21,"column":20}},"12":{"start":{"line":23,"column":20},"end":{"line":23,"column":26}},"13":{"start":{"line":24,"column":23},"end":{"line":24,"column":28}},"14":{"start":{"line":27,"column":8},"end":{"line":70,"column":9}},"15":{"start":{"line":28,"column":12},"end":{"line":28,"column":85}},"16":{"start":{"line":29,"column":12},"end":{"line":37,"column":13}},"17":{"start":{"line":30,"column":16},"end":{"line":30,"column":26}},"18":{"start":{"line":31,"column":39},"end":{"line":31,"column":104}},"19":{"start":{"line":32,"column":16},"end":{"line":34,"column":17}},"20":{"start":{"line":33,"column":20},"end":{"line":33,"column":40}},"21":{"start":{"line":36,"column":16},"end":{"line":36,"column":36}},"22":{"start":{"line":39,"column":31},"end":{"line":39,"column":96}},"23":{"start":{"line":40,"column":12},"end":{"line":44,"column":13}},"24":{"start":{"line":41,"column":16},"end":{"line":41,"column":26}},"25":{"start":{"line":43,"column":16},"end":{"line":43,"column":36}},"26":{"start":{"line":45,"column":12},"end":{"line":45,"column":42}},"27":{"start":{"line":46,"column":12},"end":{"line":46,"column":76}},"28":{"start":{"line":47,"column":15},"end":{"line":70,"column":9}},"29":{"start":{"line":48,"column":12},"end":{"line":48,"column":83}},"30":{"start":{"line":49,"column":12},"end":{"line":57,"column":13}},"31":{"start":{"line":50,"column":16},"end":{"line":50,"column":26}},"32":{"start":{"line":51,"column":39},"end":{"line":51,"column":102}},"33":{"start":{"line":52,"column":16},"end":{"line":54,"column":17}},"34":{"start":{"line":53,"column":20},"end":{"line":53,"column":40}},"35":{"start":{"line":56,"column":16},"end":{"line":56,"column":36}},"36":{"start":{"line":59,"column":31},"end":{"line":59,"column":94}},"37":{"start":{"line":60,"column":12},"end":{"line":64,"column":13}},"38":{"start":{"line":61,"column":16},"end":{"line":61,"column":26}},"39":{"start":{"line":63,"column":16},"end":{"line":63,"column":36}},"40":{"start":{"line":65,"column":12},"end":{"line":65,"column":35}},"41":{"start":{"line":66,"column":12},"end":{"line":66,"column":80}},"42":{"start":{"line":68,"column":12},"end":{"line":68,"column":33}},"43":{"start":{"line":69,"column":12},"end":{"line":69,"column":19}},"44":{"start":{"line":71,"column":8},"end":{"line":71,"column":20}},"45":{"start":{"line":72,"column":8},"end":{"line":73,"column":59}},"46":{"start":{"line":77,"column":17},"end":{"line":77,"column":30}},"47":{"start":{"line":78,"column":19},"end":{"line":78,"column":34}},"48":{"start":{"line":80,"column":8},"end":{"line":100,"column":9}},"49":{"start":{"line":81,"column":12},"end":{"line":81,"column":64}},"50":{"start":{"line":82,"column":12},"end":{"line":85,"column":13}},"51":{"start":{"line":83,"column":16},"end":{"line":83,"column":37}},"52":{"start":{"line":84,"column":16},"end":{"line":84,"column":23}},"53":{"start":{"line":86,"column":12},"end":{"line":87,"column":111}},"54":{"start":{"line":88,"column":15},"end":{"line":100,"column":9}},"55":{"start":{"line":89,"column":12},"end":{"line":89,"column":60}},"56":{"start":{"line":90,"column":12},"end":{"line":93,"column":13}},"57":{"start":{"line":91,"column":16},"end":{"line":91,"column":37}},"58":{"start":{"line":92,"column":16},"end":{"line":92,"column":23}},"59":{"start":{"line":94,"column":12},"end":{"line":96,"column":65}},"60":{"start":{"line":98,"column":12},"end":{"line":98,"column":33}},"61":{"start":{"line":99,"column":12},"end":{"line":99,"column":19}},"62":{"start":{"line":104,"column":22},"end":{"line":104,"column":43}},"63":{"start":{"line":108,"column":20},"end":{"line":108,"column":67}},"64":{"start":{"line":109,"column":24},"end":{"line":130,"column":9}},"65":{"start":{"line":132,"column":25},"end":{"line":135,"column":56}},"66":{"start":{"line":133,"column":26},"end":{"line":133,"column":37}},"67":{"start":{"line":134,"column":28},"end":{"line":134,"column":71}},"68":{"start":{"line":135,"column":26},"end":{"line":135,"column":55}},"69":{"start":{"line":139,"column":8},"end":{"line":139,"column":46}},"70":{"start":{"line":143,"column":26},"end":{"line":143,"column":55}},"71":{"start":{"line":144,"column":18},"end":{"line":144,"column":90}},"72":{"start":{"line":145,"column":19},"end":{"line":145,"column":120}},"73":{"start":{"line":146,"column":19},"end":{"line":146,"column":68}},"74":{"start":{"line":147,"column":19},"end":{"line":147,"column":78}},"75":{"start":{"line":148,"column":8},"end":{"line":148,"column":63}},"76":{"start":{"line":149,"column":8},"end":{"line":149,"column":38}},"77":{"start":{"line":151,"column":8},"end":{"line":160,"column":9}},"78":{"start":{"line":152,"column":29},"end":{"line":152,"column":70}},"79":{"start":{"line":153,"column":33},"end":{"line":153,"column":54}},"80":{"start":{"line":155,"column":12},"end":{"line":155,"column":28}},"81":{"start":{"line":156,"column":12},"end":{"line":156,"column":39}},"82":{"start":{"line":159,"column":12},"end":{"line":159,"column":68}},"83":{"start":{"line":164,"column":17},"end":{"line":164,"column":28}},"84":{"start":{"line":165,"column":24},"end":{"line":165,"column":62}},"85":{"start":{"line":166,"column":8},"end":{"line":171,"column":9}},"86":{"start":{"line":167,"column":12},"end":{"line":167,"column":37}},"87":{"start":{"line":168,"column":12},"end":{"line":168,"column":19}},"88":{"start":{"line":170,"column":12},"end":{"line":170,"column":19}},"89":{"start":{"line":175,"column":8},"end":{"line":175,"column":84}},"90":{"start":{"line":179,"column":8},"end":{"line":179,"column":82}},"91":{"start":{"line":183,"column":0},"end":{"line":183,"column":21}}},"fnMap":{"0":{"name":"(anonymous_0)","decl":{"start":{"line":9,"column":22},"end":{"line":9,"column":23}},"loc":{"start":{"line":9,"column":48},"end":{"line":11,"column":5}},"line":9},"1":{"name":"(anonymous_1)","decl":{"start":{"line":13,"column":18},"end":{"line":13,"column":19}},"loc":{"start":{"line":13,"column":44},"end":{"line":15,"column":5}},"line":13},"2":{"name":"(anonymous_2)","decl":{"start":{"line":17,"column":20},"end":{"line":17,"column":21}},"loc":{"start":{"line":17,"column":46},"end":{"line":74,"column":5}},"line":17},"3":{"name":"(anonymous_3)","decl":{"start":{"line":76,"column":21},"end":{"line":76,"column":22}},"loc":{"start":{"line":76,"column":47},"end":{"line":101,"column":5}},"line":76},"4":{"name":"(anonymous_4)","decl":{"start":{"line":103,"column":20},"end":{"line":103,"column":21}},"loc":{"start":{"line":103,"column":46},"end":{"line":136,"column":5}},"line":103},"5":{"name":"(anonymous_5)","decl":{"start":{"line":133,"column":18},"end":{"line":133,"column":19}},"loc":{"start":{"line":133,"column":26},"end":{"line":133,"column":37}},"line":133},"6":{"name":"(anonymous_6)","decl":{"start":{"line":134,"column":18},"end":{"line":134,"column":19}},"loc":{"start":{"line":134,"column":26},"end":{"line":134,"column":73}},"line":134},"7":{"name":"(anonymous_7)","decl":{"start":{"line":135,"column":19},"end":{"line":135,"column":20}},"loc":{"start":{"line":135,"column":26},"end":{"line":135,"column":55}},"line":135},"8":{"name":"(anonymous_8)","decl":{"start":{"line":138,"column":17},"end":{"line":138,"column":18}},"loc":{"start":{"line":138,"column":43},"end":{"line":161,"column":5}},"line":138},"9":{"name":"(anonymous_9)","decl":{"start":{"line":163,"column":21},"end":{"line":163,"column":22}},"loc":{"start":{"line":163,"column":53},"end":{"line":172,"column":5}},"line":163},"10":{"name":"(anonymous_10)","decl":{"start":{"line":174,"column":20},"end":{"line":174,"column":21}},"loc":{"start":{"line":174,"column":46},"end":{"line":176,"column":5}},"line":174},"11":{"name":"(anonymous_11)","decl":{"start":{"line":178,"column":18},"end":{"line":178,"column":19}},"loc":{"start":{"line":178,"column":44},"end":{"line":180,"column":5}},"line":178}},"branchMap":{"0":{"loc":{"start":{"line":20,"column":8},"end":{"line":22,"column":9}},"type":"if","locations":[{"start":{"line":20,"column":8},"end":{"line":22,"column":9}},{"start":{},"end":{}}],"line":20},"1":{"loc":{"start":{"line":20,"column":12},"end":{"line":20,"column":42}},"type":"binary-expr","locations":[{"start":{"line":20,"column":12},"end":{"line":20,"column":30}},{"start":{"line":20,"column":34},"end":{"line":20,"column":42}}],"line":20},"2":{"loc":{"start":{"line":27,"column":8},"end":{"line":70,"column":9}},"type":"if","locations":[{"start":{"line":27,"column":8},"end":{"line":70,"column":9}},{"start":{"line":47,"column":15},"end":{"line":70,"column":9}}],"line":27},"3":{"loc":{"start":{"line":29,"column":12},"end":{"line":37,"column":13}},"type":"if","locations":[{"start":{"line":29,"column":12},"end":{"line":37,"column":13}},{"start":{"line":35,"column":19},"end":{"line":37,"column":13}}],"line":29},"4":{"loc":{"start":{"line":32,"column":16},"end":{"line":34,"column":17}},"type":"if","locations":[{"start":{"line":32,"column":16},"end":{"line":34,"column":17}},{"start":{},"end":{}}],"line":32},"5":{"loc":{"start":{"line":40,"column":12},"end":{"line":44,"column":13}},"type":"if","locations":[{"start":{"line":40,"column":12},"end":{"line":44,"column":13}},{"start":{"line":42,"column":19},"end":{"line":44,"column":13}}],"line":40},"6":{"loc":{"start":{"line":47,"column":15},"end":{"line":70,"column":9}},"type":"if","locations":[{"start":{"line":47,"column":15},"end":{"line":70,"column":9}},{"start":{"line":67,"column":15},"end":{"line":70,"column":9}}],"line":47},"7":{"loc":{"start":{"line":49,"column":12},"end":{"line":57,"column":13}},"type":"if","locations":[{"start":{"line":49,"column":12},"end":{"line":57,"column":13}},{"start":{"line":55,"column":19},"end":{"line":57,"column":13}}],"line":49},"8":{"loc":{"start":{"line":52,"column":16},"end":{"line":54,"column":17}},"type":"if","locations":[{"start":{"line":52,"column":16},"end":{"line":54,"column":17}},{"start":{},"end":{}}],"line":52},"9":{"loc":{"start":{"line":60,"column":12},"end":{"line":64,"column":13}},"type":"if","locations":[{"start":{"line":60,"column":12},"end":{"line":64,"column":13}},{"start":{"line":62,"column":19},"end":{"line":64,"column":13}}],"line":60},"10":{"loc":{"start":{"line":80,"column":8},"end":{"line":100,"column":9}},"type":"if","locations":[{"start":{"line":80,"column":8},"end":{"line":100,"column":9}},{"start":{"line":88,"column":15},"end":{"line":100,"column":9}}],"line":80},"11":{"loc":{"start":{"line":82,"column":12},"end":{"line":85,"column":13}},"type":"if","locations":[{"start":{"line":82,"column":12},"end":{"line":85,"column":13}},{"start":{},"end":{}}],"line":82},"12":{"loc":{"start":{"line":88,"column":15},"end":{"line":100,"column":9}},"type":"if","locations":[{"start":{"line":88,"column":15},"end":{"line":100,"column":9}},{"start":{"line":97,"column":15},"end":{"line":100,"column":9}}],"line":88},"13":{"loc":{"start":{"line":90,"column":12},"end":{"line":93,"column":13}},"type":"if","locations":[{"start":{"line":90,"column":12},"end":{"line":93,"column":13}},{"start":{},"end":{}}],"line":90},"14":{"loc":{"start":{"line":151,"column":8},"end":{"line":160,"column":9}},"type":"if","locations":[{"start":{"line":151,"column":8},"end":{"line":160,"column":9}},{"start":{"line":158,"column":15},"end":{"line":160,"column":9}}],"line":151},"15":{"loc":{"start":{"line":166,"column":8},"end":{"line":171,"column":9}},"type":"if","locations":[{"start":{"line":166,"column":8},"end":{"line":171,"column":9}},{"start":{"line":169,"column":13},"end":{"line":171,"column":9}}],"line":166}},"s":{"0":1,"1":1,"2":1,"3":1,"4":1,"5":1,"6":0,"7":0,"8":0,"9":0,"10":0,"11":0,"12":0,"13":0,"14":0,"15":0,"16":0,"17":0,"18":0,"19":0,"20":0,"21":0,"22":0,"23":0,"24":0,"25":0,"26":0,"27":0,"28":0,"29":0,"30":0,"31":0,"32":0,"33":0,"34":0,"35":0,"36":0,"37":0,"38":0,"39":0,"40":0,"41":0,"42":0,"43":0,"44":0,"45":0,"46":0,"47":0,"48":0,"49":0,"50":0,"51":0,"52":0,"53":0,"54":0,"55":0,"56":0,"57":0,"58":0,"59":0,"60":0,"61":0,"62":0,"63":0,"64":0,"65":0,"66":0,"67":0,"68":0,"69":0,"70":0,"71":0,"72":0,"73":0,"74":0,"75":0,"76":0,"77":0,"78":0,"79":0,"80":0,"81":0,"82":0,"83":0,"84":0,"85":0,"86":0,"87":0,"88":0,"89":0,"90":0,"91":1},"f":{"0":0,"1":0,"2":0,"3":0,"4":0,"5":0,"6":0,"7":0,"8":0,"9":0,"10":0,"11":0},"b":{"0":[0,0],"1":[0,0],"2":[0,0],"3":[0,0],"4":[0,0],"5":[0,0],"6":[0,0],"7":[0,0],"8":[0,0],"9":[0,0],"10":[0,0],"11":[0,0],"12":[0,0],"13":[0,0],"14":[0,0],"15":[0,0]},"_coverageSchema":"1a1c01bbd47fc00a2c39e90264f33305004495a9","hash":"41dc0c0b9df7e21b928198502cc08574571980a9"}
,"/Users/capt.jacksparrow/Documents/Academics/DLSU/AY2324/Term1/SWENG/CSSWENG-S11-G1/server/controller/event_controller.js": {"path":"/Users/capt.jacksparrow/Documents/Academics/DLSU/AY2324/Term1/SWENG/CSSWENG-S11-G1/server/controller/event_controller.js","statementMap":{"0":{"start":{"line":1,"column":14},"end":{"line":1,"column":43}},"1":{"start":{"line":2,"column":17},"end":{"line":2,"column":36}},"2":{"start":{"line":6,"column":12},"end":{"line":110,"column":1}},"3":{"start":{"line":8,"column":8},"end":{"line":21,"column":9}},"4":{"start":{"line":9,"column":27},"end":{"line":9,"column":69}},"5":{"start":{"line":10,"column":12},"end":{"line":17,"column":13}},"6":{"start":{"line":11,"column":16},"end":{"line":11,"column":32}},"7":{"start":{"line":12,"column":16},"end":{"line":12,"column":26}},"8":{"start":{"line":15,"column":16},"end":{"line":15,"column":32}},"9":{"start":{"line":16,"column":16},"end":{"line":16,"column":33}},"10":{"start":{"line":19,"column":12},"end":{"line":19,"column":28}},"11":{"start":{"line":20,"column":12},"end":{"line":20,"column":22}},"12":{"start":{"line":24,"column":8},"end":{"line":29,"column":9}},"13":{"start":{"line":25,"column":27},"end":{"line":25,"column":59}},"14":{"start":{"line":26,"column":12},"end":{"line":26,"column":26}},"15":{"start":{"line":28,"column":12},"end":{"line":28,"column":24}},"16":{"start":{"line":32,"column":8},"end":{"line":33,"column":30}},"17":{"start":{"line":33,"column":12},"end":{"line":33,"column":30}},"18":{"start":{"line":34,"column":21},"end":{"line":34,"column":89}},"19":{"start":{"line":35,"column":8},"end":{"line":35,"column":22}},"20":{"start":{"line":38,"column":23},"end":{"line":38,"column":71}},"21":{"start":{"line":39,"column":8},"end":{"line":39,"column":22}},"22":{"start":{"line":42,"column":20},"end":{"line":42,"column":49}},"23":{"start":{"line":44,"column":23},"end":{"line":44,"column":249}},"24":{"start":{"line":46,"column":8},"end":{"line":52,"column":9}},"25":{"start":{"line":47,"column":12},"end":{"line":47,"column":28}},"26":{"start":{"line":48,"column":12},"end":{"line":48,"column":22}},"27":{"start":{"line":50,"column":12},"end":{"line":50,"column":28}},"28":{"start":{"line":51,"column":12},"end":{"line":51,"column":28}},"29":{"start":{"line":55,"column":8},"end":{"line":84,"column":9}},"30":{"start":{"line":56,"column":31},"end":{"line":56,"column":72}},"31":{"start":{"line":57,"column":12},"end":{"line":80,"column":13}},"32":{"start":{"line":58,"column":16},"end":{"line":58,"column":32}},"33":{"start":{"line":59,"column":16},"end":{"line":59,"column":26}},"34":{"start":{"line":61,"column":16},"end":{"line":61,"column":55}},"35":{"start":{"line":64,"column":16},"end":{"line":67,"column":278}},"36":{"start":{"line":65,"column":20},"end":{"line":65,"column":248}},"37":{"start":{"line":67,"column":20},"end":{"line":67,"column":278}},"38":{"start":{"line":69,"column":16},"end":{"line":79,"column":17}},"39":{"start":{"line":70,"column":20},"end":{"line":70,"column":36}},"40":{"start":{"line":71,"column":20},"end":{"line":71,"column":30}},"41":{"start":{"line":73,"column":20},"end":{"line":78,"column":46}},"42":{"start":{"line":74,"column":24},"end":{"line":74,"column":52}},"43":{"start":{"line":75,"column":24},"end":{"line":75,"column":31}},"44":{"start":{"line":78,"column":24},"end":{"line":78,"column":46}},"45":{"start":{"line":82,"column":12},"end":{"line":82,"column":28}},"46":{"start":{"line":83,"column":12},"end":{"line":83,"column":22}},"47":{"start":{"line":88,"column":8},"end":{"line":108,"column":9}},"48":{"start":{"line":89,"column":31},"end":{"line":89,"column":72}},"49":{"start":{"line":90,"column":12},"end":{"line":104,"column":13}},"50":{"start":{"line":91,"column":16},"end":{"line":91,"column":32}},"51":{"start":{"line":92,"column":16},"end":{"line":92,"column":26}},"52":{"start":{"line":95,"column":16},"end":{"line":95,"column":55}},"53":{"start":{"line":96,"column":31},"end":{"line":96,"column":74}},"54":{"start":{"line":97,"column":16},"end":{"line":103,"column":17}},"55":{"start":{"line":98,"column":20},"end":{"line":98,"column":36}},"56":{"start":{"line":99,"column":20},"end":{"line":99,"column":30}},"57":{"start":{"line":102,"column":20},"end":{"line":102,"column":27}},"58":{"start":{"line":106,"column":12},"end":{"line":106,"column":28}},"59":{"start":{"line":107,"column":12},"end":{"line":107,"column":22}},"60":{"start":{"line":112,"column":0},"end":{"line":112,"column":21}}},"fnMap":{"0":{"name":"(anonymous_0)","decl":{"start":{"line":7,"column":14},"end":{"line":7,"column":15}},"loc":{"start":{"line":7,"column":40},"end":{"line":22,"column":5}},"line":7},"1":{"name":"(anonymous_1)","decl":{"start":{"line":23,"column":18},"end":{"line":23,"column":19}},"loc":{"start":{"line":23,"column":38},"end":{"line":30,"column":5}},"line":23},"2":{"name":"(anonymous_2)","decl":{"start":{"line":31,"column":24},"end":{"line":31,"column":25}},"loc":{"start":{"line":31,"column":56},"end":{"line":36,"column":5}},"line":31},"3":{"name":"(anonymous_3)","decl":{"start":{"line":37,"column":18},"end":{"line":37,"column":19}},"loc":{"start":{"line":37,"column":36},"end":{"line":40,"column":5}},"line":37},"4":{"name":"(anonymous_4)","decl":{"start":{"line":41,"column":14},"end":{"line":41,"column":15}},"loc":{"start":{"line":41,"column":40},"end":{"line":53,"column":5}},"line":41},"5":{"name":"(anonymous_5)","decl":{"start":{"line":54,"column":17},"end":{"line":54,"column":18}},"loc":{"start":{"line":54,"column":49},"end":{"line":85,"column":5}},"line":54},"6":{"name":"(anonymous_6)","decl":{"start":{"line":87,"column":17},"end":{"line":87,"column":18}},"loc":{"start":{"line":87,"column":49},"end":{"line":109,"column":5}},"line":87}},"branchMap":{"0":{"loc":{"start":{"line":8,"column":8},"end":{"line":21,"column":9}},"type":"if","locations":[{"start":{"line":8,"column":8},"end":{"line":21,"column":9}},{"start":{"line":18,"column":15},"end":{"line":21,"column":9}}],"line":8},"1":{"loc":{"start":{"line":10,"column":12},"end":{"line":17,"column":13}},"type":"if","locations":[{"start":{"line":10,"column":12},"end":{"line":17,"column":13}},{"start":{"line":14,"column":17},"end":{"line":17,"column":13}}],"line":10},"2":{"loc":{"start":{"line":24,"column":8},"end":{"line":29,"column":9}},"type":"if","locations":[{"start":{"line":24,"column":8},"end":{"line":29,"column":9}},{"start":{"line":27,"column":15},"end":{"line":29,"column":9}}],"line":24},"3":{"loc":{"start":{"line":32,"column":8},"end":{"line":33,"column":30}},"type":"if","locations":[{"start":{"line":32,"column":8},"end":{"line":33,"column":30}},{"start":{},"end":{}}],"line":32},"4":{"loc":{"start":{"line":46,"column":8},"end":{"line":52,"column":9}},"type":"if","locations":[{"start":{"line":46,"column":8},"end":{"line":52,"column":9}},{"start":{"line":49,"column":15},"end":{"line":52,"column":9}}],"line":46},"5":{"loc":{"start":{"line":55,"column":8},"end":{"line":84,"column":9}},"type":"if","locations":[{"start":{"line":55,"column":8},"end":{"line":84,"column":9}},{"start":{"line":81,"column":15},"end":{"line":84,"column":9}}],"line":55},"6":{"loc":{"start":{"line":57,"column":12},"end":{"line":80,"column":13}},"type":"if","locations":[{"start":{"line":57,"column":12},"end":{"line":80,"column":13}},{"start":{"line":60,"column":19},"end":{"line":80,"column":13}}],"line":57},"7":{"loc":{"start":{"line":64,"column":16},"end":{"line":67,"column":278}},"type":"if","locations":[{"start":{"line":64,"column":16},"end":{"line":67,"column":278}},{"start":{"line":67,"column":20},"end":{"line":67,"column":278}}],"line":64},"8":{"loc":{"start":{"line":69,"column":16},"end":{"line":79,"column":17}},"type":"if","locations":[{"start":{"line":69,"column":16},"end":{"line":79,"column":17}},{"start":{"line":72,"column":23},"end":{"line":79,"column":17}}],"line":69},"9":{"loc":{"start":{"line":73,"column":20},"end":{"line":78,"column":46}},"type":"if","locations":[{"start":{"line":73,"column":20},"end":{"line":78,"column":46}},{"start":{"line":78,"column":24},"end":{"line":78,"column":46}}],"line":73},"10":{"loc":{"start":{"line":88,"column":8},"end":{"line":108,"column":9}},"type":"if","locations":[{"start":{"line":88,"column":8},"end":{"line":108,"column":9}},{"start":{"line":105,"column":15},"end":{"line":108,"column":9}}],"line":88},"11":{"loc":{"start":{"line":90,"column":12},"end":{"line":104,"column":13}},"type":"if","locations":[{"start":{"line":90,"column":12},"end":{"line":104,"column":13}},{"start":{"line":94,"column":17},"end":{"line":104,"column":13}}],"line":90},"12":{"loc":{"start":{"line":97,"column":16},"end":{"line":103,"column":17}},"type":"if","locations":[{"start":{"line":97,"column":16},"end":{"line":103,"column":17}},{"start":{"line":101,"column":21},"end":{"line":103,"column":17}}],"line":97}},"s":{"0":1,"1":1,"2":1,"3":0,"4":0,"5":0,"6":0,"7":0,"8":0,"9":0,"10":0,"11":0,"12":0,"13":0,"14":0,"15":0,"16":0,"17":0,"18":0,"19":0,"20":0,"21":0,"22":3,"23":3,"24":3,"25":0,"26":0,"27":3,"28":3,"29":1,"30":1,"31":1,"32":0,"33":0,"34":1,"35":1,"36":0,"37":1,"38":1,"39":0,"40":0,"41":1,"42":1,"43":1,"44":0,"45":0,"46":0,"47":1,"48":1,"49":1,"50":0,"51":0,"52":1,"53":1,"54":1,"55":0,"56":0,"57":1,"58":0,"59":0,"60":1},"f":{"0":0,"1":0,"2":0,"3":0,"4":3,"5":1,"6":1},"b":{"0":[0,0],"1":[0,0],"2":[0,0],"3":[0,0],"4":[0,3],"5":[1,0],"6":[0,1],"7":[0,1],"8":[0,1],"9":[1,0],"10":[1,0],"11":[0,1],"12":[0,1]},"_coverageSchema":"1a1c01bbd47fc00a2c39e90264f33305004495a9","hash":"710b8647a24a301d39c7a22669b869d064e774d9"}
,"/Users/capt.jacksparrow/Documents/Academics/DLSU/AY2324/Term1/SWENG/CSSWENG-S11-G1/server/controller/image_controller.js": {"path":"/Users/capt.jacksparrow/Documents/Academics/DLSU/AY2324/Term1/SWENG/CSSWENG-S11-G1/server/controller/image_controller.js","statementMap":{"0":{"start":{"line":1,"column":12},"end":{"line":1,"column":39}},"1":{"start":{"line":3,"column":12},"end":{"line":73,"column":1}},"2":{"start":{"line":6,"column":4},"end":{"line":24,"column":5}},"3":{"start":{"line":8,"column":23},"end":{"line":8,"column":37}},"4":{"start":{"line":10,"column":19},"end":{"line":10,"column":60}},"5":{"start":{"line":11,"column":6},"end":{"line":13,"column":7}},"6":{"start":{"line":12,"column":8},"end":{"line":12,"column":54}},"7":{"start":{"line":16,"column":25},"end":{"line":16,"column":61}},"8":{"start":{"line":19,"column":6},"end":{"line":19,"column":48}},"9":{"start":{"line":20,"column":6},"end":{"line":20,"column":27}},"10":{"start":{"line":22,"column":6},"end":{"line":22,"column":35}},"11":{"start":{"line":23,"column":6},"end":{"line":23,"column":43}},"12":{"start":{"line":30,"column":4},"end":{"line":48,"column":5}},"13":{"start":{"line":31,"column":23},"end":{"line":31,"column":38}},"14":{"start":{"line":32,"column":19},"end":{"line":32,"column":60}},"15":{"start":{"line":34,"column":6},"end":{"line":36,"column":7}},"16":{"start":{"line":35,"column":8},"end":{"line":35,"column":54}},"17":{"start":{"line":38,"column":6},"end":{"line":38,"column":33}},"18":{"start":{"line":39,"column":6},"end":{"line":39,"column":21}},"19":{"start":{"line":40,"column":6},"end":{"line":44,"column":7}},"20":{"start":{"line":41,"column":8},"end":{"line":41,"column":32}},"21":{"start":{"line":43,"column":8},"end":{"line":43,"column":18}},"22":{"start":{"line":46,"column":6},"end":{"line":46,"column":35}},"23":{"start":{"line":47,"column":6},"end":{"line":47,"column":43}},"24":{"start":{"line":51,"column":4},"end":{"line":71,"column":5}},"25":{"start":{"line":52,"column":6},"end":{"line":58,"column":7}},"26":{"start":{"line":53,"column":21},"end":{"line":53,"column":62}},"27":{"start":{"line":54,"column":8},"end":{"line":56,"column":9}},"28":{"start":{"line":55,"column":10},"end":{"line":55,"column":56}},"29":{"start":{"line":57,"column":8},"end":{"line":57,"column":35}},"30":{"start":{"line":60,"column":6},"end":{"line":60,"column":21}},"31":{"start":{"line":62,"column":6},"end":{"line":66,"column":7}},"32":{"start":{"line":63,"column":8},"end":{"line":63,"column":32}},"33":{"start":{"line":65,"column":8},"end":{"line":65,"column":18}},"34":{"start":{"line":69,"column":6},"end":{"line":69,"column":35}},"35":{"start":{"line":70,"column":6},"end":{"line":70,"column":43}},"36":{"start":{"line":75,"column":0},"end":{"line":75,"column":21}}},"fnMap":{"0":{"name":"(anonymous_0)","decl":{"start":{"line":5,"column":13},"end":{"line":5,"column":14}},"loc":{"start":{"line":5,"column":39},"end":{"line":26,"column":3}},"line":5},"1":{"name":"(anonymous_1)","decl":{"start":{"line":29,"column":16},"end":{"line":29,"column":17}},"loc":{"start":{"line":29,"column":42},"end":{"line":49,"column":3}},"line":29},"2":{"name":"(anonymous_2)","decl":{"start":{"line":50,"column":17},"end":{"line":50,"column":18}},"loc":{"start":{"line":50,"column":43},"end":{"line":72,"column":3}},"line":50}},"branchMap":{"0":{"loc":{"start":{"line":11,"column":6},"end":{"line":13,"column":7}},"type":"if","locations":[{"start":{"line":11,"column":6},"end":{"line":13,"column":7}},{"start":{},"end":{}}],"line":11},"1":{"loc":{"start":{"line":34,"column":6},"end":{"line":36,"column":7}},"type":"if","locations":[{"start":{"line":34,"column":6},"end":{"line":36,"column":7}},{"start":{},"end":{}}],"line":34},"2":{"loc":{"start":{"line":40,"column":6},"end":{"line":44,"column":7}},"type":"if","locations":[{"start":{"line":40,"column":6},"end":{"line":44,"column":7}},{"start":{"line":42,"column":13},"end":{"line":44,"column":7}}],"line":40},"3":{"loc":{"start":{"line":54,"column":8},"end":{"line":56,"column":9}},"type":"if","locations":[{"start":{"line":54,"column":8},"end":{"line":56,"column":9}},{"start":{},"end":{}}],"line":54},"4":{"loc":{"start":{"line":62,"column":6},"end":{"line":66,"column":7}},"type":"if","locations":[{"start":{"line":62,"column":6},"end":{"line":66,"column":7}},{"start":{"line":64,"column":13},"end":{"line":66,"column":7}}],"line":62}},"s":{"0":1,"1":1,"2":2,"3":2,"4":2,"5":2,"6":2,"7":0,"8":0,"9":0,"10":0,"11":0,"12":7,"13":7,"14":7,"15":7,"16":7,"17":0,"18":0,"19":0,"20":0,"21":0,"22":0,"23":0,"24":2,"25":2,"26":2,"27":2,"28":2,"29":0,"30":0,"31":0,"32":0,"33":0,"34":0,"35":0,"36":1},"f":{"0":2,"1":7,"2":2},"b":{"0":[2,0],"1":[7,0],"2":[0,0],"3":[2,0],"4":[0,0]},"_coverageSchema":"1a1c01bbd47fc00a2c39e90264f33305004495a9","hash":"14d9eeecf53ab8880f10f91da78d6d681e39a227"}
,"/Users/capt.jacksparrow/Documents/Academics/DLSU/AY2324/Term1/SWENG/CSSWENG-S11-G1/server/controller/newsletter_controller.js": {"path":"/Users/capt.jacksparrow/Documents/Academics/DLSU/AY2324/Term1/SWENG/CSSWENG-S11-G1/server/controller/newsletter_controller.js","statementMap":{"0":{"start":{"line":1,"column":19},"end":{"line":1,"column":53}},"1":{"start":{"line":2,"column":17},"end":{"line":2,"column":36}},"2":{"start":{"line":6,"column":13},"end":{"line":123,"column":1}},"3":{"start":{"line":8,"column":8},"end":{"line":21,"column":9}},"4":{"start":{"line":9,"column":27},"end":{"line":9,"column":74}},"5":{"start":{"line":10,"column":12},"end":{"line":17,"column":13}},"6":{"start":{"line":11,"column":16},"end":{"line":11,"column":32}},"7":{"start":{"line":12,"column":16},"end":{"line":12,"column":26}},"8":{"start":{"line":15,"column":16},"end":{"line":15,"column":32}},"9":{"start":{"line":16,"column":16},"end":{"line":16,"column":33}},"10":{"start":{"line":19,"column":12},"end":{"line":19,"column":28}},"11":{"start":{"line":20,"column":12},"end":{"line":20,"column":22}},"12":{"start":{"line":24,"column":8},"end":{"line":29,"column":9}},"13":{"start":{"line":25,"column":27},"end":{"line":25,"column":64}},"14":{"start":{"line":26,"column":12},"end":{"line":26,"column":26}},"15":{"start":{"line":28,"column":12},"end":{"line":28,"column":24}},"16":{"start":{"line":32,"column":8},"end":{"line":33,"column":30}},"17":{"start":{"line":33,"column":12},"end":{"line":33,"column":30}},"18":{"start":{"line":34,"column":21},"end":{"line":34,"column":94}},"19":{"start":{"line":35,"column":8},"end":{"line":35,"column":22}},"20":{"start":{"line":38,"column":21},"end":{"line":38,"column":88}},"21":{"start":{"line":39,"column":8},"end":{"line":39,"column":22}},"22":{"start":{"line":42,"column":23},"end":{"line":42,"column":76}},"23":{"start":{"line":43,"column":8},"end":{"line":43,"column":22}},"24":{"start":{"line":46,"column":8},"end":{"line":46,"column":29}},"25":{"start":{"line":47,"column":20},"end":{"line":47,"column":49}},"26":{"start":{"line":49,"column":21},"end":{"line":49,"column":23}},"27":{"start":{"line":50,"column":8},"end":{"line":52,"column":11}},"28":{"start":{"line":51,"column":12},"end":{"line":51,"column":42}},"29":{"start":{"line":53,"column":23},"end":{"line":53,"column":145}},"30":{"start":{"line":55,"column":8},"end":{"line":61,"column":9}},"31":{"start":{"line":56,"column":12},"end":{"line":56,"column":28}},"32":{"start":{"line":57,"column":12},"end":{"line":57,"column":22}},"33":{"start":{"line":59,"column":12},"end":{"line":59,"column":28}},"34":{"start":{"line":60,"column":12},"end":{"line":60,"column":28}},"35":{"start":{"line":64,"column":8},"end":{"line":97,"column":9}},"36":{"start":{"line":65,"column":31},"end":{"line":65,"column":77}},"37":{"start":{"line":66,"column":12},"end":{"line":93,"column":13}},"38":{"start":{"line":67,"column":16},"end":{"line":67,"column":32}},"39":{"start":{"line":68,"column":16},"end":{"line":68,"column":26}},"40":{"start":{"line":70,"column":16},"end":{"line":70,"column":53}},"41":{"start":{"line":72,"column":16},"end":{"line":81,"column":17}},"42":{"start":{"line":73,"column":20},"end":{"line":73,"column":167}},"43":{"start":{"line":75,"column":33},"end":{"line":75,"column":35}},"44":{"start":{"line":76,"column":20},"end":{"line":78,"column":23}},"45":{"start":{"line":77,"column":24},"end":{"line":77,"column":54}},"46":{"start":{"line":80,"column":20},"end":{"line":80,"column":174}},"47":{"start":{"line":82,"column":16},"end":{"line":92,"column":17}},"48":{"start":{"line":83,"column":20},"end":{"line":83,"column":36}},"49":{"start":{"line":84,"column":20},"end":{"line":84,"column":30}},"50":{"start":{"line":86,"column":20},"end":{"line":91,"column":46}},"51":{"start":{"line":87,"column":24},"end":{"line":87,"column":52}},"52":{"start":{"line":88,"column":24},"end":{"line":88,"column":31}},"53":{"start":{"line":91,"column":24},"end":{"line":91,"column":46}},"54":{"start":{"line":95,"column":12},"end":{"line":95,"column":28}},"55":{"start":{"line":96,"column":12},"end":{"line":96,"column":22}},"56":{"start":{"line":101,"column":8},"end":{"line":121,"column":9}},"57":{"start":{"line":102,"column":31},"end":{"line":102,"column":77}},"58":{"start":{"line":103,"column":12},"end":{"line":117,"column":13}},"59":{"start":{"line":104,"column":16},"end":{"line":104,"column":32}},"60":{"start":{"line":105,"column":16},"end":{"line":105,"column":26}},"61":{"start":{"line":108,"column":16},"end":{"line":108,"column":53}},"62":{"start":{"line":109,"column":31},"end":{"line":109,"column":79}},"63":{"start":{"line":110,"column":16},"end":{"line":116,"column":17}},"64":{"start":{"line":111,"column":20},"end":{"line":111,"column":36}},"65":{"start":{"line":112,"column":20},"end":{"line":112,"column":30}},"66":{"start":{"line":115,"column":20},"end":{"line":115,"column":27}},"67":{"start":{"line":119,"column":12},"end":{"line":119,"column":28}},"68":{"start":{"line":120,"column":12},"end":{"line":120,"column":22}},"69":{"start":{"line":125,"column":0},"end":{"line":125,"column":22}}},"fnMap":{"0":{"name":"(anonymous_0)","decl":{"start":{"line":7,"column":19},"end":{"line":7,"column":20}},"loc":{"start":{"line":7,"column":45},"end":{"line":22,"column":5}},"line":7},"1":{"name":"(anonymous_1)","decl":{"start":{"line":23,"column":23},"end":{"line":23,"column":24}},"loc":{"start":{"line":23,"column":43},"end":{"line":30,"column":5}},"line":23},"2":{"name":"(anonymous_2)","decl":{"start":{"line":31,"column":29},"end":{"line":31,"column":30}},"loc":{"start":{"line":31,"column":61},"end":{"line":36,"column":5}},"line":31},"3":{"name":"(anonymous_3)","decl":{"start":{"line":37,"column":28},"end":{"line":37,"column":29}},"loc":{"start":{"line":37,"column":52},"end":{"line":40,"column":5}},"line":37},"4":{"name":"(anonymous_4)","decl":{"start":{"line":41,"column":23},"end":{"line":41,"column":24}},"loc":{"start":{"line":41,"column":41},"end":{"line":44,"column":5}},"line":41},"5":{"name":"(anonymous_5)","decl":{"start":{"line":45,"column":19},"end":{"line":45,"column":20}},"loc":{"start":{"line":45,"column":45},"end":{"line":62,"column":5}},"line":45},"6":{"name":"(anonymous_6)","decl":{"start":{"line":50,"column":26},"end":{"line":50,"column":27}},"loc":{"start":{"line":50,"column":37},"end":{"line":52,"column":9}},"line":50},"7":{"name":"(anonymous_7)","decl":{"start":{"line":63,"column":22},"end":{"line":63,"column":23}},"loc":{"start":{"line":63,"column":54},"end":{"line":98,"column":5}},"line":63},"8":{"name":"(anonymous_8)","decl":{"start":{"line":76,"column":38},"end":{"line":76,"column":39}},"loc":{"start":{"line":76,"column":49},"end":{"line":78,"column":21}},"line":76},"9":{"name":"(anonymous_9)","decl":{"start":{"line":100,"column":22},"end":{"line":100,"column":23}},"loc":{"start":{"line":100,"column":54},"end":{"line":122,"column":5}},"line":100}},"branchMap":{"0":{"loc":{"start":{"line":8,"column":8},"end":{"line":21,"column":9}},"type":"if","locations":[{"start":{"line":8,"column":8},"end":{"line":21,"column":9}},{"start":{"line":18,"column":15},"end":{"line":21,"column":9}}],"line":8},"1":{"loc":{"start":{"line":10,"column":12},"end":{"line":17,"column":13}},"type":"if","locations":[{"start":{"line":10,"column":12},"end":{"line":17,"column":13}},{"start":{"line":14,"column":17},"end":{"line":17,"column":13}}],"line":10},"2":{"loc":{"start":{"line":24,"column":8},"end":{"line":29,"column":9}},"type":"if","locations":[{"start":{"line":24,"column":8},"end":{"line":29,"column":9}},{"start":{"line":27,"column":15},"end":{"line":29,"column":9}}],"line":24},"3":{"loc":{"start":{"line":32,"column":8},"end":{"line":33,"column":30}},"type":"if","locations":[{"start":{"line":32,"column":8},"end":{"line":33,"column":30}},{"start":{},"end":{}}],"line":32},"4":{"loc":{"start":{"line":55,"column":8},"end":{"line":61,"column":9}},"type":"if","locations":[{"start":{"line":55,"column":8},"end":{"line":61,"column":9}},{"start":{"line":58,"column":15},"end":{"line":61,"column":9}}],"line":55},"5":{"loc":{"start":{"line":64,"column":8},"end":{"line":97,"column":9}},"type":"if","locations":[{"start":{"line":64,"column":8},"end":{"line":97,"column":9}},{"start":{"line":94,"column":15},"end":{"line":97,"column":9}}],"line":64},"6":{"loc":{"start":{"line":66,"column":12},"end":{"line":93,"column":13}},"type":"if","locations":[{"start":{"line":66,"column":12},"end":{"line":93,"column":13}},{"start":{"line":69,"column":19},"end":{"line":93,"column":13}}],"line":66},"7":{"loc":{"start":{"line":72,"column":16},"end":{"line":81,"column":17}},"type":"if","locations":[{"start":{"line":72,"column":16},"end":{"line":81,"column":17}},{"start":{"line":74,"column":21},"end":{"line":81,"column":17}}],"line":72},"8":{"loc":{"start":{"line":82,"column":16},"end":{"line":92,"column":17}},"type":"if","locations":[{"start":{"line":82,"column":16},"end":{"line":92,"column":17}},{"start":{"line":85,"column":23},"end":{"line":92,"column":17}}],"line":82},"9":{"loc":{"start":{"line":86,"column":20},"end":{"line":91,"column":46}},"type":"if","locations":[{"start":{"line":86,"column":20},"end":{"line":91,"column":46}},{"start":{"line":91,"column":24},"end":{"line":91,"column":46}}],"line":86},"10":{"loc":{"start":{"line":101,"column":8},"end":{"line":121,"column":9}},"type":"if","locations":[{"start":{"line":101,"column":8},"end":{"line":121,"column":9}},{"start":{"line":118,"column":15},"end":{"line":121,"column":9}}],"line":101},"11":{"loc":{"start":{"line":103,"column":12},"end":{"line":117,"column":13}},"type":"if","locations":[{"start":{"line":103,"column":12},"end":{"line":117,"column":13}},{"start":{"line":107,"column":17},"end":{"line":117,"column":13}}],"line":103},"12":{"loc":{"start":{"line":110,"column":16},"end":{"line":116,"column":17}},"type":"if","locations":[{"start":{"line":110,"column":16},"end":{"line":116,"column":17}},{"start":{"line":114,"column":21},"end":{"line":116,"column":17}}],"line":110}},"s":{"0":1,"1":1,"2":1,"3":0,"4":0,"5":0,"6":0,"7":0,"8":0,"9":0,"10":0,"11":0,"12":0,"13":0,"14":0,"15":0,"16":0,"17":0,"18":0,"19":0,"20":0,"21":0,"22":0,"23":0,"24":3,"25":3,"26":3,"27":3,"28":5,"29":3,"30":3,"31":0,"32":0,"33":3,"34":3,"35":1,"36":1,"37":1,"38":0,"39":0,"40":1,"41":1,"42":0,"43":1,"44":1,"45":1,"46":1,"47":1,"48":0,"49":0,"50":1,"51":1,"52":1,"53":0,"54":0,"55":0,"56":1,"57":1,"58":1,"59":0,"60":0,"61":1,"62":1,"63":1,"64":0,"65":0,"66":1,"67":0,"68":0,"69":1},"f":{"0":0,"1":0,"2":0,"3":0,"4":0,"5":3,"6":5,"7":1,"8":1,"9":1},"b":{"0":[0,0],"1":[0,0],"2":[0,0],"3":[0,0],"4":[0,3],"5":[1,0],"6":[0,1],"7":[0,1],"8":[0,1],"9":[1,0],"10":[1,0],"11":[0,1],"12":[0,1]},"_coverageSchema":"1a1c01bbd47fc00a2c39e90264f33305004495a9","hash":"7d18c982f322061b6a77cdb74fdc32c2f5f124e3"}
,"/Users/capt.jacksparrow/Documents/Academics/DLSU/AY2324/Term1/SWENG/CSSWENG-S11-G1/server/controller/project_controller.js": {"path":"/Users/capt.jacksparrow/Documents/Academics/DLSU/AY2324/Term1/SWENG/CSSWENG-S11-G1/server/controller/project_controller.js","statementMap":{"0":{"start":{"line":1,"column":16},"end":{"line":1,"column":47}},"1":{"start":{"line":2,"column":17},"end":{"line":2,"column":36}},"2":{"start":{"line":6,"column":13},"end":{"line":130,"column":1}},"3":{"start":{"line":8,"column":8},"end":{"line":21,"column":9}},"4":{"start":{"line":9,"column":27},"end":{"line":9,"column":71}},"5":{"start":{"line":10,"column":12},"end":{"line":17,"column":13}},"6":{"start":{"line":11,"column":16},"end":{"line":11,"column":32}},"7":{"start":{"line":12,"column":16},"end":{"line":12,"column":26}},"8":{"start":{"line":15,"column":16},"end":{"line":15,"column":32}},"9":{"start":{"line":16,"column":16},"end":{"line":16,"column":33}},"10":{"start":{"line":19,"column":12},"end":{"line":19,"column":28}},"11":{"start":{"line":20,"column":12},"end":{"line":20,"column":22}},"12":{"start":{"line":24,"column":8},"end":{"line":29,"column":9}},"13":{"start":{"line":25,"column":27},"end":{"line":25,"column":61}},"14":{"start":{"line":26,"column":12},"end":{"line":26,"column":26}},"15":{"start":{"line":28,"column":12},"end":{"line":28,"column":24}},"16":{"start":{"line":32,"column":21},"end":{"line":32,"column":85}},"17":{"start":{"line":33,"column":8},"end":{"line":33,"column":22}},"18":{"start":{"line":36,"column":29},"end":{"line":36,"column":32}},"19":{"start":{"line":37,"column":21},"end":{"line":37,"column":109}},"20":{"start":{"line":38,"column":8},"end":{"line":42,"column":11}},"21":{"start":{"line":39,"column":12},"end":{"line":41,"column":13}},"22":{"start":{"line":40,"column":16},"end":{"line":40,"column":93}},"23":{"start":{"line":43,"column":8},"end":{"line":43,"column":22}},"24":{"start":{"line":46,"column":23},"end":{"line":46,"column":73}},"25":{"start":{"line":47,"column":8},"end":{"line":47,"column":22}},"26":{"start":{"line":50,"column":29},"end":{"line":50,"column":32}},"27":{"start":{"line":51,"column":8},"end":{"line":52,"column":30}},"28":{"start":{"line":52,"column":12},"end":{"line":52,"column":30}},"29":{"start":{"line":53,"column":21},"end":{"line":53,"column":91}},"30":{"start":{"line":54,"column":8},"end":{"line":58,"column":11}},"31":{"start":{"line":55,"column":12},"end":{"line":57,"column":13}},"32":{"start":{"line":56,"column":16},"end":{"line":56,"column":93}},"33":{"start":{"line":59,"column":8},"end":{"line":59,"column":22}},"34":{"start":{"line":62,"column":20},"end":{"line":62,"column":49}},"35":{"start":{"line":64,"column":23},"end":{"line":64,"column":312}},"36":{"start":{"line":66,"column":8},"end":{"line":72,"column":9}},"37":{"start":{"line":67,"column":12},"end":{"line":67,"column":28}},"38":{"start":{"line":68,"column":12},"end":{"line":68,"column":22}},"39":{"start":{"line":70,"column":12},"end":{"line":70,"column":28}},"40":{"start":{"line":71,"column":12},"end":{"line":71,"column":28}},"41":{"start":{"line":75,"column":8},"end":{"line":104,"column":9}},"42":{"start":{"line":76,"column":31},"end":{"line":76,"column":74}},"43":{"start":{"line":77,"column":12},"end":{"line":100,"column":13}},"44":{"start":{"line":78,"column":16},"end":{"line":78,"column":32}},"45":{"start":{"line":79,"column":16},"end":{"line":79,"column":26}},"46":{"start":{"line":81,"column":16},"end":{"line":81,"column":55}},"47":{"start":{"line":84,"column":16},"end":{"line":87,"column":341}},"48":{"start":{"line":85,"column":20},"end":{"line":85,"column":311}},"49":{"start":{"line":87,"column":20},"end":{"line":87,"column":341}},"50":{"start":{"line":89,"column":16},"end":{"line":99,"column":17}},"51":{"start":{"line":90,"column":20},"end":{"line":90,"column":36}},"52":{"start":{"line":91,"column":20},"end":{"line":91,"column":30}},"53":{"start":{"line":93,"column":20},"end":{"line":98,"column":46}},"54":{"start":{"line":94,"column":24},"end":{"line":94,"column":52}},"55":{"start":{"line":95,"column":24},"end":{"line":95,"column":31}},"56":{"start":{"line":98,"column":24},"end":{"line":98,"column":46}},"57":{"start":{"line":102,"column":12},"end":{"line":102,"column":28}},"58":{"start":{"line":103,"column":12},"end":{"line":103,"column":22}},"59":{"start":{"line":108,"column":8},"end":{"line":128,"column":9}},"60":{"start":{"line":109,"column":31},"end":{"line":109,"column":74}},"61":{"start":{"line":110,"column":12},"end":{"line":124,"column":13}},"62":{"start":{"line":111,"column":16},"end":{"line":111,"column":32}},"63":{"start":{"line":112,"column":16},"end":{"line":112,"column":26}},"64":{"start":{"line":115,"column":16},"end":{"line":115,"column":55}},"65":{"start":{"line":116,"column":31},"end":{"line":116,"column":76}},"66":{"start":{"line":117,"column":16},"end":{"line":123,"column":17}},"67":{"start":{"line":118,"column":20},"end":{"line":118,"column":36}},"68":{"start":{"line":119,"column":20},"end":{"line":119,"column":30}},"69":{"start":{"line":122,"column":20},"end":{"line":122,"column":27}},"70":{"start":{"line":126,"column":12},"end":{"line":126,"column":28}},"71":{"start":{"line":127,"column":12},"end":{"line":127,"column":22}},"72":{"start":{"line":132,"column":0},"end":{"line":132,"column":22}}},"fnMap":{"0":{"name":"(anonymous_0)","decl":{"start":{"line":7,"column":16},"end":{"line":7,"column":17}},"loc":{"start":{"line":7,"column":42},"end":{"line":22,"column":5}},"line":7},"1":{"name":"(anonymous_1)","decl":{"start":{"line":23,"column":20},"end":{"line":23,"column":21}},"loc":{"start":{"line":23,"column":40},"end":{"line":30,"column":5}},"line":23},"2":{"name":"(anonymous_2)","decl":{"start":{"line":31,"column":25},"end":{"line":31,"column":26}},"loc":{"start":{"line":31,"column":49},"end":{"line":34,"column":5}},"line":31},"3":{"name":"(anonymous_3)","decl":{"start":{"line":35,"column":23},"end":{"line":35,"column":24}},"loc":{"start":{"line":35,"column":52},"end":{"line":44,"column":5}},"line":35},"4":{"name":"(anonymous_4)","decl":{"start":{"line":38,"column":23},"end":{"line":38,"column":24}},"loc":{"start":{"line":38,"column":34},"end":{"line":42,"column":9}},"line":38},"5":{"name":"(anonymous_5)","decl":{"start":{"line":45,"column":20},"end":{"line":45,"column":21}},"loc":{"start":{"line":45,"column":38},"end":{"line":48,"column":5}},"line":45},"6":{"name":"(anonymous_6)","decl":{"start":{"line":49,"column":26},"end":{"line":49,"column":27}},"loc":{"start":{"line":49,"column":58},"end":{"line":60,"column":5}},"line":49},"7":{"name":"(anonymous_7)","decl":{"start":{"line":54,"column":23},"end":{"line":54,"column":24}},"loc":{"start":{"line":54,"column":34},"end":{"line":58,"column":9}},"line":54},"8":{"name":"(anonymous_8)","decl":{"start":{"line":61,"column":16},"end":{"line":61,"column":17}},"loc":{"start":{"line":61,"column":42},"end":{"line":73,"column":5}},"line":61},"9":{"name":"(anonymous_9)","decl":{"start":{"line":74,"column":19},"end":{"line":74,"column":20}},"loc":{"start":{"line":74,"column":51},"end":{"line":105,"column":5}},"line":74},"10":{"name":"(anonymous_10)","decl":{"start":{"line":107,"column":19},"end":{"line":107,"column":20}},"loc":{"start":{"line":107,"column":51},"end":{"line":129,"column":5}},"line":107}},"branchMap":{"0":{"loc":{"start":{"line":8,"column":8},"end":{"line":21,"column":9}},"type":"if","locations":[{"start":{"line":8,"column":8},"end":{"line":21,"column":9}},{"start":{"line":18,"column":15},"end":{"line":21,"column":9}}],"line":8},"1":{"loc":{"start":{"line":10,"column":12},"end":{"line":17,"column":13}},"type":"if","locations":[{"start":{"line":10,"column":12},"end":{"line":17,"column":13}},{"start":{"line":14,"column":17},"end":{"line":17,"column":13}}],"line":10},"2":{"loc":{"start":{"line":24,"column":8},"end":{"line":29,"column":9}},"type":"if","locations":[{"start":{"line":24,"column":8},"end":{"line":29,"column":9}},{"start":{"line":27,"column":15},"end":{"line":29,"column":9}}],"line":24},"3":{"loc":{"start":{"line":39,"column":12},"end":{"line":41,"column":13}},"type":"if","locations":[{"start":{"line":39,"column":12},"end":{"line":41,"column":13}},{"start":{},"end":{}}],"line":39},"4":{"loc":{"start":{"line":51,"column":8},"end":{"line":52,"column":30}},"type":"if","locations":[{"start":{"line":51,"column":8},"end":{"line":52,"column":30}},{"start":{},"end":{}}],"line":51},"5":{"loc":{"start":{"line":55,"column":12},"end":{"line":57,"column":13}},"type":"if","locations":[{"start":{"line":55,"column":12},"end":{"line":57,"column":13}},{"start":{},"end":{}}],"line":55},"6":{"loc":{"start":{"line":66,"column":8},"end":{"line":72,"column":9}},"type":"if","locations":[{"start":{"line":66,"column":8},"end":{"line":72,"column":9}},{"start":{"line":69,"column":15},"end":{"line":72,"column":9}}],"line":66},"7":{"loc":{"start":{"line":75,"column":8},"end":{"line":104,"column":9}},"type":"if","locations":[{"start":{"line":75,"column":8},"end":{"line":104,"column":9}},{"start":{"line":101,"column":15},"end":{"line":104,"column":9}}],"line":75},"8":{"loc":{"start":{"line":77,"column":12},"end":{"line":100,"column":13}},"type":"if","locations":[{"start":{"line":77,"column":12},"end":{"line":100,"column":13}},{"start":{"line":80,"column":19},"end":{"line":100,"column":13}}],"line":77},"9":{"loc":{"start":{"line":84,"column":16},"end":{"line":87,"column":341}},"type":"if","locations":[{"start":{"line":84,"column":16},"end":{"line":87,"column":341}},{"start":{"line":87,"column":20},"end":{"line":87,"column":341}}],"line":84},"10":{"loc":{"start":{"line":89,"column":16},"end":{"line":99,"column":17}},"type":"if","locations":[{"start":{"line":89,"column":16},"end":{"line":99,"column":17}},{"start":{"line":92,"column":23},"end":{"line":99,"column":17}}],"line":89},"11":{"loc":{"start":{"line":93,"column":20},"end":{"line":98,"column":46}},"type":"if","locations":[{"start":{"line":93,"column":20},"end":{"line":98,"column":46}},{"start":{"line":98,"column":24},"end":{"line":98,"column":46}}],"line":93},"12":{"loc":{"start":{"line":108,"column":8},"end":{"line":128,"column":9}},"type":"if","locations":[{"start":{"line":108,"column":8},"end":{"line":128,"column":9}},{"start":{"line":125,"column":15},"end":{"line":128,"column":9}}],"line":108},"13":{"loc":{"start":{"line":110,"column":12},"end":{"line":124,"column":13}},"type":"if","locations":[{"start":{"line":110,"column":12},"end":{"line":124,"column":13}},{"start":{"line":114,"column":17},"end":{"line":124,"column":13}}],"line":110},"14":{"loc":{"start":{"line":117,"column":16},"end":{"line":123,"column":17}},"type":"if","locations":[{"start":{"line":117,"column":16},"end":{"line":123,"column":17}},{"start":{"line":121,"column":21},"end":{"line":123,"column":17}}],"line":117}},"s":{"0":1,"1":1,"2":1,"3":0,"4":0,"5":0,"6":0,"7":0,"8":0,"9":0,"10":0,"11":0,"12":0,"13":0,"14":0,"15":0,"16":0,"17":0,"18":0,"19":0,"20":0,"21":0,"22":0,"23":0,"24":0,"25":0,"26":0,"27":0,"28":0,"29":0,"30":0,"31":0,"32":0,"33":0,"34":3,"35":3,"36":3,"37":0,"38":0,"39":3,"40":3,"41":1,"42":1,"43":1,"44":0,"45":0,"46":1,"47":1,"48":0,"49":1,"50":1,"51":0,"52":0,"53":1,"54":1,"55":1,"56":0,"57":0,"58":0,"59":1,"60":1,"61":1,"62":0,"63":0,"64":1,"65":1,"66":1,"67":0,"68":0,"69":1,"70":0,"71":0,"72":1},"f":{"0":0,"1":0,"2":0,"3":0,"4":0,"5":0,"6":0,"7":0,"8":3,"9":1,"10":1},"b":{"0":[0,0],"1":[0,0],"2":[0,0],"3":[0,0],"4":[0,0],"5":[0,0],"6":[0,3],"7":[1,0],"8":[0,1],"9":[0,1],"10":[0,1],"11":[1,0],"12":[1,0],"13":[0,1],"14":[0,1]},"_coverageSchema":"1a1c01bbd47fc00a2c39e90264f33305004495a9","hash":"8c8757614de6a77e4ff5994cd4f34e688a5d0c6f"}
,"/Users/capt.jacksparrow/Documents/Academics/DLSU/AY2324/Term1/SWENG/CSSWENG-S11-G1/server/controller/singleton_controller.js": {"path":"/Users/capt.jacksparrow/Documents/Academics/DLSU/AY2324/Term1/SWENG/CSSWENG-S11-G1/server/controller/singleton_controller.js","statementMap":{"0":{"start":{"line":1,"column":18},"end":{"line":1,"column":51}},"1":{"start":{"line":5,"column":13},"end":{"line":62,"column":1}},"2":{"start":{"line":7,"column":23},"end":{"line":7,"column":66}},"3":{"start":{"line":10,"column":23},"end":{"line":10,"column":67}},"4":{"start":{"line":11,"column":8},"end":{"line":17,"column":9}},"5":{"start":{"line":12,"column":12},"end":{"line":12,"column":28}},"6":{"start":{"line":13,"column":12},"end":{"line":13,"column":22}},"7":{"start":{"line":15,"column":12},"end":{"line":15,"column":28}},"8":{"start":{"line":16,"column":12},"end":{"line":16,"column":29}},"9":{"start":{"line":20,"column":23},"end":{"line":20,"column":67}},"10":{"start":{"line":21,"column":8},"end":{"line":26,"column":195}},"11":{"start":{"line":22,"column":12},"end":{"line":22,"column":45}},"12":{"start":{"line":23,"column":12},"end":{"line":23,"column":36}},"13":{"start":{"line":26,"column":12},"end":{"line":26,"column":195}},"14":{"start":{"line":29,"column":23},"end":{"line":29,"column":67}},"15":{"start":{"line":30,"column":8},"end":{"line":35,"column":236}},"16":{"start":{"line":31,"column":12},"end":{"line":31,"column":45}},"17":{"start":{"line":32,"column":12},"end":{"line":32,"column":35}},"18":{"start":{"line":35,"column":12},"end":{"line":35,"column":236}},"19":{"start":{"line":39,"column":27},"end":{"line":39,"column":71}},"20":{"start":{"line":40,"column":8},"end":{"line":40,"column":52}},"21":{"start":{"line":43,"column":8},"end":{"line":46,"column":404}},"22":{"start":{"line":44,"column":12},"end":{"line":44,"column":369}},"23":{"start":{"line":46,"column":12},"end":{"line":46,"column":404}},"24":{"start":{"line":48,"column":23},"end":{"line":48,"column":88}},"25":{"start":{"line":49,"column":8},"end":{"line":60,"column":9}},"26":{"start":{"line":50,"column":12},"end":{"line":50,"column":28}},"27":{"start":{"line":51,"column":12},"end":{"line":51,"column":22}},"28":{"start":{"line":53,"column":12},"end":{"line":59,"column":13}},"29":{"start":{"line":54,"column":16},"end":{"line":54,"column":23}},"30":{"start":{"line":57,"column":16},"end":{"line":57,"column":25}},"31":{"start":{"line":58,"column":16},"end":{"line":58,"column":32}},"32":{"start":{"line":64,"column":0},"end":{"line":64,"column":22}}},"fnMap":{"0":{"name":"(anonymous_0)","decl":{"start":{"line":6,"column":25},"end":{"line":6,"column":26}},"loc":{"start":{"line":6,"column":43},"end":{"line":8,"column":5}},"line":6},"1":{"name":"(anonymous_1)","decl":{"start":{"line":9,"column":18},"end":{"line":9,"column":19}},"loc":{"start":{"line":9,"column":44},"end":{"line":18,"column":5}},"line":9},"2":{"name":"(anonymous_2)","decl":{"start":{"line":19,"column":15},"end":{"line":19,"column":16}},"loc":{"start":{"line":19,"column":33},"end":{"line":27,"column":5}},"line":19},"3":{"name":"(anonymous_3)","decl":{"start":{"line":28,"column":14},"end":{"line":28,"column":15}},"loc":{"start":{"line":28,"column":32},"end":{"line":36,"column":5}},"line":28},"4":{"name":"(anonymous_4)","decl":{"start":{"line":37,"column":18},"end":{"line":37,"column":19}},"loc":{"start":{"line":37,"column":50},"end":{"line":61,"column":5}},"line":37}},"branchMap":{"0":{"loc":{"start":{"line":11,"column":8},"end":{"line":17,"column":9}},"type":"if","locations":[{"start":{"line":11,"column":8},"end":{"line":17,"column":9}},{"start":{"line":14,"column":15},"end":{"line":17,"column":9}}],"line":11},"1":{"loc":{"start":{"line":21,"column":8},"end":{"line":26,"column":195}},"type":"if","locations":[{"start":{"line":21,"column":8},"end":{"line":26,"column":195}},{"start":{"line":26,"column":12},"end":{"line":26,"column":195}}],"line":21},"2":{"loc":{"start":{"line":30,"column":8},"end":{"line":35,"column":236}},"type":"if","locations":[{"start":{"line":30,"column":8},"end":{"line":35,"column":236}},{"start":{"line":35,"column":12},"end":{"line":35,"column":236}}],"line":30},"3":{"loc":{"start":{"line":43,"column":8},"end":{"line":46,"column":404}},"type":"if","locations":[{"start":{"line":43,"column":8},"end":{"line":46,"column":404}},{"start":{"line":46,"column":12},"end":{"line":46,"column":404}}],"line":43},"4":{"loc":{"start":{"line":49,"column":8},"end":{"line":60,"column":9}},"type":"if","locations":[{"start":{"line":49,"column":8},"end":{"line":60,"column":9}},{"start":{"line":52,"column":15},"en
[...]
,"/Users/capt.jacksparrow/Documents/Academics/DLSU/AY2324/Term1/SWENG/CSSWENG-S11-G1/server/models/project.js": {"path":"/Users/capt.jacksparrow/Documents/Academics/DLSU/AY2324/Term1/SWENG/CSSWENG-S11-G1/server/models/project.js","statementMap":{"0":{"start":{"line":1,"column":17},"end":{"line":1,"column":36}},"1":{"start":{"line":3,"column":15},"end":{"line":3,"column":30}},"2":{"start":{"line":4,"column":22},"end":{"line":39,"column":2}},"3":{"start":{"line":41,"column":0},"end":{"line":41,"column":58}}},"fnMap":{},"branchMap":{},"s":{"0":1,"1":1,"2":1,"3":1},"f":{},"b":{},"_coverageSchema":"1a1c01bbd47fc00a2c39e90264f33305004495a9","hash":"758099caf754dd712c2ddc579b2ea6f73e0ace66"}
,"/Users/capt.jacksparrow/Documents/Academics/DLSU/AY2324/Term1/SWENG/CSSWENG-S11-G1/server/models/singleton.js": {"path":"/Users/capt.jacksparrow/Documents/Academics/DLSU/AY2324/Term1/SWENG/CSSWENG-S11-G1/server/models/singleton.js","statementMap":{"0":{"start":{"line":1,"column":17},"end":{"line":1,"column":36}},"1":{"start":{"line":3,"column":15},"end":{"line":3,"column":30}},"2":{"start":{"line":4,"column":24},"end":{"line":76,"column":31}},"3":{"start":{"line":78,"column":0},"end":{"line":78,"column":62}}},"fnMap":{},"branchMap":{},"s":{"0":1,"1":1,"2":1,"3":1},"f":{},"b":{},"_coverageSchema":"1a1c01bbd47fc00a2c39e90264f33305004495a9","hash":"4db2d0a27a80a7f2c8c3ebdd67d789a9f7133f0f"}
,"/Users/capt.jacksparrow/Documents/Academics/DLSU/AY2324/Term1/SWENG/CSSWENG-S11-G1/server/routes/main.js": {"path":"/Users/capt.jacksparrow/Documents/Academics/DLSU/AY2324/Term1/SWENG/CSSWENG-S11-G1/server/routes/main.js","statementMap":{"0":{"start":{"line":1,"column":16},"end":{"line":1,"column":34}},"1":{"start":{"line":2,"column":15},"end":{"line":2,"column":31}},"2":{"start":{"line":3,"column":24},"end":{"line":3,"column":68}},"3":{"start":{"line":4,"column":26},"end":{"line":4,"column":72}},"4":{"start":{"line":5,"column":24},"end":{"line":5,"column":68}},"5":{"start":{"line":6,"column":24},"end":{"line":6,"column":68}},"6":{"start":{"line":7,"column":29},"end":{"line":7,"column":78}},"7":{"start":{"line":8,"column":28},"end":{"line":8,"column":76}},"8":{"start":{"line":9,"column":27},"end":{"line":9,"column":74}},"9":{"start":{"line":10,"column":20},"end":{"line":10,"column":70}},"10":{"start":{"line":12,"column":0},"end":{"line":19,"column":3}},"11":{"start":{"line":13,"column":4},"end":{"line":18,"column":7}},"12":{"start":{"line":21,"column":0},"end":{"line":23,"column":3}},"13":{"start":{"line":22,"column":4},"end":{"line":22,"column":71}},"14":{"start":{"line":25,"column":0},"end":{"line":25,"column":54}},"15":{"start":{"line":26,"column":0},"end":{"line":26,"column":61}},"16":{"start":{"line":29,"column":0},"end":{"line":29,"column":63}},"17":{"start":{"line":30,"column":0},"end":{"line":30,"column":97}},"18":{"start":{"line":31,"column":0},"end":{"line":31,"column":130}},"19":{"start":{"line":32,"column":0},"end":{"line":32,"column":102}},"20":{"start":{"line":35,"column":0},"end":{"line":35,"column":57}},"21":{"start":{"line":36,"column":0},"end":{"line":36,"column":91}},"22":{"start":{"line":37,"column":0},"end":{"line":37,"column":124}},"23":{"start":{"line":38,"column":0},"end":{"line":38,"column":96}},"24":{"start":{"line":41,"column":0},"end":{"line":41,"column":57}},"25":{"start":{"line":42,"column":0},"end":{"line":42,"column":90}},"26":{"start":{"line":43,"column":0},"end":{"line":43,"column":124}},"27":{"start":{"line":44,"column":0},"end":{"line":44,"column":96}},"28":{"start":{"line":47,"column":0},"end":{"line":47,"column":72}},"29":{"start":{"line":48,"column":0},"end":{"line":48,"column":106}},"30":{"start":{"line":49,"column":0},"end":{"line":49,"column":140}},"31":{"start":{"line":50,"column":0},"end":{"line":50,"column":112}},"32":{"start":{"line":52,"column":0},"end":{"line":52,"column":63}},"33":{"start":{"line":53,"column":0},"end":{"line":53,"column":129}},"34":{"start":{"line":55,"column":0},"end":{"line":55,"column":59}},"35":{"start":{"line":56,"column":0},"end":{"line":56,"column":60}},"36":{"start":{"line":57,"column":0},"end":{"line":57,"column":70}},"37":{"start":{"line":58,"column":0},"end":{"line":58,"column":76}},"38":{"start":{"line":59,"column":0},"end":{"line":59,"column":65}},"39":{"start":{"line":60,"column":0},"end":{"line":60,"column":59}},"40":{"start":{"line":61,"column":0},"end":{"line":61,"column":99}},"41":{"start":{"line":62,"column":0},"end":{"line":62,"column":64}},"42":{"start":{"line":63,"column":0},"end":{"line":63,"column":60}},"43":{"start":{"line":65,"column":0},"end":{"line":147,"column":3}},"44":{"start":{"line":69,"column":4},"end":{"line":99,"column":5}},"45":{"start":{"line":70,"column":8},"end":{"line":70,"column":89}},"46":{"start":{"line":71,"column":8},"end":{"line":71,"column":97}},"47":{"start":{"line":72,"column":8},"end":{"line":72,"column":101}},"48":{"start":{"line":73,"column":8},"end":{"line":73,"column":95}},"49":{"start":{"line":75,"column":8},"end":{"line":75,"column":89}},"50":{"start":{"line":76,"column":8},"end":{"line":76,"column":83}},"51":{"start":{"line":77,"column":8},"end":{"line":77,"column":91}},"52":{"start":{"line":78,"column":11},"end":{"line":99,"column":5}},"53":{"start":{"line":79,"column":8},"end":{"line":79,"column":85}},"54":{"start":{"line":80,"column":8},"end":{"line":80,"column":93}},"55":{"start":{"line":81,"column":8},"end":{"line":81,"column":97}},"56":{"start":{"line":82,"column":8},"end":{"line":82,"column":91}},"57":{"start":{"line":84,"column":8},"end":{"line":84,"column":85}},"58":{"start":{"line":85,"column":8},"end":{"line":85,"column":79}},"59":{"start":{"line":86,"column":8},"end":{"line":86,"column":87}},"60":{"start":{"line":87,"column":11},"end":{"line":99,"column":5}},"61":{"start":{"line":88,"column":8},"end":{"line":88,"column":95}},"62":{"start":{"line":89,"column":8},"end":{"line":89,"column":103}},"63":{"start":{"line":90,"column":8},"end":{"line":90,"column":107}},"64":{"start":{"line":91,"column":8},"end":{"line":91,"column":101}},"65":{"start":{"line":93,"column":8},"end":{"line":93,"column":95}},"66":{"start":{"line":94,"column":8},"end":{"line":94,"column":89}},"67":{"start":{"line":95,"column":8},"end":{"line":95,"column":97}},"68":{"start":{"line":97,"column":8},"end":{"line":97,"column":29}},"69":{"start":{"line":98,"column":8},"end":{"line":98,"column":15}},"70":{"start":{"line":100,"column":4},"end":{"line":142,"column":5}},"71":{"start":{"line":101,"column":8},"end":{"line":105,"column":9}},"72":{"start":{"line":102,"column":12},"end":{"line":102,"column":46}},"73":{"start":{"line":104,"column":12},"end":{"line":104,"column":40}},"74":{"start":{"line":106,"column":8},"end":{"line":110,"column":9}},"75":{"start":{"line":107,"column":12},"end":{"line":107,"column":54}},"76":{"start":{"line":109,"column":12},"end":{"line":109,"column":44}},"77":{"start":{"line":111,"column":8},"end":{"line":115,"column":9}},"78":{"start":{"line":112,"column":12},"end":{"line":112,"column":58}},"79":{"start":{"line":114,"column":12},"end":{"line":114,"column":46}},"80":{"start":{"line":116,"column":8},"end":{"line":120,"column":9}},"81":{"start":{"line":117,"column":12},"end":{"line":117,"column":52}},"82":{"start":{"line":119,"column":12},"end":{"line":119,"column":43}},"83":{"start":{"line":121,"column":11},"end":{"line":142,"column":5}},"84":{"start":{"line":122,"column":8},"end":{"line":126,"column":9}},"85":{"start":{"line":123,"column":12},"end":{"line":123,"column":46}},"86":{"start":{"line":125,"column":12},"end":{"line":125,"column":40}},"87":{"start":{"line":127,"column":8},"end":{"line":131,"column":9}},"88":{"start":{"line":128,"column":12},"end":{"line":128,"column":54}},"89":{"start":{"line":130,"column":12},"end":{"line":130,"column":44}},"90":{"start":{"line":132,"column":8},"end":{"line":136,"column":9}},"91":{"start":{"line":133,"column":12},"end":{"line":133,"column":58}},"92":{"start":{"line":135,"column":12},"end":{"line":135,"column":46}},"93":{"start":{"line":137,"column":8},"end":{"line":141,"column":9}},"94":{"start":{"line":138,"column":12},"end":{"line":138,"column":52}},"95":{"start":{"line":140,"column":12},"end":{"line":140,"column":43}},"96":{"start":{"line":143,"column":4},"end":{"line":146,"column":7}},"97":{"start":{"line":149,"column":0},"end":{"line":193,"column":3}},"98":{"start":{"line":150,"column":4},"end":{"line":192,"column":5}},"99":{"start":{"line":151,"column":17},"end":{"line":151,"column":30}},"100":{"start":{"line":152,"column":22},"end":{"line":152,"column":64}},"101":{"start":{"line":153,"column":8},"end":{"line":156,"column":9}},"102":{"start":{"line":154,"column":12},"end":{"line":154,"column":33}},"103":{"start":{"line":155,"column":12},"end":{"line":155,"column":19}},"104":{"start":{"line":157,"column":8},"end":{"line":165,"column":11}},"105":{"start":{"line":166,"column":11},"end":{"line":192,"column":5}},"106":{"start":{"line":167,"column":17},"end":{"line":167,"column":30}},"107":{"start":{"line":168,"column":22},"end":{"line":168,"column":60}},"108":{"start":{"line":169,"column":8},"end":{"line":172,"column":9}},"109":{"start":{"line":170,"column":12},"end":{"line":170,"column":33}},"110":{"start":{"line":171,"column":12},"end":{"line":171,"column":19}},"111":{"start":{"line":173,"column":26},"end":{"line":173,"column":184}},"112":{"start":{"line":174,"column":24},"end":{"line":174,"column":176}},"113":{"start":{"line":175,"column":8},"end":{"line":179,"column":11}},"114":{"start":{"line":180,"column":11},"end":{"line":192,"column":5}},"115":{"start":{"line":181,"column":17},"end":{"line":181,"column":30}},"116":{"start":{"line":182,"column":22},"end":{"line":182,"column":70}},"117":{"start":{"line":183,"column":8},"end":{"line":186,"column":9}},"118":{"start":{"line":184,"column":12},"end":{"line":184,"column":33}},"119":{"start":{"line":185,"column":12},"end":{"line":185,"column":19}},"120":{"start":{"line":187,"column":8},"end":{"line":191,"column":11}},"121":{"start":{"line":197,"column":0},"end":{"line":224,"column":3}},"122":{"start":{"line":198,"column":4},"end":{"line":223,"column":29}},"123":{"start":{"line":200,"column":23},"end":{"line":200,"column":28}},"124":{"start":{"line":201,"column":8},"end":{"line":217,"column":9}},"125":{"start":{"line":203,"column":16},"end":{"line":203,"column":64}},"126":{"start":{"line":204,"column":16},"end":{"line":204,"column":22}},"127":{"start":{"line":206,"column":16},"end":{"line":206,"column":62}},"128":{"start":{"line":207,"column":16},"end":{"line":207,"column":22}},"129":{"start":{"line":209,"column":16},"end":{"line":209,"column":60}},"130":{"start":{"line":210,"column":16},"end":{"line":210,"column":22}},"131":{"start":{"line":212,"column":16},"end":{"line":212,"column":70}},"132":{"start":{"line":213,"column":16},"end":{"line":213,"column":22}},"133":{"start":{"line":215,"column":16},"end":{"line":215,"column":37}},"134":{"start":{"line":216,"column":16},"end":{"line":216,"column":23}},"135":{"start":{"line":218,"column":8},"end":{"line":218,"column":106}},"136":{"start":{"line":219,"column":11},"end":{"line":223,"column":29}},"137":{"start":{"line":220,"column":8},"end":{"line":220,"column":174}},"138":{"start":{"line":223,"column":8},"end":{"line":223,"column":29}},"139":{"start":{"line":226,"column":0},"end":{"line":228,"column":2}},"140":{"start":{"line":227,"column":4},"end":{"line":227,"column":25}},"141":{"start":{"line":230,"column":0},"end":{"line":230,"column":24}}},"fnMap":{"0":{"name":"(anonymous_0)","decl":{"start":{"line":12,"column":16},"end":{"line":12,"column":17}},"loc":{"start":{"line":12,"column":36},"end":{"line":19,"column":1}},"line":12},"1":{"name":"(anonymous_1)","decl":{"start":{"line":21,"column":19},"end":{"line":21,"column":20}},"loc":{"start":{"line":21,"column":39},"end":{"line":23,"column":1}},"line":21},"2":{"name":"(anonymous_2)","decl":{"start":{"line":65,"column":29},"end":{"line":65,"column":30}},"loc":{"start":{"line":65,"column":49},"end":{"line":147,"column":1}},"line":65},"3":{"name":"(anonymous_3)","decl":{"start":{"line":149,"column":30},"end":{"line":149,"column":31}},"loc":{"start":{"line":149,"column":50},"end":{"line":193,"column":1}},"line":149},"4":{"name":"(anonymous_4)","decl":{"start":{"line":197,"column":40},"end":{"line":197,"column":41}},"loc":{"start":{"line":197,"column":66},"end":{"line":224,"column":1}},"line":197},"5":{"name":"(anonymous_5)","decl":{"start":{"line":226,"column":11},"end":{"line":226,"column":12}},"loc":{"start":{"line":226,"column":31},"end":{"line":228,"column":1}},"line":226}},"branchMap":{"0":{"loc":{"start":{"line":69,"column":4},"end":{"line":99,"column":5}},"type":"if","locations":[{"start":{"line":69,"column":4},"end":{"line":99,"column":5}},{"start":{"line":78,"column":11},"end":{"line":99,"column":5}}],"line":69},"1":{"loc":{"start":{"line":78,"column":11},"end":{"line":99,"column":5}},"type":"if","locations":[{"start":{"line":78,"column":11},"end":{"line":99,"column":5}},{"start":{"line":87,"column":11},"end":{"line":99,"column":5}}],"line":78},"2":{"loc":{"start":{"line":87,"column":11},"end":{"line":99,"column":5}},"type":"if","locations":[{"start":{"line":87,"column":11},"end":{"line":99,"column":5}},{"start":{"line":96,"column":11},"end":{"line":99,"column":5}}],"line":87},"3":{"loc":{"start":{"line":100,"column":4},"end":{"line":142,"column":5}},"type":"if","locations":[{"start":{"line":100,"column":4},"end":{"line":142,"column":5}},{"start":{"line":121,"column":11},"end":{"line":142,"column":5}}],"line":100},"4":{"loc":{"start":{"line":100,"column":8},"end":{"line":100,"column":66}},"type":"binary-expr","locations":[{"start":{"line":100,"column":8},"end":{"line":100,"column":36}},{"start":{"line":100,"column":40},"end":{"line":100,"column":66}}],"line":100},"5":{"loc":{"start":{"line":101,"column":8},"end":{"line":105,"column":9}},"type":"if","locations":[{"start":{"line":101,"column":8},"end":{"line":105,"column":9}},{"start":{"line":103,"column":15},"end":{"line":105,"column":9}}],"line":101},"6":{"loc":{"start":{"line":106,"column":8},"end":{"line":110,"column":9}},"type":"if","locations":[{"start":{"line":106,"column":8},"end":{"line":110,"column":9}},{"start":{"line":108,"column":15},"end":{"line":110,"column":9}}],"line":106},"7":{"loc":{"start":{"line":111,"column":8},"end":{"line":115,"column":9}},"type":"if","locations":[{"start":{"line":111,"column":8},"end":{"line":115,"column":9}},{"start":{"line":113,"column":15},"end":{"line":115,"column":9}}],"line":111},"8":{"loc":{"start":{"line":116,"column":8},"end":{"line":120,"column":9}},"type":"if","locations":[{"start":{"line":116,"column":8},"end":{"line":120,"column":9}},{"start":{"line":118,"column":15},"end":{"line":120,"column":9}}],"line":116},"9":{"loc":{"start":{"line":121,"column":11},"end":{"line":142,"column":5}},"type":"if","locations":[{"start":{"line":121,"column":11},"end":{"line":142,"column":5}},{"start":{},"end":{}}],"line":121},"10":{"loc":{"start":{"line":122,"column":8},"end":{"line":126,"column":9}},"type":"if","locations":[{"start":{"line":122,"column":8},"end":{"line":126,"column":9}},{"start":{"line":124,"column":15},"end":{"line":126,"column":9}}],"line":122},"11":{"loc":{"start":{"line":127,"column":8},"end":{"line":131,"column":9}},"type":"if","locations":[{"start":{"line":127,"column":8},"end":{"line":131,"column":9}},{"start":{"line":129,"column":15},"end":{"line":131,"column":9}}],"line":127},"12":{"loc":{"start":{"line":132,"column":8},"end":{"line":136,"column":9}},"type":"if","locations":[{"start":{"line":132,"column":8},"end":{"line":136,"column":9}},{"start":{"line":134,"column":15},"end":{"line":136,"column":9}}],"line":132},"13":{"loc":{"start":{"line":137,"column":8},"end":{"line":141,"column":9}},"type":"if","locations":[{"start":{"line":137,"column":8},"end":{"line":141,"column":9}},{"start":{"line":139,"column":15},"end":{"line":141,"column":9}}],"line":137},"14":{"loc":{"start":{"line":150,"column":4},"end":{"line":192,"column":5}},"type":"if","locations":[{"start":{"line":150,"column":4},"end":{"line":192,"column":5}},{"start":{"line":166,"column":11},"end":{"line":192,"column":5}}],"line":150},"15":{"loc":{"start":{"line":153,"column":8},"end":{"line":156,"column":9}},"type":"if","locations":[{"start":{"line":153,"column":8},"end":{"line":156,"column":9}},{"start":{},"end":{}}],"line":153},"16":{"loc":{"start":{"line":166,"column":11},"end":{"line":192,"column":5}},"type":"if","locations":[{"start":{"line":166,"column":11},"end":{"line":192,"column":5}},{"start":{"line":180,"column":11},"end":{"line":192,"column":5}}],"line":166},"17":{"loc":{"start":{"line":169,"column":8},"end":{"line":172,"column":9}},"type":"if","locations":[{"start":{"line":169,"column":8},"end":{"line":172,"column":9}},{"start":{},"end":{}}],"line":169},"18":{"loc":{"start":{"line":180,"column":11},"end":{"line":192,"column":5}},"type":"if","locations":[{"start":{"line":180,"column":11},"end":{"line":192,"column":5}},{"start":{},"end":{}}],"line":180},"19":{"loc":{"start":{"line":183,"column":8},"end":{"line":186,"column":9}},"type":"if","locations":[{"start":{"line":183,"column":8},"end":{"line":186,"column":9}},{"start":{},"end":{}}],"line":183},"20":{"loc":{"start":{"line":198,"column":4},"end":{"line":223,"column":29}},"type":"if","locations":[{"start":{"line":198,"column":4},"end":{"line":223,"column":29}},{"start":{"line":219,"column":11},"end":{"line":223,"column":29}}],"line":198},"21":{"loc":{"start":{"line":201,"column":8},"end":{"line":217,"column":9}},"type":"switch","locations":[{"start":{"line":202,"column":12},"end":{"line":204,"column":22}},{"start":{"line":205,"column":12},"end":{"line":207,"column":22}},{"start":{"line":208,"column":12},"end":{"line":210,"column":22}},{"start":{"line":211,"column":12},"end":{"line":213,"column":22}},{"start":{"line":214,"column":12},"end":{"line":216,"column":23}}],"line":201},"22":{"loc":{"start":{"line":219,"column":11},"end":{"line":223,"column":29}},"type":"if","locations":[{"start":{"line":219,"column":11},"end":{"line":223,"column":29}},{"start":{"line":223,"column":8},"end":{"line":223,"column":29}}],"line":219},"23":{"loc":{"start":{"line":219,"column":15},"end":{"line":219,"column":72}},"type":"binary-expr","locations":[{"start":{"line":219,"column":15},"end":{"line":219,"column":41}},{"start":{"line":219,"column":45},"end":{"line":219,"column":72}}],"line":219}},"s":{"0":1,"1":1,"2":1,"3":1,"4":1,"5":1,"6":1,"7":1,"8":1,"9":1,"10":1,"11":0,"12":1,"13":0,"14":1,"15":1,"16":1,"17":1,"18":1,"19":1,"20":1,"21":1,"22":1,"23":1,"24":1,"25":1,"26":1,"27":1,"28":1,"29":1,"30":1,"31":1,"32":1,"33":1,"34":1,"35":1,"36":1,"37":1,"38":1,"39":1,"40":1,"41":1,"42":1,"43":1,"44":0,"45":0,"46":0,"47":0,"48":0,"49":0,"50":0,"51":0,"52":0,"53":0,"54":0,"55":0,"56":0,"57":0,"58":0,"59":0,"60":0,"61":0,"62":0,"63":0,"64":0,"65":0,"66":0,"67":0,"68":0,"69":0,"70":0,"71":0,"72":0,"73":0,"74":0,"75":0,"76":0,"77":0,"78":0,"79":0,"80":0,"81":0,"82":0,"83":0,"84":0,"85":0,"86":0,"87":0,"88":0,"89":0,"90":0,"91":0,"92":0,"93":0,"94":0,"95":0,"96":0,"97":1,"98":0,"99":0,"100":0,"101":0,"102":0,"103":0,"104":0,"105":0,"106":0,"107":0,"108":0,"109":0,"110":0,"111":0,"112":0,"113":0,"114":0,"115":0,"116":0,"117":0,"118":0,"119":0,"120":0,"121":1,"122":0,"123":0,"124":0,"125":0,"126":0,"127":0,"128":0,"129":0,"130":0,"131":0,"132":0,"133":0,"134":0,"135":0,"136":0,"137":0,"138":0,"139":1,"140":2,"141":1},"f":{"0":0,"1":0,"2":0,"3":0,"4":0,"5":2},"b":{"0":[0,0],"1":[0,0],"2":[0,0],"3":[0,0],"4":[0,0],"5":[0,0],"6":[0,0],"7":[0,0],"8":[0,0],"9":[0,0],"10":[0,0],"11":[0,0],"12":[0,0],"13":[0,0],"14":[0,0],"15":[0,0],"16":[0,0],"17":[0,0],"18":[0,0],"19":[0,0],"20":[0,0],"21":[0,0,0,0,0],"22":[0,0],"23":[0,0]},"_coverageSchema":"1a1c01bbd47fc00a2c39e90264f33305004495a9","hash":"6e6d33824037efb41af6af9c3f070efe83936eff"}
}
