{"/Users/capt.jacksparrow/Documents/Academics/DLSU/AY2324/Term1/SWENG/CSSWENG-S11-G1/app.js": {"path":"/Users/capt.jacksparrow/Documents/Academics/DLSU/AY2324/Term1/SWENG/CSSWENG-S11-G1/app.js","statementMap":{"0":{"start":{"line":1,"column":13},"end":{"line":1,"column":28}},"1":{"start":{"line":2,"column":0},"end":{"line":2,"column":70}},"2":{"start":{"line":4,"column":16},"end":{"line":4,"column":34}},"3":{"start":{"line":5,"column":17},"end":{"line":5,"column":36}},"4":{"start":{"line":6,"column":19},"end":{"line":6,"column":41}},"5":{"start":{"line":7,"column":15},"end":{"line":7,"column":44}},"6":{"start":{"line":8,"column":12},"end":{"line":8,"column":33}},"7":{"start":{"line":9,"column":15},"end":{"line":9,"column":32}},"8":{"start":{"line":10,"column":16},"end":{"line":10,"column":40}},"9":{"start":{"line":12,"column":12},"end":{"line":12,"column":21}},"10":{"start":{"line":15,"column":0},"end":{"line":15,"column":34}},"11":{"start":{"line":16,"column":0},"end":{"line":16,"column":24}},"12":{"start":{"line":17,"column":0},"end":{"line":17,"column":19}},"13":{"start":{"line":18,"column":0},"end":{"line":18,"column":36}},"14":{"start":{"line":19,"column":0},"end":{"line":71,"column":4}},"15":{"start":{"line":22,"column":12},"end":{"line":22,"column":39}},"16":{"start":{"line":25,"column":12},"end":{"line":25,"column":66}},"17":{"start":{"line":28,"column":12},"end":{"line":28,"column":50}},"18":{"start":{"line":31,"column":12},"end":{"line":31,"column":43}},"19":{"start":{"line":34,"column":28},"end":{"line":34,"column":59}},"20":{"start":{"line":35,"column":27},"end":{"line":35,"column":39}},"21":{"start":{"line":36,"column":22},"end":{"line":36,"column":27}},"22":{"start":{"line":37,"column":12},"end":{"line":42,"column":13}},"23":{"start":{"line":37,"column":24},"end":{"line":37,"column":25}},"24":{"start":{"line":38,"column":16},"end":{"line":41,"column":17}},"25":{"start":{"line":39,"column":20},"end":{"line":39,"column":31}},"26":{"start":{"line":40,"column":20},"end":{"line":40,"column":26}},"27":{"start":{"line":43,"column":12},"end":{"line":48,"column":13}},"28":{"start":{"line":44,"column":16},"end":{"line":44,"column":40}},"29":{"start":{"line":47,"column":16},"end":{"line":47,"column":45}},"30":{"start":{"line":51,"column":12},"end":{"line":51,"column":56}},"31":{"start":{"line":54,"column":23},"end":{"line":54,"column":45}},"32":{"start":{"line":55,"column":12},"end":{"line":55,"column":65}},"33":{"start":{"line":56,"column":12},"end":{"line":56,"column":24}},"34":{"start":{"line":59,"column":12},"end":{"line":59,"column":117}},"35":{"start":{"line":62,"column":12},"end":{"line":62,"column":75}},"36":{"start":{"line":65,"column":12},"end":{"line":65,"column":79}},"37":{"start":{"line":68,"column":12},"end":{"line":68,"column":39}},"38":{"start":{"line":72,"column":0},"end":{"line":72,"column":30}},"39":{"start":{"line":73,"column":0},"end":{"line":73,"column":35}},"40":{"start":{"line":75,"column":0},"end":{"line":75,"column":49}},"41":{"start":{"line":77,"column":0},"end":{"line":77,"column":21}}},"fnMap":{"0":{"name":"(anonymous_0)","decl":{"start":{"line":21,"column":13},"end":{"line":21,"column":14}},"loc":{"start":{"line":21,"column":30},"end":{"line":23,"column":9}},"line":21},"1":{"name":"(anonymous_1)","decl":{"start":{"line":24,"column":13},"end":{"line":24,"column":14}},"loc":{"start":{"line":24,"column":30},"end":{"line":26,"column":9}},"line":24},"2":{"name":"(anonymous_2)","decl":{"start":{"line":27,"column":16},"end":{"line":27,"column":17}},"loc":{"start":{"line":27,"column":33},"end":{"line":29,"column":9}},"line":27},"3":{"name":"(anonymous_3)","decl":{"start":{"line":30,"column":14},"end":{"line":30,"column":15}},"loc":{"start":{"line":30,"column":31},"end":{"line":32,"column":9}},"line":30},"4":{"name":"(anonymous_4)","decl":{"start":{"line":33,"column":18},"end":{"line":33,"column":19}},"loc":{"start":{"line":33,"column":30},"end":{"line":49,"column":9}},"line":33},"5":{"name":"(anonymous_5)","decl":{"start":{"line":50,"column":14},"end":{"line":50,"column":15}},"loc":{"start":{"line":50,"column":29},"end":{"line":52,"column":9}},"line":50},"6":{"name":"(anonymous_6)","decl":{"start":{"line":53,"column":14},"end":{"line":53,"column":15}},"loc":{"start":{"line":53,"column":29},"end":{"line":57,"column":9}},"line":53},"7":{"name":"(anonymous_7)","decl":{"start":{"line":58,"column":15},"end":{"line":58,"column":16}},"loc":{"start":{"line":58,"column":30},"end":{"line":60,"column":9}},"line":58},"8":{"name":"(anonymous_8)","decl":{"start":{"line":61,"column":19},"end":{"line":61,"column":20}},"loc":{"start":{"line":61,"column":34},"end":{"line":63,"column":9}},"line":61},"9":{"name":"(anonymous_9)","decl":{"start":{"line":64,"column":21},"end":{"line":64,"column":22}},"loc":{"start":{"line":64,"column":36},"end":{"line":66,"column":9}},"line":64},"10":{"name":"(anonymous_10)","decl":{"start":{"line":67,"column":15},"end":{"line":67,"column":16}},"loc":{"start":{"line":67,"column":30},"end":{"line":69,"column":9}},"line":67}},"branchMap":{"0":{"loc":{"start":{"line":38,"column":16},"end":{"line":41,"column":17}},"type":"if","locations":[{"start":{"line":38,"column":16},"end":{"line":41,"column":17}},{"start":{},"end":{}}],"line":38},"1":{"loc":{"start":{"line":43,"column":12},"end":{"line":48,"column":13}},"type":"if","locations":[{"start":{"line":43,"column":12},"end":{"line":48,"column":13}},{"start":{"line":46,"column":17},"end":{"line":48,"column":13}}],"line":43},"2":{"loc":{"start":{"line":51,"column":19},"end":{"line":51,"column":55}},"type":"cond-expr","locations":[{"start":{"line":51,"column":41},"end":{"line":51,"column":47}},{"start":{"line":51,"column":50},"end":{"line":51,"column":55}}],"line":51}},"s":{"0":1,"1":1,"2":1,"3":1,"4":1,"5":1,"6":1,"7":1,"8":1,"9":1,"10":1,"11":1,"12":1,"13":1,"14":1,"15":0,"16":0,"17":0,"18":0,"19":0,"20":0,"21":0,"22":0,"23":0,"24":0,"25":0,"26":0,"27":0,"28":0,"29":0,"30":0,"31":0,"32":0,"33":0,"34":0,"35":0,"36":0,"37":0,"38":1,"39":1,"40":1,"41":1},"f":{"0":0,"1":0,"2":0,"3":0,"4":0,"5":0,"6":0,"7":0,"8":0,"9":0,"10":0},"b":{"0":[0,0],"1":[0,0],"2":[0,0]},"_coverageSchema":"1a1c01bbd47fc00a2c39e90264f33305004495a9","hash":"9efb4775526804eb3fc295dee8637368a3651837"}
,"/Users/capt.jacksparrow/Documents/Academics/DLSU/AY2324/Term1/SWENG/CSSWENG-S11-G1/server/config/db.js": {"path":"/Users/capt.jacksparrow/Documents/Academics/DLSU/AY2324/Term1/SWENG/CSSWENG-S11-G1/server/config/db.js","statementMap":{"0":{"start":{"line":1,"column":17},"end":{"line":1,"column":36}},"1":{"start":{"line":5,"column":16},"end":{"line":8,"column":1}},"2":{"start":{"line":10,"column":17},"end":{"line":135,"column":1}},"3":{"start":{"line":17,"column":8},"end":{"line":17,"column":59}},"4":{"start":{"line":18,"column":8},"end":{"line":18,"column":35}},"5":{"start":{"line":19,"column":8},"end":{"line":19,"column":69}},"6":{"start":{"line":20,"column":8},"end":{"line":20,"column":25}},"7":{"start":{"line":23,"column":8},"end":{"line":23,"column":64}},"8":{"start":{"line":24,"column":8},"end":{"line":24,"column":35}},"9":{"start":{"line":25,"column":8},"end":{"line":25,"column":74}},"10":{"start":{"line":26,"column":8},"end":{"line":26,"column":25}},"11":{"start":{"line":32,"column":28},"end":{"line":32,"column":62}},"12":{"start":{"line":33,"column":8},"end":{"line":49,"column":9}},"13":{"start":{"line":34,"column":29},"end":{"line":34,"column":66}},"14":{"start":{"line":35,"column":10},"end":{"line":48,"column":11}},"15":{"start":{"line":36,"column":12},"end":{"line":36,"column":36}},"16":{"start":{"line":40,"column":12},"end":{"line":40,"column":57}},"17":{"start":{"line":40,"column":50},"end":{"line":40,"column":57}},"18":{"start":{"line":44,"column":12},"end":{"line":45,"column":21}},"19":{"start":{"line":45,"column":14},"end":{"line":45,"column":21}},"20":{"start":{"line":47,"column":12},"end":{"line":47,"column":39}},"21":{"start":{"line":53,"column":28},"end":{"line":53,"column":62}},"22":{"start":{"line":54,"column":8},"end":{"line":60,"column":9}},"23":{"start":{"line":55,"column":12},"end":{"line":58,"column":13}},"24":{"start":{"line":56,"column":35},"end":{"line":56,"column":72}},"25":{"start":{"line":57,"column":16},"end":{"line":57,"column":46}},"26":{"start":{"line":67,"column":8},"end":{"line":67,"column":39}},"27":{"start":{"line":74,"column":8},"end":{"line":74,"column":44}},"28":{"start":{"line":84,"column":8},"end":{"line":84,"column":54}},"29":{"start":{"line":94,"column":8},"end":{"line":94,"column":51}},"30":{"start":{"line":103,"column":8},"end":{"line":103,"column":53}},"31":{"start":{"line":112,"column":8},"end":{"line":112,"column":54}},"32":{"start":{"line":120,"column":8},"end":{"line":120,"column":49}},"33":{"start":{"line":128,"column":8},"end":{"line":128,"column":50}},"34":{"start":{"line":132,"column":8},"end":{"line":132,"column":62}},"35":{"start":{"line":141,"column":0},"end":{"line":141,"column":26}}},"fnMap":{"0":{"name":"(anonymous_0)","decl":{"start":{"line":16,"column":13},"end":{"line":16,"column":14}},"loc":{"start":{"line":16,"column":25},"end":{"line":21,"column":5}},"line":16},"1":{"name":"(anonymous_1)","decl":{"start":{"line":22,"column":17},"end":{"line":22,"column":18}},"loc":{"start":{"line":22,"column":29},"end":{"line":27,"column":5}},"line":22},"2":{"name":"(anonymous_2)","decl":{"start":{"line":29,"column":24},"end":{"line":29,"column":25}},"loc":{"start":{"line":29,"column":41},"end":{"line":50,"column":5}},"line":29},"3":{"name":"(anonymous_3)","decl":{"start":{"line":51,"column":26},"end":{"line":51,"column":27}},"loc":{"start":{"line":51,"column":44},"end":{"line":62,"column":5}},"line":51},"4":{"name":"(anonymous_4)","decl":{"start":{"line":66,"column":15},"end":{"line":66,"column":16}},"loc":{"start":{"line":66,"column":43},"end":{"line":68,"column":5}},"line":66},"5":{"name":"(anonymous_5)","decl":{"start":{"line":73,"column":16},"end":{"line":73,"column":17}},"loc":{"start":{"line":73,"column":45},"end":{"line":75,"column":5}},"line":73},"6":{"name":"(anonymous_6)","decl":{"start":{"line":83,"column":13},"end":{"line":83,"column":14}},"loc":{"start":{"line":83,"column":55},"end":{"line":85,"column":5}},"line":83},"7":{"name":"(anonymous_7)","decl":{"start":{"line":93,"column":14},"end":{"line":93,"column":15}},"loc":{"start":{"line":93,"column":56},"end":{"line":95,"column":5}},"line":93},"8":{"name":"(anonymous_8)","decl":{"start":{"line":102,"column":15},"end":{"line":102,"column":16}},"loc":{"start":{"line":102,"column":54},"end":{"line":104,"column":5}},"line":102},"9":{"name":"(anonymous_9)","decl":{"start":{"line":111,"column":16},"end":{"line":111,"column":17}},"loc":{"start":{"line":111,"column":55},"end":{"line":113,"column":5}},"line":111},"10":{"name":"(anonymous_10)","decl":{"start":{"line":119,"column":15},"end":{"line":119,"column":16}},"loc":{"start":{"line":119,"column":50},"end":{"line":121,"column":5}},"line":119},"11":{"name":"(anonymous_11)","decl":{"start":{"line":127,"column":16},"end":{"line":127,"column":17}},"loc":{"start":{"line":127,"column":51},"end":{"line":129,"column":5}},"line":127},"12":{"name":"(anonymous_12)","decl":{"start":{"line":131,"column":10},"end":{"line":131,"column":11}},"loc":{"start":{"line":131,"column":58},"end":{"line":133,"column":5}},"line":131}},"branchMap":{"0":{"loc":{"start":{"line":40,"column":12},"end":{"line":40,"column":57}},"type":"if","locations":[{"start":{"line":40,"column":12},"end":{"line":40,"column":57}},{"start":{},"end":{}}],"line":40},"1":{"loc":{"start":{"line":44,"column":12},"end":{"line":45,"column":21}},"type":"if","locations":[{"start":{"line":44,"column":12},"end":{"line":45,"column":21}},{"start":{},"end":{}}],"line":44},"2":{"loc":{"start":{"line":55,"column":12},"end":{"line":58,"column":13}},"type":"if","locations":[{"start":{"line":55,"column":12},"end":{"line":58,"column":13}},{"start":{},"end":{}}],"line":55}},"s":{"0":1,"1":1,"2":1,"3":0,"4":0,"5":0,"6":0,"7":1,"8":1,"9":1,"10":1,"11":1,"12":1,"13":9,"14":9,"15":9,"16":0,"17":0,"18":0,"19":0,"20":0,"21":44,"22":44,"23":396,"24":352,"25":352,"26":0,"27":0,"28":68,"29":3,"30":0,"31":0,"32":0,"33":0,"34":0,"35":1},"f":{"0":0,"1":1,"2":1,"3":44,"4":0,"5":0,"6":68,"7":3,"8":0,"9":0,"10":0,"11":0,"12":0},"b":{"0":[0,0],"1":[0,0],"2":[352,44]},"_coverageSchema":"1a1c01bbd47fc00a2c39e90264f33305004495a9","hash":"cbc4402c2ebbaa533051c7e44bd664863f750bb1"}
,"/Users/capt.jacksparrow/Documents/Academics/DLSU/AY2324/Term1/SWENG/CSSWENG-S11-G1/server/config/gfs.js": {"path":"/Users/capt.jacksparrow/Documents/Academics/DLSU/AY2324/Term1/SWENG/CSSWENG-S11-G1/server/config/gfs.js","statementMap":{"0":{"start":{"line":1,"column":11},"end":{"line":1,"column":35}},"1":{"start":{"line":2,"column":17},"end":{"line":2,"column":36}},"2":{"start":{"line":4,"column":13},"end":{"line":48,"column":1}},"3":{"start":{"line":8,"column":8},"end":{"line":18,"column":11}},"4":{"start":{"line":11,"column":12},"end":{"line":13,"column":15}},"5":{"start":{"line":15,"column":12},"end":{"line":15,"column":51}},"6":{"start":{"line":16,"column":12},"end":{"line":16,"column":39}},"7":{"start":{"line":17,"column":12},"end":{"line":17,"column":55}},"8":{"start":{"line":26,"column":8},"end":{"line":26,"column":46}},"9":{"start":{"line":30,"column":8},"end":{"line":30,"column":47}},"10":{"start":{"line":33,"column":24},"end":{"line":33,"column":44}},"11":{"start":{"line":34,"column":20},"end":{"line":34,"column":22}},"12":{"start":{"line":35,"column":8},"end":{"line":38,"column":9}},"13":{"start":{"line":36,"column":12},"end":{"line":36,"column":37}},"14":{"start":{"line":37,"column":12},"end":{"line":37,"column":39}},"15":{"start":{"line":42,"column":8},"end":{"line":42,"column":40}},"16":{"start":{"line":46,"column":8},"end":{"line":46,"column":59}},"17":{"start":{"line":50,"column":0},"end":{"line":50,"column":22}}},"fnMap":{"0":{"name":"(anonymous_0)","decl":{"start":{"line":5,"column":13},"end":{"line":5,"column":14}},"loc":{"start":{"line":5,"column":35},"end":{"line":19,"column":5}},"line":5},"1":{"name":"(anonymous_1)","decl":{"start":{"line":8,"column":32},"end":{"line":8,"column":33}},"loc":{"start":{"line":8,"column":38},"end":{"line":18,"column":9}},"line":8},"2":{"name":"(anonymous_2)","decl":{"start":{"line":25,"column":13},"end":{"line":25,"column":14}},"loc":{"start":{"line":25,"column":36},"end":{"line":27,"column":5}},"line":25},"3":{"name":"(anonymous_3)","decl":{"start":{"line":29,"column":12},"end":{"line":29,"column":13}},"loc":{"start":{"line":29,"column":35},"end":{"line":31,"column":5}},"line":29},"4":{"name":"(anonymous_4)","decl":{"start":{"line":32,"column":17},"end":{"line":32,"column":18}},"loc":{"start":{"line":32,"column":40},"end":{"line":40,"column":5}},"line":32},"5":{"name":"(anonymous_5)","decl":{"start":{"line":41,"column":16},"end":{"line":41,"column":17}},"loc":{"start":{"line":41,"column":34},"end":{"line":43,"column":5}},"line":41},"6":{"name":"(anonymous_6)","decl":{"start":{"line":45,"column":22},"end":{"line":45,"column":23}},"loc":{"start":{"line":45,"column":45},"end":{"line":47,"column":5}},"line":45}},"branchMap":{},"s":{"0":1,"1":1,"2":1,"3":1,"4":1,"5":1,"6":1,"7":1,"8":22,"9":32,"10":44,"11":44,"12":44,"13":21,"14":21,"15":1,"16":0,"17":1},"f":{"0":1,"1":1,"2":22,"3":32,"4":44,"5":1,"6":0},"b":{},"_coverageSchema":"1a1c01bbd47fc00a2c39e90264f33305004495a9","hash":"91dde1529d0e12adb7e804f8fe7f8103c273c76c"}
,"/Users/capt.jacksparrow/Documents/Academics/DLSU/AY2324/Term1/SWENG/CSSWENG-S11-G1/server/controller/admin_controller.js": {"path":"/Users/capt.jacksparrow/Documents/Academics/DLSU/AY2324/Term1/SWENG/CSSWENG-S11-G1/server/controller/admin_controller.js","statementMap":{"0":{"start":{"line":1,"column":14},"end":{"line":1,"column":40}},"1":{"start":{"line":2,"column":27},"end":{"line":2,"column":59}},"2":{"start":{"line":3,"column":26},"end":{"line":3,"column":57}},"3":{"start":{"line":4,"column":15},"end":{"line":4,"column":32}},"4":{"start":{"line":5,"column":12},"end":{"line":5,"column":35}},"5":{"start":{"line":7,"column":13},"end":{"line":138,"column":1}},"6":{"start":{"line":9,"column":21},"end":{"line":9,"column":42}},"7":{"start":{"line":10,"column":8},"end":{"line":14,"column":9}},"8":{"start":{"line":11,"column":33},"end":{"line":11,"column":92}},"9":{"start":{"line":12,"column":26},"end":{"line":12,"column":86}},"10":{"start":{"line":13,"column":12},"end":{"line":13,"column":31}},"11":{"start":{"line":17,"column":8},"end":{"line":17,"column":33}},"12":{"start":{"line":18,"column":8},"end":{"line":18,"column":69}},"13":{"start":{"line":21,"column":25},"end":{"line":21,"column":42}},"14":{"start":{"line":22,"column":25},"end":{"line":22,"column":42}},"15":{"start":{"line":23,"column":8},"end":{"line":42,"column":9}},"16":{"start":{"line":24,"column":12},"end":{"line":24,"column":34}},"17":{"start":{"line":26,"column":27},"end":{"line":26,"column":60}},"18":{"start":{"line":27,"column":12},"end":{"line":41,"column":13}},"19":{"start":{"line":28,"column":16},"end":{"line":28,"column":38}},"20":{"start":{"line":30,"column":37},"end":{"line":30,"column":56}},"21":{"start":{"line":31,"column":40},"end":{"line":31,"column":84}},"22":{"start":{"line":32,"column":16},"end":{"line":40,"column":17}},"23":{"start":{"line":33,"column":20},"end":{"line":33,"column":42}},"24":{"start":{"line":35,"column":34},"end":{"line":35,"column":76}},"25":{"start":{"line":36,"column":20},"end":{"line":38,"column":23}},"26":{"start":{"line":39,"column":20},"end":{"line":39,"column":42}},"27":{"start":{"line":45,"column":8},"end":{"line":61,"column":9}},"28":{"start":{"line":46,"column":33},"end":{"line":46,"column":82}},"29":{"start":{"line":47,"column":29},"end":{"line":47,"column":50}},"30":{"start":{"line":48,"column":27},"end":{"line":48,"column":60}},"31":{"start":{"line":49,"column":12},"end":{"line":57,"column":13}},"32":{"start":{"line":50,"column":16},"end":{"line":50,"column":32}},"33":{"start":{"line":51,"column":16},"end":{"line":51,"column":37}},"34":{"start":{"line":52,"column":16},"end":{"line":52,"column":23}},"35":{"start":{"line":55,"column":16},"end":{"line":55,"column":23}},"36":{"start":{"line":56,"column":16},"end":{"line":56,"column":23}},"37":{"start":{"line":59,"column":12},"end":{"line":59,"column":33}},"38":{"start":{"line":60,"column":12},"end":{"line":60,"column":19}},"39":{"start":{"line":64,"column":8},"end":{"line":64,"column":76}},"40":{"start":{"line":68,"column":8},"end":{"line":136,"column":9}},"41":{"start":{"line":70,"column":16},"end":{"line":79,"column":17}},"42":{"start":{"line":72,"column":24},"end":{"line":72,"column":113}},"43":{"start":{"line":73,"column":24},"end":{"line":73,"column":122}},"44":{"start":{"line":74,"column":24},"end":{"line":74,"column":31}},"45":{"start":{"line":76,"column":24},"end":{"line":76,"column":74}},"46":{"start":{"line":77,"column":24},"end":{"line":77,"column":122}},"47":{"start":{"line":78,"column":24},"end":{"line":78,"column":31}},"48":{"start":{"line":80,"column":16},"end":{"line":80,"column":23}},"49":{"start":{"line":82,"column":16},"end":{"line":94,"column":17}},"50":{"start":{"line":89,"column":24},"end":{"line":89,"column":87}},"51":{"start":{"line":90,"column":24},"end":{"line":90,"column":30}},"52":{"start":{"line":92,"column":24},"end":{"line":92,"column":45}},"53":{"start":{"line":93,"column":24},"end":{"line":93,"column":31}},"54":{"start":{"line":95,"column":16},"end":{"line":95,"column":114}},"55":{"start":{"line":96,"column":16},"end":{"line":96,"column":23}},"56":{"start":{"line":98,"column":16},"end":{"line":110,"column":17}},"57":{"start":{"line":105,"column":24},"end":{"line":105,"column":190}},"58":{"start":{"line":106,"column":24},"end":{"line":106,"column":31}},"59":{"start":{"line":108,"column":24},"end":{"line":108,"column":45}},"60":{"start":{"line":109,"column":24},"end":{"line":109,"column":31}},"61":{"start":{"line":112,"column":16},"end":{"line":127,"column":17}},"62":{"start":{"line":119,"column":24},"end":{"line":119,"column":190}},"63":{"start":{"line":120,"column":24},"end":{"line":120,"column":31}},"64":{"start":{"line":122,"column":24},"end":{"line":122,"column":164}},"65":{"start":{"line":123,"column":24},"end":{"line":123,"column":31}},"66":{"start":{"line":125,"column":24},"end":{"line":125,"column":45}},"67":{"start":{"line":126,"column":24},"end":{"line":126,"column":31}},"68":{"start":{"line":129,"column":16},"end":{"line":131,"column":17}},"69":{"start":{"line":130,"column":20},"end":{"line":130,"column":125}},"70":{"start":{"line":132,"column":16},"end":{"line":132,"column":23}},"71":{"start":{"line":134,"column":16},"end":{"line":134,"column":37}},"72":{"start":{"line":135,"column":16},"end":{"line":135,"column":23}},"73":{"start":{"line":140,"column":0},"end":{"line":140,"column":22}}},"fnMap":{"0":{"name":"(anonymous_0)","decl":{"start":{"line":8,"column":21},"end":{"line":8,"column":22}},"loc":{"start":{"line":8,"column":39},"end":{"line":15,"column":5}},"line":8},"1":{"name":"(anonymous_1)","decl":{"start":{"line":16,"column":16},"end":{"line":16,"column":17}},"loc":{"start":{"line":16,"column":42},"end":{"line":19,"column":5}},"line":16},"2":{"name":"(anonymous_2)","decl":{"start":{"line":20,"column":17},"end":{"line":20,"column":18}},"loc":{"start":{"line":20,"column":43},"end":{"line":43,"column":5}},"line":20},"3":{"name":"(anonymous_3)","decl":{"start":{"line":44,"column":15},"end":{"line":44,"column":16}},"loc":{"start":{"line":44,"column":47},"end":{"line":62,"column":5}},"line":44},"4":{"name":"(anonymous_4)","decl":{"start":{"line":63,"column":15},"end":{"line":63,"column":16}},"loc":{"start":{"line":63,"column":41},"end":{"line":65,"column":5}},"line":63},"5":{"name":"(anonymous_5)","decl":{"start":{"line":66,"column":15},"end":{"line":66,"column":16}},"loc":{"start":{"line":66,"column":41},"end":{"line":137,"column":5}},"line":66}},"branchMap":{"0":{"loc":{"start":{"line":10,"column":8},"end":{"line":14,"column":9}},"type":"if","locations":[{"start":{"line":10,"column":8},"end":{"line":14,"column":9}},{"start":{},"end":{}}],"line":10},"1":{"loc":{"start":{"line":23,"column":8},"end":{"line":42,"column":9}},"type":"if","locations":[{"start":{"line":23,"column":8},"end":{"line":42,"column":9}},{"start":{"line":25,"column":15},"end":{"line":42,"column":9}}],"line":23},"2":{"loc":{"start":{"line":23,"column":12},"end":{"line":23,"column":34}},"type":"binary-expr","locations":[{"start":{"line":23,"column":12},"end":{"line":23,"column":21}},{"start":{"line":23,"column":25},"end":{"line":23,"column":34}}],"line":23},"3":{"loc":{"start":{"line":27,"column":12},"end":{"line":41,"column":13}},"type":"if","locations":[{"start":{"line":27,"column":12},"end":{"line":41,"column":13}},{"start":{"line":29,"column":19},"end":{"line":41,"column":13}}],"line":27},"4":{"loc":{"start":{"line":32,"column":16},"end":{"line":40,"column":17}},"type":"if","locations":[{"start":{"line":32,"column":16},"end":{"line":40,"column":17}},{"start":{"line":34,"column":23},"end":{"line":40,"column":17}}],"line":32},"5":{"loc":{"start":{"line":45,"column":8},"end":{"line":61,"column":9}},"type":"if","locations":[{"start":{"line":45,"column":8},"end":{"line":61,"column":9}},{"start":{"line":58,"column":15},"end":{"line":61,"column":9}}],"line":45},"6":{"loc":{"start":{"line":49,"column":12},"end":{"line":57,"column":13}},"type":"if","locations":[{"start":{"line":49,"column":12},"end":{"line":57,"column":13}},{"start":{"line":54,"column":17},"end":{"line":57,"column":13}}],"line":49},"7":{"loc":{"start":{"line":68,"column":8},"end":{"line":136,"column":9}},"type":"switch","locations":[{"start":{"line":69,"column":12},"end":{"line":80,"column":23}},{"start":{"line":81,"column":12},"end":{"line":96,"column":23}},{"start":{"line":97,"column":12},"end":{"line":110,"column":17}},{"start":{"line":111,"column":12},"end":{"line":127,"column":17}},{"start":{"line":128,"column":12},"end":{"line":132,"column":23}},{"start":{"line":133,"column":12},"end":{"line":135,"column":23}}],"line":68},"8":{"loc":{"start":{"line":70,"column":16},"end":{"line":79,"column":17}},"type":"switch","locations":[{"start":{"line":71,"column":20},"end":{"line":74,"column":31}},{"start":{"line":75,"column":20},"end":{"line":78,"column":31}}],"line":70},"9":{"loc":{"start":{"line":82,"column":16},"end":{"line":94,"column":17}},"type":"switch","locations":[{"start":{"line":83,"column":20},"end":{"line":83,"column":35}},{"start":{"line":84,"column":20},"end":{"line":84,"column":33}},{"start":{"line":85,"column":20},"end":{"line":85,"column":33}},{"start":{"line":86,"column":20},"end":{"line":86,"column":38}},{"start":{"line":87,"column":20},"end":{"line":87,"column":33}},{"start":{"line":88,"column":20},"end":{"line":90,"column":30}},{"start":{"line":91,"column":20},"end":{"line":93,"column":31}}],"line":82},"10":{"loc":{"start":{"line":98,"column":16},"end":{"line":110,"column":17}},"type":"switch","locations":[{"start":{"line":99,"column":20},"end":{"line":99,"column":35}},{"start":{"line":100,"column":20},"end":{"line":100,"column":33}},{"start":{"line":101,"column":20},"end":{"line":101,"column":33}},{"start":{"line":102,"column":20},"end":{"line":102,"column":38}},{"start":{"line":103,"column":20},"end":{"line":103,"column":33}},{"start":{"line":104,"column":20},"end":{"line":106,"column":31}},{"start":{"line":107,"column":20},"end":{"line":109,"column":31}}],"line":98},"11":{"loc":{"start":{"line":112,"column":16},"end":{"line":127,"column":17}},"type":"switch","locations":[{"start":{"line":113,"column":20},"end":{"line":113,"column":35}},{"start":{"line":114,"column":20},"end":{"line":114,"column":33}},{"start":{"line":115,"column":20},"end":{"line":115,"column":33}},{"start":{"line":116,"column":20},"end":{"line":116,"column":38}},{"start":{"line":117,"column":20},"end":{"line":117,"column":33}},{"start":{"line":118,"column":20},"end":{"line":120,"column":31}},{"start":{"line":121,"column":20},"end":{"line":123,"column":31}},{"start":{"line":124,"column":20},"end":{"line":126,"column":31}}],"line":112},"12":{"loc":{"start":{"line":129,"column":16},"end":{"line":131,"column":17}},"type":"if","locations":[{"start":{"line":129,"column":16},"end":{"line":131,"column":17}},{"start":{},"end":{}}],"line":129}},"s":{"0":1,"1":1,"2":1,"3":1,"4":1,"5":1,"6":2,"7":2,"8":1,"9":1,"10":1,"11":0,"12":0,"13":5,"14":5,"15":5,"16":0,"17":5,"18":5,"19":2,"20":3,"21":3,"22":3,"23":1,"24":2,"25":2,"26":2,"27":64,"28":45,"29":45,"30":45,"31":45,"32":0,"33":0,"34":0,"35":45,"36":45,"37":19,"38":19,"39":0,"40":0,"41":0,"42":0,"43":0,"44":0,"45":0,"46":0,"47":0,"48":0,"49":0,"50":0,"51":0,"52":0,"53":0,"54":0,"55":0,"56":0,"57":0,"58":0,"59":0,"60":0,"61":0,"62":0,"63":0,"64":0,"65":0,"66":0,"67":0,"68":0,"69":0,"70":0,"71":0,"72":0,"73":1},"f":{"0":2,"1":0,"2":5,"3":64,"4":0,"5":0},"b":{"0":[1,1],"1":[0,5],"2":[5,5],"3":[2,3],"4":[1,2],"5":[45,19],"6":[0,45],"7":[0,0,0,0,0,0],"8":[0,0],"9":[0,0,0,0,0,0,0],"10":[0,0,0,0,0,0,0],"11":[0,0,0,0,0,0,0,0],"12":[0,0]},"_coverageSchema":"1a1c01bbd47fc00a2c39e90264f33305004495a9","hash":"ba23997788b933a20cb52ff8bb1bbe0ae1bee4be"}
,"/Users/capt.jacksparrow/Documents/Academics/DLSU/AY2324/Term1/SWENG/CSSWENG-S11-G1/server/controller/donation_controller.js": {"path":"/Users/capt.jacksparrow/Documents/Academics/DLSU/AY2324/Term1/SWENG/CSSWENG-S11-G1/server/controller/donation_controller.js","statementMap":{"0":{"start":{"line":1,"column":17},"end":{"line":1,"column":49}},"1":{"start":{"line":2,"column":26},"end":{"line":2,"column":72}},"2":{"start":{"line":3,"column":28},"end":{"line":3,"column":76}},"3":{"start":{"line":4,"column":15},"end":{"line":4,"column":32}},"4":{"start":{"line":6,"column":12},"end":{"line":169,"column":1}},"5":{"start":{"line":9,"column":8},"end":{"line":9,"column":37}},"6":{"start":{"line":13,"column":8},"end":{"line":13,"column":83}},"7":{"start":{"line":17,"column":27},"end":{"line":17,"column":29}},"8":{"start":{"line":18,"column":19},"end":{"line":18,"column":43}},"9":{"start":{"line":19,"column":8},"end":{"line":21,"column":9}},"10":{"start":{"line":20,"column":12},"end":{"line":20,"column":20}},"11":{"start":{"line":22,"column":20},"end":{"line":22,"column":26}},"12":{"start":{"line":23,"column":23},"end":{"line":23,"column":28}},"13":{"start":{"line":25,"column":23},"end":{"line":25,"column":101}},"14":{"start":{"line":26,"column":27},"end":{"line":26,"column":109}},"15":{"start":{"line":27,"column":8},"end":{"line":31,"column":9}},"16":{"start":{"line":28,"column":12},"end":{"line":28,"column":22}},"17":{"start":{"line":30,"column":12},"end":{"line":30,"column":32}},"18":{"start":{"line":32,"column":8},"end":{"line":40,"column":9}},"19":{"start":{"line":33,"column":12},"end":{"line":33,"column":23}},"20":{"start":{"line":34,"column":34},"end":{"line":34,"column":116}},"21":{"start":{"line":35,"column":12},"end":{"line":37,"column":13}},"22":{"start":{"line":36,"column":16},"end":{"line":36,"column":36}},"23":{"start":{"line":39,"column":12},"end":{"line":39,"column":32}},"24":{"start":{"line":44,"column":8},"end":{"line":53,"column":9}},"25":{"start":{"line":45,"column":12},"end":{"line":45,"column":42}},"26":{"start":{"line":46,"column":12},"end":{"line":46,"column":76}},"27":{"start":{"line":47,"column":15},"end":{"line":53,"column":9}},"28":{"start":{"line":48,"column":12},"end":{"line":48,"column":35}},"29":{"start":{"line":49,"column":12},"end":{"line":49,"column":80}},"30":{"start":{"line":51,"column":12},"end":{"line":51,"column":33}},"31":{"start":{"line":52,"column":12},"end":{"line":52,"column":19}},"32":{"start":{"line":55,"column":8},"end":{"line":55,"column":20}},"33":{"start":{"line":56,"column":8},"end":{"line":59,"column":11}},"34":{"start":{"line":63,"column":17},"end":{"line":63,"column":30}},"35":{"start":{"line":64,"column":19},"end":{"line":64,"column":34}},"36":{"start":{"line":65,"column":22},"end":{"line":65,"column":70}},"37":{"start":{"line":66,"column":8},"end":{"line":69,"column":9}},"38":{"start":{"line":67,"column":12},"end":{"line":67,"column":33}},"39":{"start":{"line":68,"column":12},"end":{"line":68,"column":19}},"40":{"start":{"line":70,"column":8},"end":{"line":84,"column":9}},"41":{"start":{"line":71,"column":12},"end":{"line":74,"column":15}},"42":{"start":{"line":75,"column":15},"end":{"line":84,"column":9}},"43":{"start":{"line":76,"column":12},"end":{"line":80,"column":15}},"44":{"start":{"line":82,"column":12},"end":{"line":82,"column":33}},"45":{"start":{"line":83,"column":12},"end":{"line":83,"column":19}},"46":{"start":{"line":88,"column":22},"end":{"line":88,"column":43}},"47":{"start":{"line":92,"column":20},"end":{"line":92,"column":67}},"48":{"start":{"line":93,"column":24},"end":{"line":114,"column":9}},"49":{"start":{"line":116,"column":25},"end":{"line":119,"column":56}},"50":{"start":{"line":117,"column":26},"end":{"line":117,"column":37}},"51":{"start":{"line":118,"column":28},"end":{"line":118,"column":71}},"52":{"start":{"line":119,"column":26},"end":{"line":119,"column":55}},"53":{"start":{"line":126,"column":26},"end":{"line":126,"column":55}},"54":{"start":{"line":127,"column":18},"end":{"line":127,"column":90}},"55":{"start":{"line":128,"column":19},"end":{"line":128,"column":120}},"56":{"start":{"line":129,"column":19},"end":{"line":129,"column":68}},"57":{"start":{"line":130,"column":19},"end":{"line":130,"column":78}},"58":{"start":{"line":131,"column":8},"end":{"line":131,"column":63}},"59":{"start":{"line":132,"column":8},"end":{"line":132,"column":38}},"60":{"start":{"line":134,"column":8},"end":{"line":143,"column":9}},"61":{"start":{"line":135,"column":29},"end":{"line":135,"column":70}},"62":{"start":{"line":136,"column":33},"end":{"line":136,"column":54}},"63":{"start":{"line":138,"column":12},"end":{"line":138,"column":28}},"64":{"start":{"line":139,"column":12},"end":{"line":139,"column":39}},"65":{"start":{"line":142,"column":12},"end":{"line":142,"column":68}},"66":{"start":{"line":147,"column":17},"end":{"line":147,"column":28}},"67":{"start":{"line":148,"column":24},"end":{"line":148,"column":75}},"68":{"start":{"line":149,"column":8},"end":{"line":154,"column":9}},"69":{"start":{"line":150,"column":12},"end":{"line":150,"column":37}},"70":{"start":{"line":151,"column":12},"end":{"line":151,"column":19}},"71":{"start":{"line":153,"column":12},"end":{"line":153,"column":19}},"72":{"start":{"line":158,"column":8},"end":{"line":158,"column":85}},"73":{"start":{"line":162,"column":8},"end":{"line":162,"column":83}},"74":{"start":{"line":166,"column":26},"end":{"line":166,"column":54}},"75":{"start":{"line":167,"column":8},"end":{"line":167,"column":25}},"76":{"start":{"line":171,"column":0},"end":{"line":171,"column":21}}},"fnMap":{"0":{"name":"(anonymous_0)","decl":{"start":{"line":8,"column":22},"end":{"line":8,"column":23}},"loc":{"start":{"line":8,"column":48},"end":{"line":10,"column":5}},"line":8},"1":{"name":"(anonymous_1)","decl":{"start":{"line":12,"column":18},"end":{"line":12,"column":19}},"loc":{"start":{"line":12,"column":44},"end":{"line":14,"column":5}},"line":12},"2":{"name":"(anonymous_2)","decl":{"start":{"line":16,"column":20},"end":{"line":16,"column":21}},"loc":{"start":{"line":16,"column":46},"end":{"line":60,"column":5}},"line":16},"3":{"name":"(anonymous_3)","decl":{"start":{"line":62,"column":21},"end":{"line":62,"column":22}},"loc":{"start":{"line":62,"column":47},"end":{"line":85,"column":5}},"line":62},"4":{"name":"(anonymous_4)","decl":{"start":{"line":87,"column":20},"end":{"line":87,"column":21}},"loc":{"start":{"line":87,"column":46},"end":{"line":120,"column":5}},"line":87},"5":{"name":"(anonymous_5)","decl":{"start":{"line":117,"column":18},"end":{"line":117,"column":19}},"loc":{"start":{"line":117,"column":26},"end":{"line":117,"column":37}},"line":117},"6":{"name":"(anonymous_6)","decl":{"start":{"line":118,"column":18},"end":{"line":118,"column":19}},"loc":{"start":{"line":118,"column":26},"end":{"line":118,"column":73}},"line":118},"7":{"name":"(anonymous_7)","decl":{"start":{"line":119,"column":19},"end":{"line":119,"column":20}},"loc":{"start":{"line":119,"column":26},"end":{"line":119,"column":55}},"line":119},"8":{"name":"(anonymous_8)","decl":{"start":{"line":122,"column":17},"end":{"line":122,"column":18}},"loc":{"start":{"line":122,"column":43},"end":{"line":144,"column":5}},"line":122},"9":{"name":"(anonymous_9)","decl":{"start":{"line":146,"column":21},"end":{"line":146,"column":22}},"loc":{"start":{"line":146,"column":53},"end":{"line":155,"column":5}},"line":146},"10":{"name":"(anonymous_10)","decl":{"start":{"line":157,"column":20},"end":{"line":157,"column":21}},"loc":{"start":{"line":157,"column":46},"end":{"line":159,"column":5}},"line":157},"11":{"name":"(anonymous_11)","decl":{"start":{"line":161,"column":18},"end":{"line":161,"column":19}},"loc":{"start":{"line":161,"column":44},"end":{"line":163,"column":5}},"line":161},"12":{"name":"(anonymous_12)","decl":{"start":{"line":165,"column":21},"end":{"line":165,"column":22}},"loc":{"start":{"line":165,"column":39},"end":{"line":168,"column":5}},"line":165}},"branchMap":{"0":{"loc":{"start":{"line":19,"column":8},"end":{"line":21,"column":9}},"type":"if","locations":[{"start":{"line":19,"column":8},"end":{"line":21,"column":9}},{"start":{},"end":{}}],"line":19},"1":{"loc":{"start":{"line":19,"column":12},"end":{"line":19,"column":42}},"type":"binary-expr","locations":[{"start":{"line":19,"column":12},"end":{"line":19,"column":30}},{"start":{"line":19,"column":34},"end":{"line":19,"column":42}}],"line":19},"2":{"loc":{"start":{"line":27,"column":8},"end":{"line":31,"column":9}},"type":"if","locations":[{"start":{"line":27,"column":8},"end":{"line":31,"column":9}},{"start":{"line":29,"column":15},"end":{"line":31,"column":9}}],"line":27},"3":{"loc":{"start":{"line":32,"column":8},"end":{"line":40,"column":9}},"type":"if","locations":[{"start":{"line":32,"column":8},"end":{"line":40,"column":9}},{"start":{"line":38,"column":15},"end":{"line":40,"column":9}}],"line":32},"4":{"loc":{"start":{"line":35,"column":12},"end":{"line":37,"column":13}},"type":"if","locations":[{"start":{"line":35,"column":12},"end":{"line":37,"column":13}},{"start":{},"end":{}}],"line":35},"5":{"loc":{"start":{"line":44,"column":8},"end":{"line":53,"column":9}},"type":"if","locations":[{"start":{"line":44,"column":8},"end":{"line":53,"column":9}},{"start":{"line":47,"column":15},"end":{"line":53,"column":9}}],"line":44},"6":{"loc":{"start":{"line":47,"column":15},"end":{"line":53,"column":9}},"type":"if","locations":[{"start":{"line":47,"column":15},"end":{"line":53,"column":9}},{"start":{"line":50,"column":15},"end":{"line":53,"column":9}}],"line":47},"7":{"loc":{"start":{"line":66,"column":8},"end":{"line":69,"column":9}},"type":"if","locations":[{"start":{"line":66,"column":8},"end":{"line":69,"column":9}},{"start":{},"end":{}}],"line":66},"8":{"loc":{"start":{"line":66,"column":12},"end":{"line":66,"column":54}},"type":"binary-expr","locations":[{"start":{"line":66,"column":12},"end":{"line":66,"column":27}},{"start":{"line":66,"column":31},"end":{"line":66,"column":54}}],"line":66},"9":{"loc":{"start":{"line":70,"column":8},"end":{"line":84,"column":9}},"type":"if","locations":[{"start":{"line":70,"column":8},"end":{"line":84,"column":9}},{"start":{"line":75,"column":15},"end":{"line":84,"column":9}}],"line":70},"10":{"loc":{"start":{"line":75,"column":15},"end":{"line":84,"column":9}},"type":"if","locations":[{"start":{"line":75,"column":15},"end":{"line":84,"column":9}},{"start":{"line":81,"column":15},"end":{"line":84,"column":9}}],"line":75},"11":{"loc":{"start":{"line":134,"column":8},"end":{"line":143,"column":9}},"type":"if","locations":[{"start":{"line":134,"column":8},"end":{"line":143,"column":9}},{"start":{"line":141,"column":15},"end":{"line":143,"column":9}}],"line":134},"12":{"loc":{"start":{"line":149,"column":8},"end":{"line":154,"column":9}},"type":"if","locations":[{"start":{"line":149,"column":8},"end":{"line":154,"column":9}},{"start":{"line":152,"column":15},"end":{"line":154,"column":9}}],"line":149}},"s":{"0":1,"1":1,"2":1,"3":1,"4":1,"5":0,"6":0,"7":0,"8":0,"9":0,"10":0,"11":0,"12":0,"13":0,"14":0,"15":0,"16":0,"17":0,"18":0,"19":0,"20":0,"21":0,"22":0,"23":0,"24":0,"25":0,"26":0,"27":0,"28":0,"29":0,"30":0,"31":0,"32":0,"33":0,"34":0,"35":0,"36":0,"37":0,"38":0,"39":0,"40":0,"41":0,"42":0,"43":0,"44":0,"45":0,"46":0,"47":0,"48":0,"49":0,"50":0,"51":0,"52":0,"53":0,"54":0,"55":0,"56":0,"57":0,"58":0,"59":0,"60":0,"61":0,"62":0,"63":0,"64":0,"65":0,"66":0,"67":0,"68":0,"69":0,"70":0,"71":0,"72":0,"73":0,"74":0,"75":0,"76":1},"f":{"0":0,"1":0,"2":0,"3":0,"4":0,"5":0,"6":0,"7":0,"8":0,"9":0,"10":0,"11":0,"12":0},"b":{"0":[0,0],"1":[0,0],"2":[0,0],"3":[0,0],"4":[0,0],"5":[0,0],"6":[0,0],"7":[0,0],"8":[0,0],"9":[0,0],"10":[0,0],"11":[0,0],"12":[0,0]},"_coverageSchema":"1a1c01bbd47fc00a2c39e90264f33305004495a9","hash":"09cf669ce13c5b9f3974bca712066c8ffa1ac304"}
,"/Users/capt.jacksparrow/Documents/Academics/DLSU/AY2324/Term1/SWENG/CSSWENG-S11-G1/server/controller/image_controller.js": {"path":"/Users/capt.jacksparrow/Documents/Academics/DLSU/AY2324/Term1/SWENG/CSSWENG-S11-G1/server/controller/image_controller.js","statementMap":{"0":{"start":{"line":1,"column":12},"end":{"line":1,"column":39}},"1":{"start":{"line":3,"column":12},"end":{"line":73,"column":1}},"2":{"start":{"line":6,"column":4},"end":{"line":24,"column":5}},"3":{"start":{"line":8,"column":23},"end":{"line":8,"column":37}},"4":{"start":{"line":10,"column":19},"end":{"line":10,"column":60}},"5":{"start":{"line":11,"column":6},"end":{"line":13,"column":7}},"6":{"start":{"line":12,"column":8},"end":{"line":12,"column":54}},"7":{"start":{"line":16,"column":25},"end":{"line":16,"column":61}},"8":{"start":{"line":19,"column":6},"end":{"line":19,"column":48}},"9":{"start":{"line":20,"column":6},"end":{"line":20,"column":27}},"10":{"start":{"line":22,"column":6},"end":{"line":22,"column":35}},"11":{"start":{"line":23,"column":6},"end":{"line":23,"column":43}},"12":{"start":{"line":30,"column":4},"end":{"line":48,"column":5}},"13":{"start":{"line":31,"column":23},"end":{"line":31,"column":38}},"14":{"start":{"line":32,"column":19},"end":{"line":32,"column":60}},"15":{"start":{"line":34,"column":6},"end":{"line":36,"column":7}},"16":{"start":{"line":35,"column":8},"end":{"line":35,"column":54}},"17":{"start":{"line":38,"column":6},"end":{"line":38,"column":33}},"18":{"start":{"line":39,"column":6},"end":{"line":39,"column":21}},"19":{"start":{"line":40,"column":6},"end":{"line":44,"column":7}},"20":{"start":{"line":41,"column":8},"end":{"line":41,"column":32}},"21":{"start":{"line":43,"column":8},"end":{"line":43,"column":18}},"22":{"start":{"line":46,"column":6},"end":{"line":46,"column":35}},"23":{"start":{"line":47,"column":6},"end":{"line":47,"column":43}},"24":{"start":{"line":51,"column":4},"end":{"line":71,"column":5}},"25":{"start":{"line":52,"column":6},"end":{"line":58,"column":7}},"26":{"start":{"line":53,"column":21},"end":{"line":53,"column":62}},"27":{"start":{"line":54,"column":8},"end":{"line":56,"column":9}},"28":{"start":{"line":55,"column":10},"end":{"line":55,"column":56}},"29":{"start":{"line":57,"column":8},"end":{"line":57,"column":35}},"30":{"start":{"line":60,"column":6},"end":{"line":60,"column":21}},"31":{"start":{"line":62,"column":6},"end":{"line":66,"column":7}},"32":{"start":{"line":63,"column":8},"end":{"line":63,"column":32}},"33":{"start":{"line":65,"column":8},"end":{"line":65,"column":18}},"34":{"start":{"line":69,"column":6},"end":{"line":69,"column":35}},"35":{"start":{"line":70,"column":6},"end":{"line":70,"column":43}},"36":{"start":{"line":75,"column":0},"end":{"line":75,"column":21}}},"fnMap":{"0":{"name":"(anonymous_0)","decl":{"start":{"line":5,"column":13},"end":{"line":5,"column":14}},"loc":{"start":{"line":5,"column":39},"end":{"line":26,"column":3}},"line":5},"1":{"name":"(anonymous_1)","decl":{"start":{"line":29,"column":16},"end":{"line":29,"column":17}},"loc":{"start":{"line":29,"column":42},"end":{"line":49,"column":3}},"line":29},"2":{"name":"(anonymous_2)","decl":{"start":{"line":50,"column":17},"end":{"line":50,"column":18}},"loc":{"start":{"line":50,"column":43},"end":{"line":72,"column":3}},"line":50}},"branchMap":{"0":{"loc":{"start":{"line":11,"column":6},"end":{"line":13,"column":7}},"type":"if","locations":[{"start":{"line":11,"column":6},"end":{"line":13,"column":7}},{"start":{},"end":{}}],"line":11},"1":{"loc":{"start":{"line":34,"column":6},"end":{"line":36,"column":7}},"type":"if","locations":[{"start":{"line":34,"column":6},"end":{"line":36,"column":7}},{"start":{},"end":{}}],"line":34},"2":{"loc":{"start":{"line":40,"column":6},"end":{"line":44,"column":7}},"type":"if","locations":[{"start":{"line":40,"column":6},"end":{"line":44,"column":7}},{"start":{"line":42,"column":13},"end":{"line":44,"column":7}}],"line":40},"3":{"loc":{"start":{"line":54,"column":8},"end":{"line":56,"column":9}},"type":"if","locations":[{"start":{"line":54,"column":8},"end":{"line":56,"column":9}},{"start":{},"end":{}}],"line":54},"4":{"loc":{"start":{"line":62,"column":6},"end":{"line":66,"column":7}},"type":"if","locations":[{"start":{"line":62,"column":6},"end":{"line":66,"column":7}},{"start":{"line":64,"column":13},"end":{"line":66,"column":7}}],"line":62}},"s":{"0":1,"1":1,"2":11,"3":11,"4":11,"5":11,"6":11,"7":0,"8":0,"9":0,"10":0,"11":0,"12":7,"13":7,"14":7,"15":7,"16":0,"17":7,"18":7,"19":7,"20":0,"21":7,"22":0,"23":0,"24":2,"25":2,"26":4,"27":4,"28":0,"29":4,"30":2,"31":2,"32":0,"33":2,"34":0,"35":0,"36":1},"f":{"0":11,"1":7,"2":2},"b":{"0":[11,0],"1":[0,7],"2":[0,7],"3":[0,4],"4":[0,2]},"_coverageSchema":"1a1c01bbd47fc00a2c39e90264f33305004495a9","hash":"14d9eeecf53ab8880f10f91da78d6d681e39a227"}
,"/Users/capt.jacksparrow/Documents/Academics/DLSU/AY2324/Term1/SWENG/CSSWENG-S11-G1/server/controller/information_controller.js": {"path":"/Users/capt.jacksparrow/Documents/Academics/DLSU/AY2324/Term1/SWENG/CSSWENG-S11-G1/server/controller/information_controller.js","statementMap":{"0":{"start":{"line":1,"column":26},"end":{"line":1,"column":57}},"1":{"start":{"line":2,"column":28},"end":{"line":2,"column":61}},"2":{"start":{"line":4,"column":13},"end":{"line":130,"column":1}},"3":{"start":{"line":6,"column":8},"end":{"line":11,"column":11}},"4":{"start":{"line":14,"column":8},"end":{"line":14,"column":75}},"5":{"start":{"line":17,"column":8},"end":{"line":23,"column":11}},"6":{"start":{"line":26,"column":21},"end":{"line":26,"column":109}},"7":{"start":{"line":27,"column":25},"end":{"line":27,"column":117}},"8":{"start":{"line":28,"column":27},"end":{"line":28,"column":121}},"9":{"start":{"line":29,"column":24},"end":{"line":29,"column":115}},"10":{"start":{"line":31,"column":22},"end":{"line":31,"column":109}},"11":{"start":{"line":32,"column":19},"end":{"line":32,"column":103}},"12":{"start":{"line":33,"column":23},"end":{"line":33,"column":111}},"13":{"start":{"line":37,"column":8},"end":{"line":40,"column":9}},"14":{"start":{"line":38,"column":12},"end":{"line":38,"column":33}},"15":{"start":{"line":39,"column":12},"end":{"line":39,"column":19}},"16":{"start":{"line":41,"column":8},"end":{"line":83,"column":9}},"17":{"start":{"line":42,"column":12},"end":{"line":46,"column":13}},"18":{"start":{"line":43,"column":16},"end":{"line":43,"column":50}},"19":{"start":{"line":45,"column":16},"end":{"line":45,"column":44}},"20":{"start":{"line":47,"column":12},"end":{"line":51,"column":13}},"21":{"start":{"line":48,"column":16},"end":{"line":48,"column":58}},"22":{"start":{"line":50,"column":16},"end":{"line":50,"column":48}},"23":{"start":{"line":52,"column":12},"end":{"line":56,"column":13}},"24":{"start":{"line":53,"column":16},"end":{"line":53,"column":62}},"25":{"start":{"line":55,"column":16},"end":{"line":55,"column":50}},"26":{"start":{"line":57,"column":12},"end":{"line":61,"column":13}},"27":{"start":{"line":58,"column":16},"end":{"line":58,"column":56}},"28":{"start":{"line":60,"column":16},"end":{"line":60,"column":47}},"29":{"start":{"line":62,"column":15},"end":{"line":83,"column":9}},"30":{"start":{"line":63,"column":12},"end":{"line":67,"column":13}},"31":{"start":{"line":64,"column":16},"end":{"line":64,"column":50}},"32":{"start":{"line":66,"column":16},"end":{"line":66,"column":44}},"33":{"start":{"line":68,"column":12},"end":{"line":72,"column":13}},"34":{"start":{"line":69,"column":16},"end":{"line":69,"column":58}},"35":{"start":{"line":71,"column":16},"end":{"line":71,"column":48}},"36":{"start":{"line":73,"column":12},"end":{"line":77,"column":13}},"37":{"start":{"line":74,"column":16},"end":{"line":74,"column":62}},"38":{"start":{"line":76,"column":16},"end":{"line":76,"column":50}},"39":{"start":{"line":78,"column":12},"end":{"line":82,"column":13}},"40":{"start":{"line":79,"column":16},"end":{"line":79,"column":56}},"41":{"start":{"line":81,"column":16},"end":{"line":81,"column":47}},"42":{"start":{"line":84,"column":8},"end":{"line":87,"column":11}},"43":{"start":{"line":90,"column":21},"end":{"line":90,"column":36}},"44":{"start":{"line":92,"column":8},"end":{"line":101,"column":9}},"45":{"start":{"line":96,"column":16},"end":{"line":96,"column":68}},"46":{"start":{"line":97,"column":16},"end":{"line":97,"column":22}},"47":{"start":{"line":99,"column":16},"end":{"line":99,"column":37}},"48":{"start":{"line":100,"column":16},"end":{"line":100,"column":23}},"49":{"start":{"line":102,"column":8},"end":{"line":102,"column":107}},"50":{"start":{"line":105,"column":17},"end":{"line":105,"column":30}},"51":{"start":{"line":106,"column":22},"end":{"line":106,"column":81}},"52":{"start":{"line":107,"column":8},"end":{"line":110,"column":9}},"53":{"start":{"line":108,"column":12},"end":{"line":108,"column":33}},"54":{"start":{"line":109,"column":12},"end":{"line":109,"column":19}},"55":{"start":{"line":111,"column":8},"end":{"line":128,"column":9}},"56":{"start":{"line":112,"column":12},"end":{"line":112,"column":86}},"57":{"start":{"line":113,"column":12},"end":{"line":113,"column":86}},"58":{"start":{"line":114,"column":12},"end":{"line":114,"column":84}},"59":{"start":{"line":115,"column":12},"end":{"line":117,"column":15}},"60":{"start":{"line":118,"column":15},"end":{"line":128,"column":9}},"61":{"start":{"line":119,"column":12},"end":{"line":119,"column":191}},"62":{"start":{"line":120,"column":12},"end":{"line":120,"column":183}},"63":{"start":{"line":121,"column":12},"end":{"line":123,"column":15}},"64":{"start":{"line":124,"column":15},"end":{"line":128,"column":9}},"65":{"start":{"line":125,"column":12},"end":{"line":127,"column":15}},"66":{"start":{"line":132,"column":0},"end":{"line":132,"column":22}}},"fnMap":{"0":{"name":"(anonymous_0)","decl":{"start":{"line":5,"column":15},"end":{"line":5,"column":16}},"loc":{"start":{"line":5,"column":41},"end":{"line":12,"column":5}},"line":5},"1":{"name":"(anonymous_1)","decl":{"start":{"line":13,"column":13},"end":{"line":13,"column":14}},"loc":{"start":{"line":13,"column":39},"end":{"line":15,"column":5}},"line":13},"2":{"name":"(anonymous_2)","decl":{"start":{"line":16,"column":15},"end":{"line":16,"column":16}},"loc":{"start":{"line":16,"column":41},"end":{"line":24,"column":5}},"line":16},"3":{"name":"(anonymous_3)","decl":{"start":{"line":25,"column":17},"end":{"line":25,"column":18}},"loc":{"start":{"line":25,"column":43},"end":{"line":88,"column":5}},"line":25},"4":{"name":"(anonymous_4)","decl":{"start":{"line":89,"column":16},"end":{"line":89,"column":17}},"loc":{"start":{"line":89,"column":42},"end":{"line":103,"column":5}},"line":89},"5":{"name":"(anonymous_5)","decl":{"start":{"line":104,"column":14},"end":{"line":104,"column":15}},"loc":{"start":{"line":104,"column":40},"end":{"line":129,"column":5}},"line":104}},"branchMap":{"0":{"loc":{"start":{"line":37,"column":8},"end":{"line":40,"column":9}},"type":"if","locations":[{"start":{"line":37,"column":8},"end":{"line":40,"column":9}},{"start":{},"end":{}}],"line":37},"1":{"loc":{"start":{"line":37,"column":12},"end":{"line":37,"column":105}},"type":"binary-expr","locations":[{"start":{"line":37,"column":12},"end":{"line":37,"column":40}},{"start":{"line":37,"column":44},"end":{"line":37,"column":70}},{"start":{"line":37,"column":74},"end":{"line":37,"column":105}}],"line":37},"2":{"loc":{"start":{"line":41,"column":8},"end":{"line":83,"column":9}},"type":"if","locations":[{"start":{"line":41,"column":8},"end":{"line":83,"column":9}},{"start":{"line":62,"column":15},"end":{"line":83,"column":9}}],"line":41},"3":{"loc":{"start":{"line":41,"column":12},"end":{"line":41,"column":70}},"type":"binary-expr","locations":[{"start":{"line":41,"column":12},"end":{"line":41,"column":40}},{"start":{"line":41,"column":44},"end":{"line":41,"column":70}}],"line":41},"4":{"loc":{"start":{"line":42,"column":12},"end":{"line":46,"column":13}},"type":"if","locations":[{"start":{"line":42,"column":12},"end":{"line":46,"column":13}},{"start":{"line":44,"column":19},"end":{"line":46,"column":13}}],"line":42},"5":{"loc":{"start":{"line":47,"column":12},"end":{"line":51,"column":13}},"type":"if","locations":[{"start":{"line":47,"column":12},"end":{"line":51,"column":13}},{"start":{"line":49,"column":19},"end":{"line":51,"column":13}}],"line":47},"6":{"loc":{"start":{"line":52,"column":12},"end":{"line":56,"column":13}},"type":"if","locations":[{"start":{"line":52,"column":12},"end":{"line":56,"column":13}},{"start":{"line":54,"column":19},"end":{"line":56,"column":13}}],"line":52},"7":{"loc":{"start":{"line":57,"column":12},"end":{"line":61,"column":13}},"type":"if","locations":[{"start":{"line":57,"column":12},"end":{"line":61,"column":13}},{"start":{"line":59,"column":19},"end":{"line":61,"column":13}}],"line":57},"8":{"loc":{"start":{"line":62,"column":15},"end":{"line":83,"column":9}},"type":"if","locations":[{"start":{"line":62,"column":15},"end":{"line":83,"column":9}},{"start":{},"end":{}}],"line":62},"9":{"loc":{"start":{"line":63,"column":12},"end":{"line":67,"column":13}},"type":"if","locations":[{"start":{"line":63,"column":12},"end":{"line":67,"column":13}},{"start":{"line":65,"column":19},"end":{"line":67,"column":13}}],"line":63},"10":{"loc":{"start":{"line":68,"column":12},"end":{"line":72,"column":13}},"type":"if","locations":[{"start":{"line":68,"column":12},"end":{"line":72,"column":13}},{"start":{"line":70,"column":19},"end":{"line":72,"column":13}}],"line":68},"11":{"loc":{"start":{"line":73,"column":12},"end":{"line":77,"column":13}},"type":"if","locations":[{"start":{"line":73,"column":12},"end":{"line":77,"column":13}},{"start":{"line":75,"column":19},"end":{"line":77,"column":13}}],"line":73},"12":{"loc":{"start":{"line":78,"column":12},"end":{"line":82,"column":13}},"type":"if","locations":[{"start":{"line":78,"column":12},"end":{"line":82,"column":13}},{"start":{"line":80,"column":19},"end":{"line":82,"column":13}}],"line":78},"13":{"loc":{"start":{"line":92,"column":8},"end":{"line":101,"column":9}},"type":"switch","locations":[{"start":{"line":93,"column":12},"end":{"line":93,"column":27}},{"start":{"line":94,"column":12},"end":{"line":94,"column":25}},{"start":{"line":95,"column":12},"end":{"line":97,"column":22}},{"start":{"line":98,"column":12},"end":{"line":100,"column":23}}],"line":92},"14":{"loc":{"start":{"line":107,"column":8},"end":{"line":110,"column":9}},"type":"if","locations":[{"start":{"line":107,"column":8},"end":{"line":110,"column":9}},{"start":{},"end":{}}],"line":107},"15":{"loc":{"start":{"line":111,"column":8},"end":{"line":128,"column":9}},"type":"if","locations":[{"start":{"line":111,"column":8},"end":{"line":128,"column":9}},{"start":{"line":118,"column":15},"end":{"line":128,"column":9}}],"line":111},"16":{"loc":{"start":{"line":118,"column":15},"end":{"line":128,"column":9}},"type":"if","locations":[{"start":{"line":118,"column":15},"end":{"line":128,"column":9}},{"start":{"line":124,"column":15},"end":{"line":128,"column":9}}],"line":118},"17":{"loc":{"start":{"line":124,"column":15},"end":{"line":128,"column":9}},"type":"if","locations":[{"start":{"line":124,"column":15},"end":{"line":128,"column":9}},{"start":{},"end":{}}],"line":124}},"s":{"0":1,"1":1,"2":1,"3":0,"4":0,"5":0,"6":0,"7":0,"8":0,"9":0,"10":0,"11":0,"12":0,"13":0,"14":0,"15":0,"16":0,"17":0,"18":0,"19":0,"20":0,"21":0,"22":0,"23":0,"24":0,"25":0,"26":0,"27":0,"28":0,"29":0,"30":0,"31":0,"32":0,"33":0,"34":0,"35":0,"36":0,"37":0,"38":0,"39":0,"40":0,"41":0,"42":0,"43":0,"44":0,"45":0,"46":0,"47":0,"48":0,"49":0,"50":0,"51":0,"52":0,"53":0,"54":0,"55":0,"56":0,"57":0,"58":0,"59":0,"60":0,"61":0,"62":0,"63":0,"64":0,"65":0,"66":1},"f":{"0":0,"1":0,"2":0,"3":0,"4":0,"5":0},"b":{"0":[0,0],"1":[0,0,0],"2":[0,0],"3":[0,0],"4":[0,0],"5":[0,0],"6":[0,0],"7":[0,0],"8":[0,0],"9":[0,0],"10":[0,0],"11":[0,0],"12":[0,0],"13":[0,0,0,0],"14":[0,0],"15":[0,0],"16":[0,0],"17":[0,0]},"_coverageSchema":"1a1c01bbd47fc00a2c39e90264f33305004495a9","hash":"114b30daa525f7a22062051969ba927d945b6ab1"}
,"/Users/capt.jacksparrow/Documents/Academics/DLSU/AY2324/Term1/SWENG/CSSWENG-S11-G1/server/controller/request_controller.js": {"path":"/Users/capt.jacksparrow/Documents/Academics/DLSU/AY2324/Term1/SWENG/CSSWENG-S11-G1/server/controller/request_controller.js","statementMap":{"0":{"start":{"line":1,"column":16},"end":{"line":1,"column":47}},"1":{"start":{"line":2,"column":14},"end":{"line":2,"column":43}},"2":{"start":{"line":3,"column":14},"end":{"line":3,"column":43}},"3":{"start":{"line":4,"column":19},"end":{"line":4,"column":53}},"4":{"start":{"line":5,"column":18},"end":{"line":5,"column":51}},"5":{"start":{"line":6,"column":14},"end":{"line":6,"column":43}},"6":{"start":{"line":7,"column":16},"end":{"line":7,"column":47}},"7":{"start":{"line":8,"column":15},"end":{"line":8,"column":32}},"8":{"start":{"line":9,"column":17},"end":{"line":9,"column":36}},"9":{"start":{"line":11,"column":12},"end":{"line":236,"column":1}},"10":{"start":{"line":14,"column":8},"end":{"line":35,"column":9}},"11":{"start":{"line":16,"column":16},"end":{"line":16,"column":32}},"12":{"start":{"line":17,"column":16},"end":{"line":17,"column":22}},"13":{"start":{"line":19,"column":16},"end":{"line":19,"column":30}},"14":{"start":{"line":20,"column":16},"end":{"line":20,"column":22}},"15":{"start":{"line":22,"column":16},"end":{"line":22,"column":30}},"16":{"start":{"line":23,"column":16},"end":{"line":23,"column":22}},"17":{"start":{"line":25,"column":16},"end":{"line":25,"column":35}},"18":{"start":{"line":26,"column":16},"end":{"line":26,"column":22}},"19":{"start":{"line":28,"column":16},"end":{"line":28,"column":30}},"20":{"start":{"line":29,"column":16},"end":{"line":29,"column":22}},"21":{"start":{"line":31,"column":16},"end":{"line":31,"column":32}},"22":{"start":{"line":32,"column":16},"end":{"line":32,"column":22}},"23":{"start":{"line":34,"column":16},"end":{"line":34,"column":28}},"24":{"start":{"line":36,"column":8},"end":{"line":36,"column":21}},"25":{"start":{"line":40,"column":21},"end":{"line":40,"column":36}},"26":{"start":{"line":41,"column":22},"end":{"line":41,"column":40}},"27":{"start":{"line":42,"column":8},"end":{"line":46,"column":9}},"28":{"start":{"line":43,"column":12},"end":{"line":43,"column":28}},"29":{"start":{"line":44,"column":12},"end":{"line":44,"column":22}},"30":{"start":{"line":45,"column":12},"end":{"line":45,"column":19}},"31":{"start":{"line":47,"column":8},"end":{"line":64,"column":9}},"32":{"start":{"line":48,"column":25},"end":{"line":48,"column":67}},"33":{"start":{"line":49,"column":12},"end":{"line":60,"column":13}},"34":{"start":{"line":50,"column":16},"end":{"line":50,"column":32}},"35":{"start":{"line":51,"column":16},"end":{"line":51,"column":26}},"36":{"start":{"line":54,"column":16},"end":{"line":57,"column":17}},"37":{"start":{"line":55,"column":20},"end":{"line":55,"column":64}},"38":{"start":{"line":56,"column":20},"end":{"line":56,"column":74}},"39":{"start":{"line":58,"column":16},"end":{"line":58,"column":32}},"40":{"start":{"line":59,"column":16},"end":{"line":59,"column":33}},"41":{"start":{"line":62,"column":12},"end":{"line":62,"column":28}},"42":{"start":{"line":63,"column":12},"end":{"line":63,"column":22}},"43":{"start":{"line":67,"column":21},"end":{"line":67,"column":36}},"44":{"start":{"line":68,"column":22},"end":{"line":68,"column":40}},"45":{"start":{"line":69,"column":8},"end":{"line":73,"column":9}},"46":{"start":{"line":70,"column":12},"end":{"line":70,"column":28}},"47":{"start":{"line":71,"column":12},"end":{"line":71,"column":22}},"48":{"start":{"line":72,"column":12},"end":{"line":72,"column":19}},"49":{"start":{"line":75,"column":20},"end":{"line":75,"column":49}},"50":{"start":{"line":76,"column":21},"end":{"line":76,"column":55}},"51":{"start":{"line":77,"column":8},"end":{"line":90,"column":9}},"52":{"start":{"line":81,"column":16},"end":{"line":81,"column":76}},"53":{"start":{"line":82,"column":16},"end":{"line":82,"column":22}},"54":{"start":{"line":84,"column":29},"end":{"line":84,"column":31}},"55":{"start":{"line":85,"column":16},"end":{"line":87,"column":19}},"56":{"start":{"line":86,"column":20},"end":{"line":86,"column":50}},"57":{"start":{"line":88,"column":16},"end":{"line":88,"column":54}},"58":{"start":{"line":89,"column":16},"end":{"line":89,"column":22}},"59":{"start":{"line":92,"column":23},"end":{"line":92,"column":49}},"60":{"start":{"line":94,"column":8},"end":{"line":100,"column":9}},"61":{"start":{"line":95,"column":12},"end":{"line":95,"column":28}},"62":{"start":{"line":96,"column":12},"end":{"line":96,"column":22}},"63":{"start":{"line":98,"column":12},"end":{"line":98,"column":28}},"64":{"start":{"line":99,"column":12},"end":{"line":99,"column":28}},"65":{"start":{"line":103,"column":21},"end":{"line":103,"column":36}},"66":{"start":{"line":104,"column":22},"end":{"line":104,"column":40}},"67":{"start":{"line":105,"column":8},"end":{"line":109,"column":9}},"68":{"start":{"line":106,"column":12},"end":{"line":106,"column":28}},"69":{"start":{"line":107,"column":12},"end":{"line":107,"column":22}},"70":{"start":{"line":108,"column":12},"end":{"line":108,"column":19}},"71":{"start":{"line":110,"column":8},"end":{"line":168,"column":9}},"72":{"start":{"line":111,"column":31},"end":{"line":111,"column":72}},"73":{"start":{"line":112,"column":12},"end":{"line":164,"column":13}},"74":{"start":{"line":113,"column":16},"end":{"line":113,"column":32}},"75":{"start":{"line":114,"column":16},"end":{"line":114,"column":26}},"76":{"start":{"line":117,"column":29},"end":{"line":117,"column":37}},"77":{"start":{"line":118,"column":16},"end":{"line":136,"column":17}},"78":{"start":{"line":122,"column":24},"end":{"line":122,"column":63}},"79":{"start":{"line":123,"column":24},"end":{"line":124,"column":65}},"80":{"start":{"line":124,"column":28},"end":{"line":124,"column":65}},"81":{"start":{"line":125,"column":24},"end":{"line":125,"column":30}},"82":{"start":{"line":127,"column":24},"end":{"line":127,"column":61}},"83":{"start":{"line":128,"column":24},"end":{"line":134,"column":25}},"84":{"start":{"line":129,"column":41},"end":{"line":129,"column":43}},"85":{"start":{"line":130,"column":28},"end":{"line":132,"column":31}},"86":{"start":{"line":131,"column":32},"end":{"line":131,"column":62}},"87":{"start":{"line":133,"column":28},"end":{"line":133,"column":51}},"88":{"start":{"line":135,"column":24},"end":{"line":135,"column":30}},"89":{"start":{"line":137,"column":28},"end":{"line":137,"column":37}},"90":{"start":{"line":138,"column":16},"end":{"line":138,"column":33}},"91":{"start":{"line":140,"column":29},"end":{"line":140,"column":77}},"92":{"start":{"line":142,"column":16},"end":{"line":163,"column":17}},"93":{"start":{"line":143,"column":20},"end":{"line":143,"column":36}},"94":{"start":{"line":144,"column":20},"end":{"line":144,"column":30}},"95":{"start":{"line":146,"column":20},"end":{"line":162,"column":21}},"96":{"start":{"line":147,"column":24},"end":{"line":154,"column":25}},"97":{"start":{"line":148,"column":28},"end":{"line":148,"column":56}},"98":{"start":{"line":149,"column":28},"end":{"line":149,"column":35}},"99":{"start":{"line":150,"column":28},"end":{"line":150,"column":35}},"100":{"start":{"line":152,"column":28},"end":{"line":152,"column":50}},"101":{"start":{"line":153,"column":28},"end":{"line":153,"column":35}},"102":{"start":{"line":156,"column":25},"end":{"line":162,"column":21}},"103":{"start":{"line":157,"column":24},"end":{"line":157,"column":52}},"104":{"start":{"line":158,"column":24},"end":{"line":158,"column":31}},"105":{"start":{"line":161,"column":24},"end":{"line":161,"column":46}},"106":{"start":{"line":166,"column":12},"end":{"line":166,"column":28}},"107":{"start":{"line":167,"column":12},"end":{"line":167,"column":22}},"108":{"start":{"line":171,"column":8},"end":{"line":183,"column":9}},"109":{"start":{"line":172,"column":26},"end":{"line":172,"column":113}},"110":{"start":{"line":173,"column":12},"end":{"line":173,"column":87}},"111":{"start":{"line":174,"column":12},"end":{"line":179,"column":13}},"112":{"start":{"line":175,"column":16},"end":{"line":175,"column":32}},"113":{"start":{"line":176,"column":16},"end":{"line":176,"column":26}},"114":{"start":{"line":178,"column":16},"end":{"line":178,"column":43}},"115":{"start":{"line":181,"column":12},"end":{"line":181,"column":28}},"116":{"start":{"line":182,"column":12},"end":{"line":182,"column":22}},"117":{"start":{"line":187,"column":21},"end":{"line":187,"column":36}},"118":{"start":{"line":188,"column":22},"end":{"line":188,"column":40}},"119":{"start":{"line":189,"column":8},"end":{"line":193,"column":9}},"120":{"start":{"line":190,"column":12},"end":{"line":190,"column":28}},"121":{"start":{"line":191,"column":12},"end":{"line":191,"column":22}},"122":{"start":{"line":192,"column":12},"end":{"line":192,"column":19}},"123":{"start":{"line":194,"column":8},"end":{"line":234,"column":9}},"124":{"start":{"line":195,"column":31},"end":{"line":195,"column":72}},"125":{"start":{"line":196,"column":12},"end":{"line":230,"column":13}},"126":{"start":{"line":197,"column":16},"end":{"line":197,"column":32}},"127":{"start":{"line":198,"column":16},"end":{"line":198,"column":26}},"128":{"start":{"line":201,"column":16},"end":{"line":210,"column":17}},"129":{"start":{"line":205,"column":24},"end":{"line":205,"column":63}},"130":{"start":{"line":206,"column":24},"end":{"line":206,"column":30}},"131":{"start":{"line":208,"column":24},"end":{"line":208,"column":61}},"132":{"start":{"line":209,"column":24},"end":{"line":209,"column":30}},"133":{"start":{"line":211,"column":31},"end":{"line":211,"column":74}},"134":{"start":{"line":212,"column":16},"end":{"line":229,"column":17}},"135":{"start":{"line":213,"column":20},"end":{"line":213,"column":36}},"136":{"start":{"line":214,"column":20},"end":{"line":214,"column":30}},"137":{"start":{"line":217,"column":20},"end":{"line":228,"column":21}},"138":{"start":{"line":222,"column":28},"end":{"line":222,"column":35}},"139":{"start":{"line":223,"column":28},"end":{"line":223,"column":34}},"140":{"start":{"line":225,"column":28},"end":{"line":225,"column":38}},"141":{"start":{"line":226,"column":28},"end":{"line":226,"column":44}},"142":{"start":{"line":227,"column":28},"end":{"line":227,"column":34}},"143":{"start":{"line":232,"column":12},"end":{"line":232,"column":28}},"144":{"start":{"line":233,"column":12},"end":{"line":233,"column":22}},"145":{"start":{"line":238,"column":0},"end":{"line":238,"column":21}}},"fnMap":{"0":{"name":"(anonymous_0)","decl":{"start":{"line":12,"column":14},"end":{"line":12,"column":15}},"loc":{"start":{"line":12,"column":30},"end":{"line":37,"column":5}},"line":12},"1":{"name":"(anonymous_1)","decl":{"start":{"line":39,"column":16},"end":{"line":39,"column":17}},"loc":{"start":{"line":39,"column":42},"end":{"line":65,"column":5}},"line":39},"2":{"name":"(anonymous_2)","decl":{"start":{"line":66,"column":16},"end":{"line":66,"column":17}},"loc":{"start":{"line":66,"column":42},"end":{"line":101,"column":5}},"line":66},"3":{"name":"(anonymous_3)","decl":{"start":{"line":85,"column":34},"end":{"line":85,"column":35}},"loc":{"start":{"line":85,"column":45},"end":{"line":87,"column":17}},"line":85},"4":{"name":"(anonymous_4)","decl":{"start":{"line":102,"column":19},"end":{"line":102,"column":20}},"loc":{"start":{"line":102,"column":51},"end":{"line":169,"column":5}},"line":102},"5":{"name":"(anonymous_5)","decl":{"start":{"line":130,"column":46},"end":{"line":130,"column":47}},"loc":{"start":{"line":130,"column":57},"end":{"line":132,"column":29}},"line":130},"6":{"name":"(anonymous_6)","decl":{"start":{"line":170,"column":19},"end":{"line":170,"column":20}},"loc":{"start":{"line":170,"column":45},"end":{"line":185,"column":5}},"line":170},"7":{"name":"(anonymous_7)","decl":{"start":{"line":186,"column":19},"end":{"line":186,"column":20}},"loc":{"start":{"line":186,"column":51},"end":{"line":235,"column":5}},"line":186}},"branchMap":{"0":{"loc":{"start":{"line":14,"column":8},"end":{"line":35,"column":9}},"type":"switch","locations":[{"start":{"line":15,"column":12},"end":{"line":17,"column":22}},{"start":{"line":18,"column":12},"end":{"line":20,"column":22}},{"start":{"line":21,"column":12},"end":{"line":23,"column":22}},{"start":{"line":24,"column":12},"end":{"line":26,"column":22}},{"start":{"line":27,"column":12},"end":{"line":29,"column":22}},{"start":{"line":30,"column":12},"end":{"line":32,"column":22}},{"start":{"line":33,"column":12},"end":{"line":34,"column":28}}],"line":14},"1":{"loc":{"start":{"line":42,"column":8},"end":{"line":46,"column":9}},"type":"if","locations":[{"start":{"line":42,"column":8},"end":{"line":46,"column":9}},{"start":{},"end":{}}],"line":42},"2":{"loc":{"start":{"line":47,"column":8},"end":{"line":64,"column":9}},"type":"if","locations":[{"start":{"line":47,"column":8},"end":{"line":64,"column":9}},{"start":{"line":61,"column":15},"end":{"line":64,"column":9}}],"line":47},"3":{"loc":{"start":{"line":49,"column":12},"end":{"line":60,"column":13}},"type":"if","locations":[{"start":{"line":49,"column":12},"end":{"line":60,"column":13}},{"start":{"line":53,"column":17},"end":{"line":60,"column":13}}],"line":49},"4":{"loc":{"start":{"line":54,"column":16},"end":{"line":57,"column":17}},"type":"if","locations":[{"start":{"line":54,"column":16},"end":{"line":57,"column":17}},{"start":{},"end":{}}],"line":54},"5":{"loc":{"start":{"line":69,"column":8},"end":{"line":73,"column":9}},"type":"if","locations":[{"start":{"line":69,"column":8},"end":{"line":73,"column":9}},{"start":{},"end":{}}],"line":69},"6":{"loc":{"start":{"line":77,"column":8},"end":{"line":90,"column":9}},"type":"switch","locations":[{"start":{"line":78,"column":12},"end":{"line":78,"column":27}},{"start":{"line":79,"column":12},"end":{"line":79,"column":25}},{"start":{"line":80,"column":12},"end":{"line":82,"column":22}},{"start":{"line":83,"column":12},"end":{"line":89,"column":22}}],"line":77},"7":{"loc":{"start":{"line":94,"column":8},"end":{"line":100,"column":9}},"type":"if","locations":[{"start":{"line":94,"column":8},"end":{"line":100,"column":9}},{"start":{"line":97,"column":15},"end":{"line":100,"column":9}}],"line":94},"8":{"loc":{"start":{"line":105,"column":8},"end":{"line":109,"column":9}},"type":"if","locations":[{"start":{"line":105,"column":8},"end":{"line":109,"column":9}},{"start":{},"end":{}}],"line":105},"9":{"loc":{"start":{"line":110,"column":8},"end":{"line":168,"column":9}},"type":"if","locations":[{"start":{"line":110,"column":8},"end":{"line":168,"column":9}},{"start":{"line":165,"column":15},"end":{"line":168,"column":9}}],"line":110},"10":{"loc":{"start":{"line":112,"column":12},"end":{"line":164,"column":13}},"type":"if","locations":[{"start":{"line":112,"column":12},"end":{"line":164,"column":13}},{"start":{"line":115,"column":19},"end":{"line":164,"column":13}}],"line":112},"11":{"loc":{"start":{"line":118,"column":16},"end":{"line":136,"column":17}},"type":"switch","locations":[{"start":{"line":119,"column":20},"end":{"line":119,"column":35}},{"start":{"line":120,"column":20},"end":{"line":120,"column":33}},{"start":{"line":121,"column":20},"end":{"line":125,"column":30}},{"start":{"line":126,"column":20},"end":{"line":135,"column":30}}],"line":118},"12":{"loc":{"start":{"line":123,"column":24},"end":{"line":124,"column":65}},"type":"if","locations":[{"start":{"line":123,"column":24},"end":{"line":124,"column":65}},{"start":{},"end":{}}],"line":123},"13":{"loc":{"start":{"line":128,"column":24},"end":{"line":134,"column":25}},"type":"if","locations":[{"start":{"line":128,"column":24},"end":{"line":134,"column":25}},{"start":{},"end":{}}],"line":128},"14":{"loc":{"start":{"line":142,"column":16},"end":{"line":163,"column":17}},"type":"if","locations":[{"start":{"line":142,"column":16},"end":{"line":163,"column":17}},{"start":{"line":145,"column":23},"end":{"line":163,"column":17}}],"line":142},"15":{"loc":{"start":{"line":146,"column":20},"end":{"line":162,"column":21}},"type":"if","locations":[{"start":{"line":146,"column":20},"end":{"line":162,"column":21}},{"start":{"line":156,"column":25},"end":{"line":162,"column":21}}],"line":146},"16":{"loc":{"start":{"line":147,"column":24},"end":{"line":154,"column":25}},"type":"if","locations":[{"start":{"line":147,"column":24},"end":{"line":154,"column":25}},{"start":{"line":151,"column":31},"end":{"line":154,"column":25}}],"line":147},"17":{"loc":{"start":{"line":156,"column":25},"end":{"line":162,"column":21}},"type":"if","locations":[{"start":{"line":156,"column":25},"end":{"line":162,"column":21}},{"start":{"line":160,"column":25},"end":{"line":162,"column":21}}],"line":156},"18":{"loc":{"start":{"line":171,"column":8},"end":{"line":183,"column":9}},"type":"if","locations":[{"start":{"line":171,"column":8},"end":{"line":183,"column":9}},{"start":{"line":180,"column":15},"end":{"line":183,"column":9}}],"line":171},"19":{"loc":{"start":{"line":174,"column":12},"end":{"line":179,"column":13}},"type":"if","locations":[{"start":{"line":174,"column":12},"end":{"line":179,"column":13}},{"start":{"line":177,"column":19},"end":{"line":179,"column":13}}],"line":174},"20":{"loc":{"start":{"line":189,"column":8},"end":{"line":193,"column":9}},"type":"if","locations":[{"start":{"line":189,"column":8},"end":{"line":193,"column":9}},{"start":{},"end":{}}],"line":189},"21":{"loc":{"start":{"line":194,"column":8},"end":{"line":234,"column":9}},"type":"if","locations":[{"start":{"line":194,"column":8},"end":{"line":234,"column":9}},{"start":{"line":231,"column":15},"end":{"line":234,"column":9}}],"line":194},"22":{"loc":{"start":{"line":196,"column":12},"end":{"line":230,"column":13}},"type":"if","locations":[{"start":{"line":196,"column":12},"end":{"line":230,"column":13}},{"start":{"line":200,"column":17},"end":{"line":230,"column":13}}],"line":196},"23":{"loc":{"start":{"line":201,"column":16},"end":{"line":210,"column":17}},"type":"switch","locations":[{"start":{"line":202,"column":20},"end":{"line":202,"column":35}},{"start":{"line":203,"column":20},"end":{"line":203,"column":33}},{"start":{"line":204,"column":20},"end":{"line":206,"column":30}},{"start":{"line":207,"column":20},"end":{"line":209,"column":30}}],"line":201},"24":{"loc":{"start":{"line":212,"column":16},"end":{"line":229,"column":17}},"type":"if","locations":[{"start":{"line":212,"column":16},"end":{"line":229,"column":17}},{"start":{"line":216,"column":21},"end":{"line":229,"column":17}}],"line":212},"25":{"loc":{"start":{"line":217,"column":20},"end":{"line":228,"column":21}},"type":"switch","locations":[{"start":{"line":218,"column":24},"end":{"line":218,"column":39}},{"start":{"line":219,"column":24},"end":{"line":219,"column":37}},{"start":{"line":220,"column":24},"end":{"line":220,"column":37}},{"start":{"line":221,"column":24},"end":{"line":223,"column":34}},{"start":{"line":224,"column":24},"end":{"line":227,"column":34}}],"line":217}},"s":{"0":1,"1":1,"2":1,"3":1,"4":1,"5":1,"6":1,"7":1,"8":1,"9":1,"10":42,"11":7,"12":7,"13":7,"14":7,"15":7,"16":7,"17":7,"18":7,"19":9,"20":9,"21":5,"22":5,"23":0,"24":42,"25":0,"26":0,"27":0,"28":0,"29":0,"30":0,"31":0,"32":0,"33":0,"34":0,"35":0,"36":0,"37":0,"38":0,"39":0,"40":0,"41":0,"42":0,"43":30,"44":30,"45":30,"46":0,"47":0,"48":0,"49":30,"50":30,"51":30,"52":15,"53":15,"54":5,"55":5,"56":10,"57":5,"58":5,"59":30,"60":30,"61":0,"62":0,"63":30,"64":30,"65":6,"66":6,"67":6,"68":0,"69":0,"70":0,"71":6,"72":6,"73":6,"74":0,"75":0,"76":6,"77":6,"78":3,"79":3,"80":3,"81":3,"82":1,"83":1,"84":1,"85":1,"86":1,"87":1,"88":1,"89":6,"90":6,"91":6,"92":6,"93":0,"94":0,"95":6,"96":1,"97":1,"98":1,"99":1,"100":0,"101":0,"102":5,"103":3,"104":3,"105":2,"106":0,"107":0,"108":0,"109":0,"110":0,"111":0,"112":0,"113":0,"114":0,"115":0,"116":0,"117":6,"118":6,"119":6,"120":0,"121":0,"122":0,"123":6,"124":6,"125":6,"126":0,"127":0,"128":6,"129":3,"130":3,"131":1,"132":1,"133":6,"134":6,"135":0,"136":0,"137":6,"138":4,"139":4,"140":2,"141":2,"142":2,"143":0,"144":0,"145":1},"f":{"0":42,"1":0,"2":30,"3":10,"4":6,"5":1,"6":0,"7":6},"b":{"0":[7,7,7,7,9,5,0],"1":[0,0],"2":[0,0],"3":[0,0],"4":[0,0],"5":[0,30],"6":[5,10,15,5],"7":[0,30],"8":[0,6],"9":[6,0],"10":[0,6],"11":[1,2,3,1],"12":[3,0],"13":[1,0],"14":[0,6],"15":[1,5],"16":[1,0],"17":[3,2],"18":[0,0],"19":[0,0],"20":[0,6],"21":[6,0],"22":[0,6],"23":[1,2,3,1],"24":[0,6],"25":[1,2,3,4,2]},"_coverageSchema":"1a1c01bbd47fc00a2c39e90264f33305004495a9","hash":"4704e559755bc08f6ee9c480a71197f29701748b"}
,"/Users/capt.jacksparrow/Documents/Academics/DLSU/AY2324/Term1/SWENG/CSSWENG-S11-G1/server/controller/singleton_controller.js": {"path":"/Users/capt.jacksparrow/Documents/Academics/DLSU/AY2324/Term1/SWENG/CSSWENG-S11-G1/server/controller/singleton_controller.js","statementMap":{"0":{"start":{"line":1,"column":18},"end":{"line":1,"column":51}},"1":{"start":{"line":3,"column":13},"end":{"line":92,"column":1}},"2":{"start":{"line":5,"column":8},"end":{"line":6,"column":56}},"3":{"start":{"line":6,"column":12},"end":{"line":6,"column":56}},"4":{"start":{"line":9,"column":23},"end":{"line":9,"column":67}},"5":{"start":{"line":10,"column":8},"end":{"line":10,"column":33}},"6":{"start":{"line":11,"column":8},"end":{"line":17,"column":9}},"7":{"start":{"line":12,"column":12},"end":{"line":12,"column":28}},"8":{"start":{"line":13,"column":12},"end":{"line":13,"column":22}},"9":{"start":{"line":15,"column":12},"end":{"line":15,"column":28}},"10":{"start":{"line":16,"column":12},"end":{"line":16,"column":29}},"11":{"start":{"line":20,"column":27},"end":{"line":20,"column":71}},"12":{"start":{"line":21,"column":8},"end":{"line":21,"column":52}},"13":{"start":{"line":23,"column":21},"end":{"line":23,"column":29}},"14":{"start":{"line":24,"column":8},"end":{"line":25,"column":54}},"15":{"start":{"line":25,"column":12},"end":{"line":25,"column":54}},"16":{"start":{"line":27,"column":23},"end":{"line":27,"column":87}},"17":{"start":{"line":28,"column":8},"end":{"line":39,"column":9}},"18":{"start":{"line":29,"column":12},"end":{"line":29,"column":28}},"19":{"start":{"line":30,"column":12},"end":{"line":30,"column":22}},"20":{"start":{"line":32,"column":12},"end":{"line":38,"column":13}},"21":{"start":{"line":33,"column":16},"end":{"line":33,"column":23}},"22":{"start":{"line":36,"column":16},"end":{"line":36,"column":25}},"23":{"start":{"line":37,"column":16},"end":{"line":37,"column":32}},"24":{"start":{"line":42,"column":23},"end":{"line":42,"column":67}},"25":{"start":{"line":43,"column":8},"end":{"line":48,"column":236}},"26":{"start":{"line":44,"column":12},"end":{"line":44,"column":45}},"27":{"start":{"line":45,"column":12},"end":{"line":45,"column":35}},"28":{"start":{"line":48,"column":12},"end":{"line":48,"column":236}},"29":{"start":{"line":51,"column":23},"end":{"line":51,"column":67}},"30":{"start":{"line":52,"column":8},"end":{"line":57,"column":195}},"31":{"start":{"line":53,"column":12},"end":{"line":53,"column":45}},"32":{"start":{"line":54,"column":12},"end":{"line":54,"column":36}},"33":{"start":{"line":57,"column":12},"end":{"line":57,"column":195}},"34":{"start":{"line":60,"column":23},"end":{"line":60,"column":67}},"35":{"start":{"line":61,"column":8},"end":{"line":66,"column":285}},"36":{"start":{"line":62,"column":12},"end":{"line":62,"column":45}},"37":{"start":{"line":63,"column":12},"end":{"line":63,"column":35}},"38":{"start":{"line":66,"column":12},"end":{"line":66,"column":285}},"39":{"start":{"line":69,"column":23},"end":{"line":69,"column":67}},"40":{"start":{"line":70,"column":8},"end":{"line":77,"column":9}},"41":{"start":{"line":71,"column":12},"end":{"line":71,"column":45}},"42":{"start":{"line":72,"column":28},"end":{"line":72,"column":72}},"43":{"start":{"line":73,"column":12},"end":{"line":73,"column":56}},"44":{"start":{"line":76,"column":12},"end":{"line":76,"column":55}},"45":{"start":{"line":80,"column":27},"end":{"line":80,"column":71}},"46":{"start":{"line":81,"column":8},"end":{"line":81,"column":48}},"47":{"start":{"line":83,"column":21},"end":{"line":83,"column":112}},"48":{"start":{"line":85,"column":8},"end":{"line":90,"column":9}},"49":{"start":{"line":86,"column":12},"end":{"line":86,"column":28}},"50":{"start":{"line":87,"column":12},"end":{"line":87,"column":22}},"51":{"start":{"line":89,"column":12},"end":{"line":89,"column":19}},"52":{"start":{"line":94,"column":0},"end":{"line":94,"column":22}}},"fnMap":{"0":{"name":"(anonymous_0)","decl":{"start":{"line":4,"column":25},"end":{"line":4,"column":26}},"loc":{"start":{"line":4,"column":43},"end":{"line":7,"column":5}},"line":4},"1":{"name":"(anonymous_1)","decl":{"start":{"line":8,"column":15},"end":{"line":8,"column":16}},"loc":{"start":{"line":8,"column":41},"end":{"line":18,"column":5}},"line":8},"2":{"name":"(anonymous_2)","decl":{"start":{"line":19,"column":18},"end":{"line":19,"column":19}},"loc":{"start":{"line":19,"col
[...]
97,"column":27},"end":{"line":97,"column":28}},"loc":{"start":{"line":97,"column":38},"end":{"line":101,"column":13}},"line":97},"8":{"name":"(anonymous_8)","decl":{"start":{"line":103,"column":27},"end":{"line":103,"column":28}},"loc":{"start":{"line":103,"column":38},"end":{"line":106,"column":13}},"line":103},"9":{"name":"(anonymous_9)","decl":{"start":{"line":110,"column":20},"end":{"line":110,"column":21}},"loc":{"start":{"line":110,"column":42},"end":{"line":122,"column":5}},"line":110},"10":{"name":"(anonymous_10)","decl":{"start":{"line":117,"column":27},"end":{"line":117,"column":28}},"loc":{"start":{"line":117,"column":38},"end":{"line":119,"column":13}},"line":117}},"branchMap":{"0":{"loc":{"start":{"line":14,"column":8},"end":{"line":35,"column":9}},"type":"switch","locations":[{"start":{"line":15,"column":12},"end":{"line":17,"column":22}},{"start":{"line":18,"column":12},"end":{"line":20,"column":22}},{"start":{"line":21,"column":12},"end":{"line":23,"column":22}},{"start":{"line":24,"column":12},"end":{"line":26,"column":22}},{"start":{"line":27,"column":12},"end":{"line":29,"column":22}},{"start":{"line":30,"column":12},"end":{"line":32,"column":22}},{"start":{"line":33,"column":12},"end":{"line":34,"column":28}}],"line":14},"1":{"loc":{"start":{"line":40,"column":8},"end":{"line":42,"column":9}},"type":"if","locations":[{"start":{"line":40,"column":8},"end":{"line":42,"column":9}},{"start":{},"end":{}}],"line":40},"2":{"loc":{"start":{"line":43,"column":8},"end":{"line":52,"column":9}},"type":"if","locations":[{"start":{"line":43,"column":8},"end":{"line":52,"column":9}},{"start":{"line":50,"column":15},"end":{"line":52,"column":9}}],"line":43},"3":{"loc":{"start":{"line":45,"column":12},"end":{"line":48,"column":13}},"type":"if","locations":[{"start":{"line":45,"column":12},"end":{"line":48,"column":13}},{"start":{},"end":{}}],"line":45},"4":{"loc":{"start":{"line":56,"column":8},"end":{"line":58,"column":9}},"type":"if","locations":[{"start":{"line":56,"column":8},"end":{"line":58,"column":9}},{"start":{},"end":{}}],"line":56},"5":{"loc":{"start":{"line":64,"column":8},"end":{"line":66,"column":9}},"type":"if","locations":[{"start":{"line":64,"column":8},"end":{"line":66,"column":9}},{"start":{},"end":{}}],"line":64},"6":{"loc":{"start":{"line":68,"column":8},"end":{"line":72,"column":9}},"type":"if","locations":[{"start":{"line":68,"column":8},"end":{"line":72,"column":9}},{"start":{"line":70,"column":13},"end":{"line":72,"column":9}}],"line":68},"7":{"loc":{"start":{"line":73,"column":8},"end":{"line":84,"column":9}},"type":"if","locations":[{"start":{"line":73,"column":8},"end":{"line":84,"column":9}},{"start":{"line":80,"column":15},"end":{"line":84,"column":9}}],"line":73},"8":{"loc":{"start":{"line":76,"column":16},"end":{"line":78,"column":17}},"type":"if","locations":[{"start":{"line":76,"column":16},"end":{"line":78,"column":17}},{"start":{},"end":{}}],"line":76},"9":{"loc":{"start":{"line":80,"column":15},"end":{"line":84,"column":9}},"type":"if","locations":[{"start":{"line":80,"column":15},"end":{"line":84,"column":9}},{"start":{},"end":{}}],"line":80},"10":{"loc":{"start":{"line":89,"column":8},"end":{"line":91,"column":9}},"type":"if","locations":[{"start":{"line":89,"column":8},"end":{"line":91,"column":9}},{"start":{},"end":{}}],"line":89},"11":{"loc":{"start":{"line":92,"column":8},"end":{"line":93,"column":30}},"type":"if","locations":[{"start":{"line":92,"column":8},"end":{"line":93,"column":30}},{"start":{},"end":{}}],"line":92},"12":{"loc":{"start":{"line":95,"column":8},"end":{"line":107,"column":9}},"type":"if","locations":[{"start":{"line":95,"column":8},"end":{"line":107,"column":9}},{"start":{"line":102,"column":15},"end":{"line":107,"column":9}}],"line":95},"13":{"loc":{"start":{"line":98,"column":16},"end":{"line":100,"column":17}},"type":"if","locations":[{"start":{"line":98,"column":16},"end":{"line":100,"column":17}},{"start":{},"end":{}}],"line":98},"14":{"loc":{"start":{"line":102,"column":15},"end":{"line":107,"column":9}},"type":"if","locations":[{"start":{"line":102,"column":15},"end":{"line":107,"column":9}},{"start":{},"end":{}}],"line":102},"15":{"loc":{"start":{"line":112,"column":8},"end":{"line":114,"column":9}},"type":"if","locations":[{"start":{"line":112,"column":8},"end":{"line":114,"column":9}},{"start":{},"end":{}}],"line":112},"16":{"loc":{"start":{"line":116,"column":8},"end":{"line":120,"column":9}},"type":"if","locations":[{"start":{"line":116,"column":8},"end":{"line":120,"column":9}},{"start":{},"end":{}}],"line":116}},"s":{"0":1,"1":1,"2":1,"3":1,"4":1,"5":1,"6":1,"7":1,"8":1,"9":1,"10":0,"11":0,"12":0,"13":0,"14":0,"15":0,"16":0,"17":0,"18":0,"19":0,"20":0,"21":0,"22":0,"23":0,"24":0,"25":0,"26":0,"27":0,"28":0,"29":0,"30":0,"31":0,"32":0,"33":0,"34":0,"35":0,"36":0,"37":0,"38":0,"39":0,"40":0,"41":0,"42":0,"43":0,"44":0,"45":0,"46":0,"47":0,"48":0,"49":0,"50":0,"51":0,"52":0,"53":0,"54":0,"55":0,"56":0,"57":0,"58":0,"59":0,"60":0,"61":0,"62":0,"63":0,"64":0,"65":0,"66":0,"67":0,"68":0,"69":0,"70":0,"71":0,"72":0,"73":0,"74":0,"75":0,"76":0,"77":0,"78":0,"79":1},"f":{"0":0,"1":0,"2":0,"3":0,"4":0,"5":0,"6":0,"7":0,"8":0,"9":0,"10":0},"b":{"0":[0,0,0,0,0,0,0],"1":[0,0],"2":[0,0],"3":[0,0],"4":[0,0],"5":[0,0],"6":[0,0],"7":[0,0],"8":[0,0],"9":[0,0],"10":[0,0],"11":[0,0],"12":[0,0],"13":[0,0],"14":[0,0],"15":[0,0],"16":[0,0]},"_coverageSchema":"1a1c01bbd47fc00a2c39e90264f33305004495a9","hash":"85167aacffaf04ecd254c051c7f6848ef750af87"}
,"/Users/capt.jacksparrow/Documents/Academics/DLSU/AY2324/Term1/SWENG/CSSWENG-S11-G1/server/controller/middleware/file_upload.js": {"path":"/Users/capt.jacksparrow/Documents/Academics/DLSU/AY2324/Term1/SWENG/CSSWENG-S11-G1/server/controller/middleware/file_upload.js","statementMap":{"0":{"start":{"line":2,"column":15},"end":{"line":2,"column":32}},"1":{"start":{"line":3,"column":13},"end":{"line":3,"column":28}},"2":{"start":{"line":4,"column":26},"end":{"line":4,"column":58}},"3":{"start":{"line":7,"column":0},"end":{"line":23,"column":3}},"4":{"start":{"line":11,"column":6},"end":{"line":21,"column":9}},"5":{"start":{"line":12,"column":23},"end":{"line":12,"column":40}},"6":{"start":{"line":13,"column":23},"end":{"line":19,"column":7}},"7":{"start":{"line":20,"column":6},"end":{"line":20,"column":24}},"8":{"start":{"line":24,"column":22},"end":{"line":42,"column":1}},"9":{"start":{"line":26,"column":2},"end":{"line":41,"column":3}},"10":{"start":{"line":27,"column":22},"end":{"line":27,"column":44}},"11":{"start":{"line":30,"column":20},"end":{"line":30,"column":81}},"12":{"start":{"line":32,"column":21},"end":{"line":32,"column":50}},"13":{"start":{"line":34,"column":4},"end":{"line":38,"column":5}},"14":{"start":{"line":35,"column":6},"end":{"line":35,"column":28}},"15":{"start":{"line":37,"column":6},"end":{"line":37,"column":55}},"16":{"start":{"line":40,"column":4},"end":{"line":40,"column":34}},"17":{"start":{"line":45,"column":15},"end":{"line":51,"column":2}},"18":{"start":{"line":49,"column":4},"end":{"line":49,"column":28}},"19":{"start":{"line":53,"column":0},"end":{"line":53,"column":24}}},"fnMap":{"0":{"name":"(anonymous_0)","decl":{"start":{"line":10,"column":8},"end":{"line":10,"column":9}},"loc":{"start":{"line":10,"column":23},"end":{"line":22,"column":3}},"line":10},"1":{"name":"(anonymous_1)","decl":{"start":{"line":11,"column":25},"end":{"line":11,"column":26}},"loc":{"start":{"line":11,"column":46},"end":{"line":21,"column":7}},"line":11},"2":{"name":"(anonymous_2)","decl":{"start":{"line":24,"column":22},"end":{"line":24,"column":23}},"loc":{"start":{"line":24,"column":42},"end":{"line":42,"column":1}},"line":24},"3":{"name":"(anonymous_3)","decl":{"start":{"line":48,"column":14},"end":{"line":48,"column":15}},"loc":{"start":{"line":48,"column":33},"end":{"line":50,"column":3}},"line":48}},"branchMap":{"0":{"loc":{"start":{"line":26,"column":2},"end":{"line":41,"column":3}},"type":"if","locations":[{"start":{"line":26,"column":2},"end":{"line":41,"column":3}},{"start":{"line":39,"column":9},"end":{"line":41,"column":3}}],"line":26},"1":{"loc":{"start":{"line":34,"column":4},"end":{"line":38,"column":5}},"type":"if","locations":[{"start":{"line":34,"column":4},"end":{"line":38,"column":5}},{"start":{"line":36,"column":11},"end":{"line":38,"column":5}}],"line":34},"2":{"loc":{"start":{"line":34,"column":8},"end":{"line":34,"column":27}},"type":"binary-expr","locations":[{"start":{"line":34,"column":8},"end":{"line":34,"column":16}},{"start":{"line":34,"column":20},"end":{"line":34,"column":27}}],"line":34}},"s":{"0":1,"1":1,"2":1,"3":1,"4":32,"5":32,"6":32,"7":32,"8":1,"9":32,"10":32,"11":32,"12":32,"13":32,"14":32,"15":0,"16":0,"17":1,"18":32,"19":1},"f":{"0":32,"1":32,"2":32,"3":32},"b":{"0":[32,0],"1":[32,0],"2":[32,32]},"_coverageSchema":"1a1c01bbd47fc00a2c39e90264f33305004495a9","hash":"d8acb50ddb9f9db745e9510578772c58cac60d0d"}
,"/Users/capt.jacksparrow/Documents/Academics/DLSU/AY2324/Term1/SWENG/CSSWENG-S11-G1/server/models/admin.js": {"path":"/Users/capt.jacksparrow/Documents/Academics/DLSU/AY2324/Term1/SWENG/CSSWENG-S11-G1/server/models/admin.js","statementMap":{"0":{"start":{"line":1,"column":17},"end":{"line":1,"column":36}},"1":{"start":{"line":3,"column":15},"end":{"line":3,"column":30}},"2":{"start":{"line":4,"column":20},"end":{"line":14,"column":2}},"3":{"start":{"line":16,"column":0},"end":{"line":16,"column":54}}},"fnMap":{},"branchMap":{},"s":{"0":1,"1":1,"2":1,"3":1},"f":{},"b":{},"_coverageSchema":"1a1c01bbd47fc00a2c39e90264f33305004495a9","hash":"2acd5e6ea21e5294003b9fe6d0b600016e2caff3"}
,"/Users/capt.jacksparrow/Documents/Academics/DLSU/AY2324/Term1/SWENG/CSSWENG-S11-G1/server/models/child.js": {"path":"/Users/capt.jacksparrow/Documents/Academics/DLSU/AY2324/Term1/SWENG/CSSWENG-S11-G1/server/models/child.js","statementMap":{"0":{"start":{"line":1,"column":17},"end":{"line":1,"column":36}},"1":{"start":{"line":3,"column":15},"end":{"line":3,"column":30}},"2":{"start":{"line":4,"column":20},"end":{"line":31,"column":2}},"3":{"start":{"line":33,"column":0},"end":{"line":33,"column":54}}},"fnMap":{},"branchMap":{},"s":{"0":1,"1":1,"2":1,"3":1},"f":{},"b":{},"_coverageSchema":"1a1c01bbd47fc00a2c39e90264f33305004495a9","hash":"164a86f65985904461b672220d66c5fec75dcdcd"}
,"/Users/capt.jacksparrow/Documents/Academics/DLSU/AY2324/Term1/SWENG/CSSWENG-S11-G1/server/models/donation.js": {"path":"/Users/capt.jacksparrow/Documents/Academics/DLSU/AY2324/Term1/SWENG/CSSWENG-S11-G1/server/models/donation.js","statementMap":{"0":{"start":{"line":1,"column":17},"end":{"line":1,"column":36}},"1":{"start":{"line":3,"column":15},"end":{"line":3,"column":30}},"2":{"start":{"line":4,"column":23},"end":{"line":9,"column":2}},"3":{"start":{"line":11,"column":0},"end":{"line":11,"column":60}}},"fnMap":{},"branchMap":{},"s":{"0":1,"1":1,"2":1,"3":1},"f":{},"b":{},"_coverageSchema":"1a1c01bbd47fc00a2c39e90264f33305004495a9","hash":"4d2889eeb046f1505f086694b1c4dc0bb5cadb3a"}
,"/Users/capt.jacksparrow/Documents/Academics/DLSU/AY2324/Term1/SWENG/CSSWENG-S11-G1/server/models/event.js": {"path":"/Users/capt.jacksparrow/Documents/Academics/DLSU/AY2324/Term1/SWENG/CSSWENG-S11-G1/server/models/event.js","statementMap":{"0":{"start":{"line":1,"column":17},"end":{"line":1,"column":36}},"1":{"start":{"line":3,"column":15},"end":{"line":3,"column":30}},"2":{"start":{"line":4,"column":20},"end":{"line":35,"column":2}},"3":{"start":{"line":37,"column":0},"end":{"line":37,"column":54}}},"fnMap":{},"branchMap":{},"s":{"0":1,"1":1,"2":1,"3":1},"f":{},"b":{},"_coverageSchema":"1a1c01bbd47fc00a2c39e90264f33305004495a9","hash":"3f9d6e7cdef51a238996266265ca4af05cf737a2"}
,"/Users/capt.jacksparrow/Documents/Academics/DLSU/AY2324/Term1/SWENG/CSSWENG-S11-G1/server/models/newsletter.js": {"path":"/Users/capt.jacksparrow/Documents/Academics/DLSU/AY2324/Term1/SWENG/CSSWENG-S11-G1/server/models/newsletter.js","statementMap":{"0":{"start":{"line":1,"column":17},"end":{"line":1,"column":36}},"1":{"start":{"line":3,"column":15},"end":{"line":3,"column":30}},"2":{"start":{"line":4,"column":25},"end":{"line":23,"column":2}},"3":{"start":{"line":21,"column":23},"end":{"line":21,"column":55}},"4":{"start":{"line":25,"column":0},"end":{"line":25,"column":64}}},"fnMap":{"0":{"name":"(anonymous_0)","decl":{"start":{"line":21,"column":18},"end":{"line":21,"column":19}},"loc":{"start":{"line":21,"column":23},"end":{"line":21,"column":55}},"line":21}},"branchMap":{"0":{"loc":{"start":{"line":21,"column":23},"end":{"line":21,"column":55}},"type":"binary-expr","locations":[{"start":{"line":21,"column":23},"end":{"line":21,"column":39}},{"start":{"line":21,"column":43},"end":{"line":21,"column":55}}],"line":21}},"s":{"0":1,"1":1,"2":1,"3":5,"4":1},"f":{"0":5},"b":{"0":[5,5]},"_coverageSchema":"1a1c01bbd47fc00a2c39e90264f33305004495a9","hash":"2ce3e76df889e4528a24e012b17b1ab435fa84dd"}
,"/Users/capt.jacksparrow/Documents/Academics/DLSU/AY2324/Term1/SWENG/CSSWENG-S11-G1/server/models/project.js": {"path":"/Users/capt.jacksparrow/Documents/Academics/DLSU/AY2324/Term1/SWENG/CSSWENG-S11-G1/server/models/project.js","statementMap":{"0":{"start":{"line":1,"column":17},"end":{"line":1,"column":36}},"1":{"start":{"line":3,"column":15},"end":{"line":3,"column":30}},"2":{"start":{"line":4,"column":22},"end":{"line":39,"column":2}},"3":{"start":{"line":41,"column":0},"end":{"line":41,"column":58}}},"fnMap":{},"branchMap":{},"s":{"0":1,"1":1,"2":1,"3":1},"f":{},"b":{},"_coverageSchema":"1a1c01bbd47fc00a2c39e90264f33305004495a9","hash":"758099caf754dd712c2ddc579b2ea6f73e0ace66"}
,"/Users/capt.jacksparrow/Documents/Academics/DLSU/AY2324/Term1/SWENG/CSSWENG-S11-G1/server/models/singleton.js": {"path":"/Users/capt.jacksparrow/Documents/Academics/DLSU/AY2324/Term1/SWENG/CSSWENG-S11-G1/server/models/singleton.js","statementMap":{"0":{"start":{"line":1,"column":17},"end":{"line":1,"column":36}},"1":{"start":{"line":3,"column":15},"end":{"line":3,"column":30}},"2":{"start":{"line":4,"column":24},"end":{"line":111,"column":31}},"3":{"start":{"line":113,"column":0},"end":{"line":113,"column":62}}},"fnMap":{},"branchMap":{},"s":{"0":1,"1":1,"2":1,"3":1},"f":{},"b":{},"_coverageSchema":"1a1c01bbd47fc00a2c39e90264f33305004495a9","hash":"6547bbcf6b222c85728393bbc186ee6807cc0338"}
,"/Users/capt.jacksparrow/Documents/Academics/DLSU/AY2324/Term1/SWENG/CSSWENG-S11-G1/server/models/staff.js": {"path":"/Users/capt.jacksparrow/Documents/Academics/DLSU/AY2324/Term1/SWENG/CSSWENG-S11-G1/server/models/staff.js","statementMap":{"0":{"start":{"line":1,"column":17},"end":{"line":1,"column":36}},"1":{"start":{"line":3,"column":15},"end":{"line":3,"column":30}},"2":{"start":{"line":4,"column":20},"end":{"line":13,"column":2}},"3":{"start":{"line":15,"column":0},"end":{"line":15,"column":54}}},"fnMap":{},"branchMap":{},"s":{"0":1,"1":1,"2":1,"3":1},"f":{},"b":{},"_coverageSchema":"1a1c01bbd47fc00a2c39e90264f33305004495a9","hash":"34a1d79ee916f2e4f6b7d1213e87ef5b45ea0f68"}
,"/Users/capt.jacksparrow/Documents/Academics/DLSU/AY2324/Term1/SWENG/CSSWENG-S11-G1/server/models/trustee.js": {"path":"/Users/capt.jacksparrow/Documents/Academics/DLSU/AY2324/Term1/SWENG/CSSWENG-S11-G1/server/models/trustee.js","statementMap":{"0":{"start":{"line":1,"column":17},"end":{"line":1,"column":36}},"1":{"start":{"line":3,"column":15},"end":{"line":3,"column":30}},"2":{"start":{"line":4,"column":22},"end":{"line":13,"column":2}},"3":{"start":{"line":15,"column":0},"end":{"line":15,"column":58}}},"fnMap":{},"branchMap":{},"s":{"0":1,"1":1,"2":1,"3":1},"f":{},"b":{},"_coverageSchema":"1a1c01bbd47fc00a2c39e90264f33305004495a9","hash":"610f7d84f2b7065a14b4549f3a2308abdf5f2181"}
,"/Users/capt.jacksparrow/Documents/Academics/DLSU/AY2324/Term1/SWENG/CSSWENG-S11-G1/server/routes/main.js": {"path":"/Users/capt.jacksparrow/Documents/Academics/DLSU/AY2324/Term1/SWENG/CSSWENG-S11-G1/server/routes/main.js","statementMap":{"0":{"start":{"line":1,"column":16},"end":{"line":1,"column":34}},"1":{"start":{"line":2,"column":15},"end":{"line":2,"column":31}},"2":{"start":{"line":3,"column":24},"end":{"line":3,"column":68}},"3":{"start":{"line":4,"column":26},"end":{"line":4,"column":72}},"4":{"start":{"line":5,"column":28},"end":{"line":5,"column":76}},"5":{"start":{"line":6,"column":27},"end":{"line":6,"column":74}},"6":{"start":{"line":7,"column":30},"end":{"line":7,"column":80}},"7":{"start":{"line":8,"column":24},"end":{"line":8,"column":68}},"8":{"start":{"line":9,"column":20},"end":{"line":9,"column":70}},"9":{"start":{"line":21,"column":0},"end":{"line":21,"column":42}},"10":{"start":{"line":22,"column":0},"end":{"line":22,"column":34}},"11":{"start":{"line":24,"column":0},"end":{"line":24,"column":54}},"12":{"start":{"line":25,"column":0},"end":{"line":25,"column":61}},"13":{"start":{"line":27,"column":0},"end":{"line":27,"column":49}},"14":{"start":{"line":28,"column":0},"end":{"line":28,"column":50}},"15":{"start":{"line":29,"column":0},"end":{"line":29,"column":54}},"16":{"start":{"line":30,"column":0},"end":{"line":30,"column":64}},"17":{"start":{"line":31,"column":0},"end":{"line":31,"column":62}},"18":{"start":{"line":32,"column":0},"end":{"line":32,"column":62}},"19":{"start":{"line":34,"column":0},"end":{"line":34,"column":59}},"20":{"start":{"line":35,"column":0},"end":{"line":35,"column":60}},"21":{"start":{"line":36,"column":0},"end":{"line":36,"column":70}},"22":{"start":{"line":37,"column":0},"end":{"line":37,"column":76}},"23":{"start":{"line":38,"column":0},"end":{"line":38,"column":65}},"24":{"start":{"line":39,"column":0},"end":{"line":39,"column":59}},"25":{"start":{"line":40,"column":0},"end":{"line":40,"column":101}},"26":{"start":{"line":41,"column":0},"end":{"line":41,"column":64}},"27":{"start":{"line":42,"column":0},"end":{"line":42,"column":60}},"28":{"start":{"line":44,"column":0},"end":{"line":44,"column":55}},"29":{"start":{"line":45,"column":0},"end":{"line":45,"column":58}},"30":{"start":{"line":46,"column":0},"end":{"line":46,"column":49}},"31":{"start":{"line":48,"column":0},"end":{"line":48,"column":62}},"32":{"start":{"line":49,"column":0},"end":{"line":49,"column":134}},"33":{"start":{"line":50,"column":0},"end":{"line":50,"column":72}},"34":{"start":{"line":51,"column":0},"end":{"line":51,"column":140}},"35":{"start":{"line":53,"column":0},"end":{"line":53,"column":61}},"36":{"start":{"line":55,"column":0},"end":{"line":55,"column":107}},"37":{"start":{"line":56,"column":0},"end":{"line":56,"column":77}},"38":{"start":{"line":57,"column":0},"end":{"line":57,"column":95}},"39":{"start":{"line":59,"column":0},"end":{"line":59,"column":141}},"40":{"start":{"line":60,"column":0},"end":{"line":60,"column":80}},"41":{"start":{"line":61,"column":0},"end":{"line":61,"column":128}},"42":{"start":{"line":63,"column":0},"end":{"line":63,"column":113}},"43":{"start":{"line":64,"column":0},"end":{"line":64,"column":85}},"44":{"start":{"line":65,"column":0},"end":{"line":65,"column":100}},"45":{"start":{"line":67,"column":0},"end":{"line":67,"column":53}},"46":{"start":{"line":68,"column":0},"end":{"line":68,"column":68}},"47":{"start":{"line":70,"column":0},"end":{"line":72,"column":2}},"48":{"start":{"line":71,"column":4},"end":{"line":71,"column":25}},"49":{"start":{"line":74,"column":0},"end":{"line":74,"column":24}}},"fnMap":{"0":{"name":"(anonymous_0)","decl":{"start":{"line":70,"column":11},"end":{"line":70,"column":12}},"loc":{"start":{"line":70,"column":25},"end":{"line":72,"column":1}},"line":70}},"branchMap":{},"s":{"0":1,"1":1,"2":1,"3":1,"4":1,"5":1,"6":1,"7":1,"8":1,"9":1,"10":1,"11":1,"12":1,"13":1,"14":1,"15":1,"16":1,"17":1,"18":1,"19":1,"20":1,"21":1,"22":1,"23":1,"24":1,"25":1,"26":1,"27":1,"28":1,"29":1,"30":1,"31":1,"32":1,"33":1,"34":1,"35":1,"36":1,"37":1,"38":1,"39":1,"40":1,"41":1,"42":1,"43":1,"44":1,"45":1,"46":1,"47":1,"48":0,"49":1},"f":{"0":0},"b":{},"_coverageSchema":"1a1c01bbd47fc00a2c39e90264f33305004495a9","hash":"df05153ef9f14319b26feaeadf442ba972a4e5a7"}
}
