TN:
SF:app.js
FN:21,(anonymous_0)
FN:24,(anonymous_1)
FN:27,(anonymous_2)
FN:30,(anonymous_3)
FN:33,(anonymous_4)
FN:50,(anonymous_5)
FN:53,(anonymous_6)
FN:58,(anonymous_7)
FN:61,(anonymous_8)
FN:64,(anonymous_9)
FN:67,(anonymous_10)
FNF:11
FNH:0
FNDA:0,(anonymous_0)
FNDA:0,(anonymous_1)
FNDA:0,(anonymous_2)
FNDA:0,(anonymous_3)
FNDA:0,(anonymous_4)
FNDA:0,(anonymous_5)
FNDA:0,(anonymous_6)
FNDA:0,(anonymous_7)
FNDA:0,(anonymous_8)
FNDA:0,(anonymous_9)
FNDA:0,(anonymous_10)
DA:1,1
DA:2,1
DA:4,1
DA:5,1
DA:6,1
DA:7,1
DA:8,1
DA:9,1
DA:10,1
DA:12,1
DA:15,1
DA:16,1
DA:17,1
DA:18,1
DA:19,1
DA:22,0
DA:25,0
DA:28,0
DA:31,0
DA:34,0
DA:35,0
DA:36,0
DA:37,0
DA:38,0
DA:39,0
DA:40,0
DA:43,0
DA:44,0
DA:47,0
DA:51,0
DA:54,0
DA:55,0
DA:56,0
DA:59,0
DA:62,0
DA:65,0
DA:68,0
DA:72,1
DA:73,1
DA:75,1
DA:77,1
LF:41
LH:19
BRDA:38,0,0,0
BRDA:38,0,1,0
BRDA:43,1,0,0
BRDA:43,1,1,0
BRDA:51,2,0,0
BRDA:51,2,1,0
BRF:6
BRH:0
end_of_record
TN:
SF:server/config/db.js
FN:16,(anonymous_0)
FN:22,(anonymous_1)
FN:29,(anonymous_2)
FN:51,(anonymous_3)
FN:66,(anonymous_4)
FN:73,(anonymous_5)
FN:83,(anonymous_6)
FN:93,(anonymous_7)
FN:102,(anonymous_8)
FN:111,(anonymous_9)
FN:119,(anonymous_10)
FN:127,(anonymous_11)
FN:131,(anonymous_12)
FNF:13
FNH:5
FNDA:0,(anonymous_0)
FNDA:1,(anonymous_1)
FNDA:1,(anonymous_2)
FNDA:44,(anonymous_3)
FNDA:0,(anonymous_4)
FNDA:0,(anonymous_5)
FNDA:68,(anonymous_6)
FNDA:3,(anonymous_7)
FNDA:0,(anonymous_8)
FNDA:0,(anonymous_9)
FNDA:0,(anonymous_10)
FNDA:0,(anonymous_11)
FNDA:0,(anonymous_12)
DA:1,1
DA:5,1
DA:10,1
DA:17,0
DA:18,0
DA:19,0
DA:20,0
DA:23,1
DA:24,1
DA:25,1
DA:26,1
DA:32,1
DA:33,1
DA:34,9
DA:35,9
DA:36,9
DA:40,0
DA:44,0
DA:45,0
DA:47,0
DA:53,44
DA:54,44
DA:55,396
DA:56,352
DA:57,352
DA:67,0
DA:74,0
DA:84,68
DA:94,3
DA:103,0
DA:112,0
DA:120,0
DA:128,0
DA:132,0
DA:141,1
LF:35
LH:20
BRDA:40,0,0,0
BRDA:40,0,1,0
BRDA:44,1,0,0
BRDA:44,1,1,0
BRDA:55,2,0,352
BRDA:55,2,1,44
BRF:6
BRH:2
end_of_record
TN:
SF:server/config/gfs.js
FN:5,(anonymous_0)
FN:8,(anonymous_1)
FN:25,(anonymous_2)
FN:29,(anonymous_3)
FN:32,(anonymous_4)
FN:41,(anonymous_5)
FN:45,(anonymous_6)
FNF:7
FNH:6
FNDA:1,(anonymous_0)
FNDA:1,(anonymous_1)
FNDA:22,(anonymous_2)
FNDA:32,(anonymous_3)
FNDA:44,(anonymous_4)
FNDA:1,(anonymous_5)
FNDA:0,(anonymous_6)
DA:1,1
DA:2,1
DA:4,1
DA:8,1
DA:11,1
DA:15,1
DA:16,1
DA:17,1
DA:26,22
DA:30,32
DA:33,44
DA:34,44
DA:35,44
DA:36,21
DA:37,21
DA:42,1
DA:46,0
DA:50,1
LF:18
LH:17
BRF:0
BRH:0
end_of_record
TN:
SF:server/controller/admin_controller.js
FN:8,(anonymous_0)
FN:16,(anonymous_1)
FN:20,(anonymous_2)
FN:44,(anonymous_3)
FN:63,(anonymous_4)
FN:66,(anonymous_5)
FNF:6
FNH:3
FNDA:2,(anonymous_0)
FNDA:0,(anonymous_1)
FNDA:5,(anonymous_2)
FNDA:64,(anonymous_3)
FNDA:0,(anonymous_4)
FNDA:0,(anonymous_5)
DA:1,1
DA:2,1
DA:3,1
DA:4,1
DA:5,1
DA:7,1
DA:9,2
DA:10,2
DA:11,1
DA:12,1
DA:13,1
DA:17,0
DA:18,0
DA:21,5
DA:22,5
DA:23,5
DA:24,0
DA:26,5
DA:27,5
DA:28,2
DA:30,3
DA:31,3
DA:32,3
DA:33,1
DA:35,2
DA:36,2
DA:39,2
DA:45,64
DA:46,45
DA:47,45
DA:48,45
DA:49,45
DA:50,0
DA:51,0
DA:52,0
DA:55,45
DA:56,45
DA:59,19
DA:60,19
DA:64,0
DA:68,0
DA:70,0
DA:72,0
DA:73,0
DA:74,0
DA:76,0
DA:77,0
DA:78,0
DA:80,0
DA:82,0
DA:89,0
DA:90,0
DA:92,0
DA:93,0
DA:95,0
DA:96,0
DA:98,0
DA:105,0
DA:106,0
DA:108,0
DA:109,0
DA:112,0
DA:119,0
DA:120,0
DA:122,0
DA:123,0
DA:125,0
DA:126,0
DA:129,0
DA:130,0
DA:132,0
DA:134,0
DA:135,0
DA:140,1
LF:74
LH:34
BRDA:10,0,0,1
BRDA:10,0,1,1
BRDA:23,1,0,0
BRDA:23,1,1,5
BRDA:23,2,0,5
BRDA:23,2,1,5
BRDA:27,3,0,2
BRDA:27,3,1,3
BRDA:32,4,0,1
BRDA:32,4,1,2
BRDA:45,5,0,45
BRDA:45,5,1,19
BRDA:49,6,0,0
BRDA:49,6,1,45
BRDA:68,7,0,0
BRDA:68,7,1,0
BRDA:68,7,2,0
BRDA:68,7,3,0
BRDA:68,7,4,0
BRDA:68,7,5,0
BRDA:70,8,0,0
BRDA:70,8,1,0
BRDA:82,9,0,0
BRDA:82,9,1,0
BRDA:82,9,2,0
BRDA:82,9,3,0
BRDA:82,9,4,0
BRDA:82,9,5,0
BRDA:82,9,6,0
BRDA:98,10,0,0
BRDA:98,10,1,0
BRDA:98,10,2,0
BRDA:98,10,3,0
BRDA:98,10,4,0
BRDA:98,10,5,0
BRDA:98,10,6,0
BRDA:112,11,0,0
BRDA:112,11,1,0
BRDA:112,11,2,0
BRDA:112,11,3,0
BRDA:112,11,4,0
BRDA:112,11,5,0
BRDA:112,11,6,0
BRDA:112,11,7,0
BRDA:129,12,0,0
BRDA:129,12,1,0
BRF:46
BRH:12
end_of_record
TN:
SF:server/controller/donation_controller.js
FN:8,(anonymous_0)
FN:12,(anonymous_1)
FN:16,(anonymous_2)
FN:62,(anonymous_3)
FN:87,(anonymous_4)
FN:117,(anonymous_5)
FN:118,(anonymous_6)
FN:119,(anonymous_7)
FN:122,(anonymous_8)
FN:146,(anonymous_9)
FN:157,(anonymous_10)
FN:161,(anonymous_11)
FN:165,(anonymous_12)
FNF:13
FNH:0
FNDA:0,(anonymous_0)
FNDA:0,(anonymous_1)
FNDA:0,(anonymous_2)
FNDA:0,(anonymous_3)
FNDA:0,(anonymous_4)
FNDA:0,(anonymous_5)
FNDA:0,(anonymous_6)
FNDA:0,(anonymous_7)
FNDA:0,(anonymous_8)
FNDA:0,(anonymous_9)
FNDA:0,(anonymous_10)
FNDA:0,(anonymous_11)
FNDA:0,(anonymous_12)
DA:1,1
DA:2,1
DA:3,1
DA:4,1
DA:6,1
DA:9,0
DA:13,0
DA:17,0
DA:18,0
DA:19,0
DA:20,0
DA:22,0
DA:23,0
DA:25,0
DA:26,0
DA:27,0
DA:28,0
DA:30,0
DA:32,0
DA:33,0
DA:34,0
DA:35,0
DA:36,0
DA:39,0
DA:44,0
DA:45,0
DA:46,0
DA:47,0
DA:48,0
DA:49,0
DA:51,0
DA:52,0
DA:55,0
DA:56,0
DA:63,0
DA:64,0
DA:65,0
DA:66,0
DA:67,0
DA:68,0
DA:70,0
DA:71,0
DA:75,0
DA:76,0
DA:82,0
DA:83,0
DA:88,0
DA:92,0
DA:93,0
DA:116,0
DA:117,0
DA:118,0
DA:119,0
DA:126,0
DA:127,0
DA:128,0
DA:129,0
DA:130,0
DA:131,0
DA:132,0
DA:134,0
DA:135,0
DA:136,0
DA:138,0
DA:139,0
DA:142,0
DA:147,0
DA:148,0
DA:149,0
DA:150,0
DA:151,0
DA:153,0
DA:158,0
DA:162,0
DA:166,0
DA:167,0
DA:171,1
LF:77
LH:6
BRDA:19,0,0,0
BRDA:19,0,1,0
BRDA:19,1,0,0
BRDA:19,1,1,0
BRDA:27,2,0,0
BRDA:27,2,1,0
BRDA:32,3,0,0
BRDA:32,3,1,0
BRDA:35,4,0,0
BRDA:35,4,1,0
BRDA:44,5,0,0
BRDA:44,5,1,0
BRDA:47,6,0,0
BRDA:47,6,1,0
BRDA:66,7,0,0
BRDA:66,7,1,0
BRDA:66,8,0,0
BRDA:66,8,1,0
BRDA:70,9,0,0
BRDA:70,9,1,0
BRDA:75,10,0,0
BRDA:75,10,1,0
BRDA:134,11,0,0
BRDA:134,11,1,0
BRDA:149,12,0,0
BRDA:149,12,1,0
BRF:26
BRH:0
end_of_record
TN:
SF:server/controller/image_controller.js
FN:5,(anonymous_0)
FN:29,(anonymous_1)
FN:50,(anonymous_2)
FNF:3
FNH:3
FNDA:11,(anonymous_0)
FNDA:7,(anonymous_1)
FNDA:2,(anonymous_2)
DA:1,1
DA:3,1
DA:6,11
DA:8,11
DA:10,11
DA:11,11
DA:12,11
DA:16,0
DA:19,0
DA:20,0
DA:22,0
DA:23,0
DA:30,7
DA:31,7
DA:32,7
DA:34,7
DA:35,0
DA:38,7
DA:39,7
DA:40,7
DA:41,0
DA:43,7
DA:46,0
DA:47,0
DA:51,2
DA:52,2
DA:53,4
DA:54,4
DA:55,0
DA:57,4
DA:60,2
DA:62,2
DA:63,0
DA:65,2
DA:69,0
DA:70,0
DA:75,1
LF:37
LH:24
BRDA:11,0,0,11
BRDA:11,0,1,0
BRDA:34,1,0,0
BRDA:34,1,1,7
BRDA:40,2,0,0
BRDA:40,2,1,7
BRDA:54,3,0,0
BRDA:54,3,1,4
BRDA:62,4,0,0
BRDA:62,4,1,2
BRF:10
BRH:5
end_of_record
TN:
SF:server/controller/information_controller.js
FN:5,(anonymous_0)
FN:13,(anonymous_1)
FN:16,(anonymous_2)
FN:25,(anonymous_3)
FN:89,(anonymous_4)
FN:104,(anonymous_5)
FNF:6
FNH:0
FNDA:0,(anonymous_0)
FNDA:0,(anonymous_1)
FNDA:0,(anonymous_2)
FNDA:0,(anonymous_3)
FNDA:0,(anonymous_4)
FNDA:0,(anonymous_5)
DA:1,1
DA:2,1
DA:4,1
DA:6,0
DA:14,0
DA:17,0
DA:26,0
DA:27,0
DA:28,0
DA:29,0
DA:31,0
DA:32,0
DA:33,0
DA:37,0
DA:38,0
DA:39,0
DA:41,0
DA:42,0
DA:43,0
DA:45,0
DA:47,0
DA:48,0
DA:50,0
DA:52,0
DA:53,0
DA:55,0
DA:57,0
DA:58,0
DA:60,0
DA:62,0
DA:63,0
DA:64,0
DA:66,0
DA:68,0
DA:69,0
DA:71,0
DA:73,0
DA:74,0
DA:76,0
DA:78,0
DA:79,0
DA:81,0
DA:84,0
DA:90,0
DA:92,0
DA:96,0
DA:97,0
DA:99,0
DA:100,0
DA:102,0
DA:105,0
DA:106,0
DA:107,0
DA:108,0
DA:109,0
DA:111,0
DA:112,0
DA:113,0
DA:114,0
DA:115,0
DA:118,0
DA:119,0
DA:120,0
DA:121,0
DA:124,0
DA:125,0
DA:132,1
LF:67
LH:4
BRDA:37,0,0,0
BRDA:37,0,1,0
BRDA:37,1,0,0
BRDA:37,1,1,0
BRDA:37,1,2,0
BRDA:41,2,0,0
BRDA:41,2,1,0
BRDA:41,3,0,0
BRDA:41,3,1,0
BRDA:42,4,0,0
BRDA:42,4,1,0
BRDA:47,5,0,0
BRDA:47,5,1,0
BRDA:52,6,0,0
BRDA:52,6,1,0
BRDA:57,7,0,0
BRDA:57,7,1,0
BRDA:62,8,0,0
BRDA:62,8,1,0
BRDA:63,9,0,0
BRDA:63,9,1,0
BRDA:68,10,0,0
BRDA:68,10,1,0
BRDA:73,11,0,0
BRDA:73,11,1,0
BRDA:78,12,0,0
BRDA:78,12,1,0
BRDA:92,13,0,0
BRDA:92,13,1,0
BRDA:92,13,2,0
BRDA:92,13,3,0
BRDA:107,14,0,0
BRDA:107,14,1,0
BRDA:111,15,0,0
BRDA:111,15,1,0
BRDA:118,16,0,0
BRDA:118,16,1,0
BRDA:124,17,0,0
BRDA:124,17,1,0
BRF:39
BRH:0
end_of_record
TN:
SF:server/controller/request_controller.js
FN:12,(anonymous_0)
FN:39,(anonymous_1)
FN:66,(anonymous_2)
FN:85,(anonymous_3)
FN:102,(anonymous_4)
FN:130,(anonymous_5)
FN:170,(anonymous_6)
FN:186,(anonymous_7)
FNF:8
FNH:6
FNDA:42,(anonymous_0)
FNDA:0,(anonymous_1)
FNDA:30,(anonymous_2)
FNDA:10,(anonymous_3)
FNDA:6,(anonymous_4)
FNDA:1,(anonymous_5)
FNDA:0,(anonymous_6)
FNDA:6,(anonymous_7)
DA:1,1
DA:2,1
DA:3,1
DA:4,1
DA:5,1
DA:6,1
DA:7,1
DA:8,1
DA:9,1
DA:11,1
DA:14,42
DA:16,7
DA:17,7
DA:19,7
DA:20,7
DA:22,7
DA:23,7
DA:25,7
DA:26,7
DA:28,9
DA:29,9
DA:31,5
DA:32,5
DA:34,0
DA:36,42
DA:40,0
DA:41,0
DA:42,0
DA:43,0
DA:44,0
DA:45,0
DA:47,0
DA:48,0
DA:49,0
DA:50,0
DA:51,0
DA:54,0
DA:55,0
DA:56,0
DA:58,0
DA:59,0
DA:62,0
DA:63,0
DA:67,30
DA:68,30
DA:69,30
DA:70,0
DA:71,0
DA:72,0
DA:75,30
DA:76,30
DA:77,30
DA:81,15
DA:82,15
DA:84,5
DA:85,5
DA:86,10
DA:88,5
DA:89,5
DA:92,30
DA:94,30
DA:95,0
DA:96,0
DA:98,30
DA:99,30
DA:103,6
DA:104,6
DA:105,6
DA:106,0
DA:107,0
DA:108,0
DA:110,6
DA:111,6
DA:112,6
DA:113,0
DA:114,0
DA:117,6
DA:118,6
DA:122,3
DA:123,3
DA:124,3
DA:125,3
DA:127,1
DA:128,1
DA:129,1
DA:130,1
DA:131,1
DA:133,1
DA:135,1
DA:137,6
DA:138,6
DA:140,6
DA:142,6
DA:143,0
DA:144,0
DA:146,6
DA:147,1
DA:148,1
DA:149,1
DA:150,1
DA:152,0
DA:153,0
DA:156,5
DA:157,3
DA:158,3
DA:161,2
DA:166,0
DA:167,0
DA:171,0
DA:172,0
DA:173,0
DA:174,0
DA:175,0
DA:176,0
DA:178,0
DA:181,0
DA:182,0
DA:187,6
DA:188,6
DA:189,6
DA:190,0
DA:191,0
DA:192,0
DA:194,6
DA:195,6
DA:196,6
DA:197,0
DA:198,0
DA:201,6
DA:205,3
DA:206,3
DA:208,1
DA:209,1
DA:211,6
DA:212,6
DA:213,0
DA:214,0
DA:217,6
DA:222,4
DA:223,4
DA:225,2
DA:226,2
DA:227,2
DA:232,0
DA:233,0
DA:238,1
LF:146
LH:93
BRDA:14,0,0,7
BRDA:14,0,1,7
BRDA:14,0,2,7
BRDA:14,0,3,7
BRDA:14,0,4,9
BRDA:14,0,5,5
BRDA:14,0,6,0
BRDA:42,1,0,0
BRDA:42,1,1,0
BRDA:47,2,0,0
BRDA:47,2,1,0
BRDA:49,3,0,0
BRDA:49,3,1,0
BRDA:54,4,0,0
BRDA:54,4,1,0
BRDA:69,5,0,0
BRDA:69,5,1,30
BRDA:77,6,0,5
BRDA:77,6,1,10
BRDA:77,6,2,15
BRDA:77,6,3,5
BRDA:94,7,0,0
BRDA:94,7,1,30
BRDA:105,8,0,0
BRDA:105,8,1,6
BRDA:110,9,0,6
BRDA:110,9,1,0
BRDA:112,10,0,0
BRDA:112,10,1,6
BRDA:118,11,0,1
BRDA:118,11,1,2
BRDA:118,11,2,3
BRDA:118,11,3,1
BRDA:123,12,0,3
BRDA:123,12,1,0
BRDA:128,13,0,1
BRDA:128,13,1,0
BRDA:142,14,0,0
BRDA:142,14,1,6
BRDA:146,15,0,1
BRDA:146,15,1,5
BRDA:147,16,0,1
BRDA:147,16,1,0
BRDA:156,17,0,3
BRDA:156,17,1,2
BRDA:171,18,0,0
BRDA:171,18,1,0
BRDA:174,19,0,0
BRDA:174,19,1,0
BRDA:189,20,0,0
BRDA:189,20,1,6
BRDA:194,21,0,6
BRDA:194,21,1,0
BRDA:196,22,0,0
BRDA:196,22,1,6
BRDA:201,23,0,1
BRDA:201,23,1,2
BRDA:201,23,2,3
BRDA:201,23,3,1
BRDA:212,24,0,0
BRDA:212,24,1,6
BRDA:217,25,0,1
BRDA:217,25,1,2
BRDA:217,25,2,3
BRDA:217,25,3,4
BRDA:217,25,4,2
BRF:66
BRH:40
end_of_record
TN:
SF:server/controller/singleton_controller.js
FN:4,(anonymous_0)
FN:8,(anonymous_1)
FN:19,(anonymous_2)
FN:41,(anonymous_3)
FN:50,(anonymous_4)
FN:59,(anonymous_5)
FN:68,(anonymous_6)
FN:79,(anonymous_7)
FNF:8
FNH:3
FNDA:5,(anonymous_0)
FNDA:0,(anonymous_1)
FNDA:3,(anonymous_2)
FNDA:8,(anonymous_3)
FNDA:0,(anonymous_4)
FNDA:0,(anonymous_5)
FNDA:0,(anonymous_6)
FNDA:0,(anonymous_7)
DA:1,1
DA:3,1
DA:5,5
DA:6,5
DA:9,0
DA:10,0
DA:11,0
DA:12,0
DA:13,0
DA:15,0
DA:16,0
DA:20,3
DA:21,3
DA:23,3
DA:24,3
DA:25,3
DA:27,3
DA:28,3
DA:29,0
DA:30,0
DA:32,3
DA:33,1
DA:36,2
DA:37,2
DA:42,8
DA:43,8
DA:44,3
DA:45,3
DA:48,5
DA:51,0
DA:52,0
DA:53,0
DA:54,0
DA:57,0
DA:60,0
DA:61,0
DA:62,0
DA:63,0
DA:66,0
DA:69,0
DA:70,0
DA:71,0
DA:72,0
DA:73,0
DA:76,0
DA:80,0
DA:81,0
DA:83,0
DA:85,0
DA:86,0
DA:87,0
DA:89,0
DA:94,1
LF:53
LH:21
BRDA:5,0,0,5
BRDA:5,0,1,0
BRDA:11,1,0,0
BRDA:11,1,1,0
BRDA:24,2,0,3
BRDA:24,2,1,0
BRDA:28,3,0,0
BRDA:28,3,1,3
BRDA:32,4,0,1
BRDA:32,4,1,2
BRDA:32,5,0,3
BRDA:32,5,1,3
BRDA:43,6,0,3
BRDA:43,6,1,5
BRDA:52,7,0,0
BRDA:52,7,1,0
BRDA:61,8,0,0
BRDA:61,8,1,0
BRDA:70,9,0,0
BRDA:70,9,1,0
BRDA:85,10,0,0
BRDA:85,10,1,0
BRF:22
BRH:9
end_of_record
TN:
SF:server/controller/utility_controller.js
FN:12,(anonymous_0)
FN:38,(anonymous_1)
FN:54,(anonymous_2)
FN:62,(anonymous_3)
FN:75,(anonymous_4)
FN:81,(anonymous_5)
FN:87,(anonymous_6)
FN:97,(anonymous_7)
FN:103,(anonymous_8)
FN:110,(anonymous_9)
FN:117,(anonymous_10)
FNF:11
FNH:0
FNDA:0,(anonymous_0)
FNDA:0,(anonymous_1)
FNDA:0,(anonymous_2)
FNDA:0,(anonymous_3)
FNDA:0,(anonymous_4)
FNDA:0,(anonymous_5)
FNDA:0,(anonymous_6)
FNDA:0,(anonymous_7)
FNDA:0,(anonymous_8)
FNDA:0,(anonymous_9)
FNDA:0,(anonymous_10)
DA:1,1
DA:2,1
DA:3,1
DA:4,1
DA:5,1
DA:6,1
DA:7,1
DA:8,1
DA:9,1
DA:11,1
DA:14,0
DA:16,0
DA:17,0
DA:19,0
DA:20,0
DA:22,0
DA:23,0
DA:25,0
DA:26,0
DA:28,0
DA:29,0
DA:31,0
DA:32,0
DA:34,0
DA:36,0
DA:39,0
DA:40,0
DA:41,0
DA:43,0
DA:44,0
DA:45,0
DA:46,0
DA:47,0
DA:49,0
DA:51,0
DA:55,0
DA:56,0
DA:57,0
DA:59,0
DA:60,0
DA:63,0
DA:64,0
DA:65,0
DA:68,0
DA:69,0
DA:71,0
DA:73,0
DA:74,0
DA:75,0
DA:76,0
DA:77,0
DA:80,0
DA:81,0
DA:82,0
DA:85,0
DA:88,0
DA:89,0
DA:90,0
DA:92,0
DA:93,0
DA:94,0
DA:95,0
DA:96,0
DA:97,0
DA:98,0
DA:99,0
DA:102,0
DA:103,0
DA:104,0
DA:105,0
DA:108,0
DA:111,0
DA:112,0
DA:113,0
DA:115,0
DA:116,0
DA:117,0
DA:118,0
DA:121,0
DA:125,1
LF:80
LH:11
BRDA:14,0,0,0
BRDA:14,0,1,0
BRDA:14,0,2,0
BRDA:14,0,3,0
BRDA:14,0,4,0
BRDA:14,0,5,0
BRDA:14,0,6,0
BRDA:40,1,0,0
BRDA:40,1,1,0
BRDA:43,2,0,0
BRDA:43,2,1,0
BRDA:45,3,0,0
BRDA:45,3,1,0
BRDA:56,4,0,0
BRDA:56,4,1,0
BRDA:64,5,0,0
BRDA:64,5,1,0
BRDA:68,6,0,0
BRDA:68,6,1,0
BRDA:73,7,0,0
BRDA:73,7,1,0
BRDA:76,8,0,0
BRDA:76,8,1,0
BRDA:80,9,0,0
BRDA:80,9,1,0
BRDA:89,10,0,0
BRDA:89,10,1,0
BRDA:92,11,0,0
BRDA:92,11,1,0
BRDA:95,12,0,0
BRDA:95,12,1,0
BRDA:98,13,0,0
BRDA:98,13,1,0
BRDA:102,14,0,0
BRDA:102,14,1,0
BRDA:112,15,0,0
BRDA:112,15,1,0
BRDA:116,16,0,0
BRDA:116,16,1,0
BRF:39
BRH:0
end_of_record
TN:
SF:server/controller/middleware/file_upload.js
FN:10,(anonymous_0)
FN:11,(anonymous_1)
FN:24,(anonymous_2)
FN:48,(anonymous_3)
FNF:4
FNH:4
FNDA:32,(anonymous_0)
FNDA:32,(anonymous_1)
FNDA:32,(anonymous_2)
FNDA:32,(anonymous_3)
DA:2,1
DA:3,1
DA:4,1
DA:7,1
DA:11,32
DA:12,32
DA:13,32
DA:20,32
DA:24,1
DA:26,32
DA:27,32
DA:30,32
DA:32,32
DA:34,32
DA:35,32
DA:37,0
DA:40,0
DA:45,1
DA:49,32
DA:53,1
LF:20
LH:18
BRDA:26,0,0,32
BRDA:26,0,1,0
BRDA:34,1,0,32
BRDA:34,1,1,0
BRDA:34,2,0,32
BRDA:34,2,1,32
BRF:6
BRH:4
end_of_record
TN:
SF:server/models/admin.js
FNF:0
FNH:0
DA:1,1
DA:3,1
DA:4,1
DA:16,1
LF:4
LH:4
BRF:0
BRH:0
end_of_record
TN:
SF:server/models/child.js
FNF:0
FNH:0
DA:1,1
DA:3,1
DA:4,1
DA:33,1
LF:4
LH:4
BRF:0
BRH:0
end_of_record
TN:
SF:server/models/donation.js
FNF:0
FNH:0
DA:1,1
DA:3,1
DA:4,1
DA:11,1
LF:4
LH:4
BRF:0
BRH:0
end_of_record
TN:
SF:server/models/event.js
FNF:0
FNH:0
DA:1,1
DA:3,1
DA:4,1
DA:37,1
LF:4
LH:4
BRF:0
BRH:0
end_of_record
TN:
SF:server/models/newsletter.js
FN:21,(anonymous_0)
FNF:1
FNH:1
FNDA:5,(anonymous_0)
DA:1,1
DA:3,1
DA:4,1
DA:21,5
DA:25,1
LF:5
LH:5
BRDA:21,0,0,5
BRDA:21,0,1,5
BRF:2
BRH:2
end_of_record
TN:
SF:server/models/project.js
FNF:0
FNH:0
DA:1,1
DA:3,1
DA:4,1
DA:41,1
LF:4
LH:4
BRF:0
BRH:0
end_of_record
TN:
SF:server/models/singleton.js
FNF:0
FNH:0
DA:1,1
DA:3,1
DA:4,1
DA:113,1
LF:4
LH:4
BRF:0
BRH:0
end_of_record
TN:
SF:server/models/staff.js
FNF:0
FNH:0
DA:1,1
DA:3,1
DA:4,1
DA:15,1
LF:4
LH:4
BRF:0
BRH:0
end_of_record
TN:
SF:server/models/trustee.js
FNF:0
FNH:0
DA:1,1
DA:3,1
DA:4,1
DA:15,1
LF:4
LH:4
BRF:0
BRH:0
end_of_record
TN:
SF:server/routes/main.js
FN:70,(anonymous_0)
FNF:1
FNH:0
FNDA:0,(anonymous_0)
DA:1,1
DA:2,1
DA:3,1
DA:4,1
DA:5,1
DA:6,1
DA:7,1
DA:8,1
DA:9,1
DA:21,1
DA:22,1
DA:24,1
DA:25,1
DA:27,1
DA:28,1
DA:29,1
DA:30,1
DA:31,1
DA:32,1
DA:34,1
DA:35,1
DA:36,1
DA:37,1
DA:38,1
DA:39,1
DA:40,1
DA:41,1
DA:42,1
DA:44,1
DA:45,1
DA:46,1
DA:48,1
DA:49,1
DA:50,1
DA:51,1
DA:53,1
DA:55,1
DA:56,1
DA:57,1
DA:59,1
DA:60,1
DA:61,1
DA:63,1
DA:64,1
DA:65,1
DA:67,1
DA:68,1
DA:70,1
DA:71,0
DA:74,1
LF:50
LH:49
BRF:0
BRH:0
end_of_record
